<?xml version="1.0" encoding="UTF-8"?>
<robot generator="Robot 7.4.2 (Python 3.14.3 on linux)" generated="2026-04-24T13:02:55.191359" rpa="false" schemaversion="5">
<suite id="s1" name="dataTransferTest" source="/home/mike/Desktop/Studia/Nokia/SimpleEPCSimulator/BeginDataTransfer/dataTransferTest.robot">
<kw name="Clean Environment" type="SETUP">
<kw name="Create Session" owner="RequestsLibrary">
<msg time="2026-04-24T13:02:55.359355" level="INFO">Creating Session using : alias=connectSession, url=http://localhost:8000, headers={},                     cookies={}, auth=None, timeout=None, proxies=None, verify=False,                     debug=0 </msg>
<arg>connectSession</arg>
<arg>${BASE_URL}</arg>
<doc>Create Session: create a HTTP session to a server</doc>
<status status="PASS" start="2026-04-24T13:02:55.359192" elapsed="0.000342"/>
</kw>
<kw name="POST On Session" owner="RequestsLibrary">
<msg time="2026-04-24T13:02:55.365234" level="INFO">POST Request : url=http://localhost:8000/reset 
 path_url=/reset 
 headers={'User-Agent': 'python-requests/2.32.5', 'Accept-Encoding': 'gzip, deflate, zstd', 'Accept': '*/*', 'Connection': 'keep-alive', 'Content-Length': '0'} 
 body=None 
 </msg>
<msg time="2026-04-24T13:02:55.365337" level="INFO">POST Response : url=http://localhost:8000/reset 
 status=200, reason=OK 
 headers={'date': 'Fri, 24 Apr 2026 11:02:54 GMT', 'server': 'uvicorn', 'content-length': '18', 'content-type': 'application/json'} 
 body={"status":"reset"} 
 </msg>
<msg time="2026-04-24T13:02:55.365455" level="INFO">${RESPONSE} = &lt;Response [200]&gt;</msg>
<var>${RESPONSE}</var>
<arg>connectSession</arg>
<arg>/reset</arg>
<doc>Sends a POST request on a previously created HTTP Session.</doc>
<status status="PASS" start="2026-04-24T13:02:55.359675" elapsed="0.005807"/>
</kw>
<doc>Reset everything, just in case of an error</doc>
<status status="PASS" start="2026-04-24T13:02:55.358610" elapsed="0.006953"/>
</kw>
<test id="s1-t1" name="TC 01 - TCP Transfer at Minimum Speed (1 bps)" line="14">
<kw name="Prepare Test Environment" owner="SetupTeardown" type="SETUP">
<kw name="Attach UE7 To Network" owner="SetupTeardown" source_name="Attach UE${UeId} To Network">
<kw name="Create Session" owner="RequestsLibrary">
<msg time="2026-04-24T13:02:55.366870" level="INFO">Creating Session using : alias=connectSession, url=http://localhost:8000, headers={},                     cookies={}, auth=None, timeout=None, proxies=None, verify=False,                     debug=0 </msg>
<arg>connectSession</arg>
<arg>${BASE_URL}</arg>
<doc>Create Session: create a HTTP session to a server</doc>
<status status="PASS" start="2026-04-24T13:02:55.366748" elapsed="0.000326"/>
</kw>
<kw name="Create Dictionary" owner="BuiltIn">
<msg time="2026-04-24T13:02:55.367641" level="INFO">${BODY} = {'ue_id': '7'}</msg>
<var>${BODY}</var>
<arg>ue_id=${UeId}</arg>
<doc>Creates and returns a dictionary based on the given ``items``.</doc>
<status status="PASS" start="2026-04-24T13:02:55.367197" elapsed="0.000468"/>
</kw>
<kw name="POST On Session" owner="RequestsLibrary">
<msg time="2026-04-24T13:02:55.672428" level="INFO">POST Request : url=http://localhost:8000/ues 
 path_url=/ues 
 headers={'User-Agent': 'python-requests/2.32.5', 'Accept-Encoding': 'gzip, deflate, zstd', 'Accept': '*/*', 'Connection': 'keep-alive', 'Content-Length': '14', 'Content-Type': 'application/json'} 
 body=b'{"ue_id": "7"}' 
 </msg>
<msg time="2026-04-24T13:02:55.672519" level="INFO">POST Response : url=http://localhost:8000/ues 
 status=200, reason=OK 
 headers={'date': 'Fri, 24 Apr 2026 11:02:54 GMT', 'server': 'uvicorn', 'content-length': '31', 'content-type': 'application/json'} 
 body={"status":"attached","ue_id":7} 
 </msg>
<msg time="2026-04-24T13:02:55.672663" level="INFO">${RESPONSE} = &lt;Response [200]&gt;</msg>
<var>${RESPONSE}</var>
<arg>connectSession</arg>
<arg>/ues</arg>
<arg>json=${BODY}</arg>
<doc>Sends a POST request on a previously created HTTP Session.</doc>
<status status="PASS" start="2026-04-24T13:02:55.367777" elapsed="0.304922"/>
</kw>
<kw name="Set Test Variable" owner="BuiltIn">
<msg time="2026-04-24T13:02:55.673380" level="INFO">${UE_ID} = 7</msg>
<arg>${UE_ID}</arg>
<arg>${UeId}</arg>
<doc>Makes a variable available everywhere within the scope of the current test.</doc>
<status status="PASS" start="2026-04-24T13:02:55.672972" elapsed="0.000454"/>
</kw>
<return>
<value>${RESPONSE}</value>
<status status="PASS" start="2026-04-24T13:02:55.673480" elapsed="0.000044"/>
</return>
<doc>Attach UE with id UeId to the network.</doc>
<status status="PASS" start="2026-04-24T13:02:55.366511" elapsed="0.307119"/>
</kw>
<kw name="Attach Bearer3 To UE7" owner="SetupTeardown" source_name="Attach Bearer${BearerId} To UE${UeId}">
<kw name="Create Session" owner="RequestsLibrary">
<msg time="2026-04-24T13:02:55.674275" level="INFO">Creating Session using : alias=connectSession, url=http://localhost:8000, headers={},                     cookies={}, auth=None, timeout=None, proxies=None, verify=False,                     debug=0 </msg>
<arg>connectSession</arg>
<arg>${BASE_URL}</arg>
<doc>Create Session: create a HTTP session to a server</doc>
<status status="PASS" start="2026-04-24T13:02:55.674156" elapsed="0.000234"/>
</kw>
<kw name="Create Dictionary" owner="BuiltIn">
<msg time="2026-04-24T13:02:55.674839" level="INFO">${BODY} = {'bearer_id': '3'}</msg>
<var>${BODY}</var>
<arg>bearer_id=${BearerId}</arg>
<doc>Creates and returns a dictionary based on the given ``items``.</doc>
<status status="PASS" start="2026-04-24T13:02:55.674515" elapsed="0.000349"/>
</kw>
<kw name="POST On Session" owner="RequestsLibrary">
<msg time="2026-04-24T13:02:55.921439" level="INFO">POST Request : url=http://localhost:8000/ues/7/bearers 
 path_url=/ues/7/bearers 
 headers={'User-Agent': 'python-requests/2.32.5', 'Accept-Encoding': 'gzip, deflate, zstd', 'Accept': '*/*', 'Connection': 'keep-alive', 'Content-Length': '18', 'Content-Type': 'application/json'} 
 body=b'{"bearer_id": "3"}' 
 </msg>
<msg time="2026-04-24T13:02:55.921504" level="INFO">POST Response : url=http://localhost:8000/ues/7/bearers 
 status=200, reason=OK 
 headers={'date': 'Fri, 24 Apr 2026 11:02:55 GMT', 'server': 'uvicorn', 'content-length': '49', 'content-type': 'application/json'} 
 body={"status":"bearer_added","ue_id":7,"bearer_id":3} 
 </msg>
<msg time="2026-04-24T13:02:55.921603" level="INFO">${RESPONSE} = &lt;Response [200]&gt;</msg>
<var>${RESPONSE}</var>
<arg>connectSession</arg>
<arg>/ues/${UeId}/bearers</arg>
<arg>json=${BODY}</arg>
<doc>Sends a POST request on a previously created HTTP Session.</doc>
<status status="PASS" start="2026-04-24T13:02:55.675039" elapsed="0.246586"/>
</kw>
<kw name="Set Test Variable" owner="BuiltIn">
<msg time="2026-04-24T13:02:55.922181" level="INFO">${BEARER_ID} = 3</msg>
<arg>${BEARER_ID}</arg>
<arg>${BearerId}</arg>
<doc>Makes a variable available everywhere within the scope of the current test.</doc>
<status status="PASS" start="2026-04-24T13:02:55.921791" elapsed="0.000428"/>
</kw>
<return>
<value>${RESPONSE}</value>
<status status="PASS" start="2026-04-24T13:02:55.922264" elapsed="0.000041"/>
</return>
<doc>Attach Bearer with BearerId to UE with UeId.</doc>
<status status="PASS" start="2026-04-24T13:02:55.673813" elapsed="0.248584"/>
</kw>
<doc>Here we will Attach the UE and Add the Bearer.</doc>
<status status="PASS" start="2026-04-24T13:02:55.366213" elapsed="0.556228"/>
</kw>
<kw name="Set Transter Speed To 1 bps" owner="TransferConfiguration" source_name="Set Transter Speed To ${Speed} ${Units}">
<kw name="Convert To Integer" owner="BuiltIn">
<msg time="2026-04-24T13:02:55.923322" level="INFO">${SPEED} = 1</msg>
<var>${SPEED}</var>
<arg>${Speed}</arg>
<doc>Converts the given item to an integer number.</doc>
<status status="PASS" start="2026-04-24T13:02:55.923049" elapsed="0.000296"/>
</kw>
<kw name="Parse ${Units} And ${SPEED}" owner="TransferConfiguration" source_name="Parse ${Units} And ${Speed}">
<if>
<branch type="IF" condition="'${Units}' == 'bps'">
<kw name="Set Variable" owner="BuiltIn">
<msg time="2026-04-24T13:02:55.924418" level="INFO">${SPEED_bps} = 1</msg>
<var>${SPEED_bps}</var>
<arg>${Speed}</arg>
<doc>Returns the given values which can then be assigned to a variables.</doc>
<status status="PASS" start="2026-04-24T13:02:55.924167" elapsed="0.000274"/>
</kw>
<status status="PASS" start="2026-04-24T13:02:55.923900" elapsed="0.000594"/>
</branch>
<branch type="ELSE IF" condition="'${Units}' == 'kbps'">
<kw name="Evaluate" owner="BuiltIn">
<var>${SPEED_bps}</var>
<arg>${Speed} * 1000</arg>
<doc>Evaluates the given expression in Python and returns the result.</doc>
<status status="NOT RUN" start="2026-04-24T13:02:55.924633" elapsed="0.000018"/>
</kw>
<status status="NOT RUN" start="2026-04-24T13:02:55.924523" elapsed="0.000157"/>
</branch>
<branch type="ELSE IF" condition="'${Units}' == 'Mbps'">
<kw name="Evaluate" owner="BuiltIn">
<var>${SPEED_bps}</var>
<arg>${Speed} * 1000000</arg>
<doc>Evaluates the given expression in Python and returns the result.</doc>
<status status="NOT RUN" start="2026-04-24T13:02:55.924801" elapsed="0.000017"/>
</kw>
<status status="NOT RUN" start="2026-04-24T13:02:55.924703" elapsed="0.000147"/>
</branch>
<branch type="ELSE">
<kw name="Fail" owner="BuiltIn">
<arg>Unsupported unit: ${Units}</arg>
<doc>Fails the test with the given message and optionally alters its tags.</doc>
<status status="NOT RUN" start="2026-04-24T13:02:55.925047" elapsed="0.000019"/>
</kw>
<status status="NOT RUN" start="2026-04-24T13:02:55.924871" elapsed="0.000235"/>
</branch>
<status status="PASS" start="2026-04-24T13:02:55.923879" elapsed="0.001245"/>
</if>
<kw name="Set Test Variable" owner="BuiltIn">
<msg time="2026-04-24T13:02:55.925495" level="INFO">${SPEED_bps} = 1</msg>
<arg>${SPEED_bps}</arg>
<arg>${SPEED_bps}</arg>
<doc>Makes a variable available everywhere within the scope of the current test.</doc>
<status status="PASS" start="2026-04-24T13:02:55.925223" elapsed="0.000309"/>
</kw>
<doc>Hello</doc>
<status status="PASS" start="2026-04-24T13:02:55.923660" elapsed="0.001922"/>
</kw>
<kw name="Set Test Variable" owner="BuiltIn">
<msg time="2026-04-24T13:02:55.926082" level="INFO">${SPEED} = 1</msg>
<arg>${SPEED}</arg>
<arg>${SPEED}</arg>
<doc>Makes a variable available everywhere within the scope of the current test.</doc>
<status status="PASS" start="2026-04-24T13:02:55.925685" elapsed="0.000433"/>
</kw>
<kw name="Set Test Variable" owner="BuiltIn">
<msg time="2026-04-24T13:02:55.926472" level="INFO">${UNITS} = bps</msg>
<arg>${UNITS}</arg>
<arg>${Units}</arg>
<doc>Makes a variable available everywhere within the scope of the current test.</doc>
<status status="PASS" start="2026-04-24T13:02:55.926228" elapsed="0.000280"/>
</kw>
<doc>Here we set the transfer speed for the connection.</doc>
<status status="PASS" start="2026-04-24T13:02:55.922735" elapsed="0.003821"/>
</kw>
<kw name="Set TCP Protocol" owner="TransferConfiguration" source_name="Set ${Protocol} Protocol">
<kw name="Convert To Lower Case" owner="String">
<msg time="2026-04-24T13:02:55.927331" level="INFO">${PROTOCOL} = tcp</msg>
<var>${PROTOCOL}</var>
<arg>${Protocol}</arg>
<doc>Converts string to lower case.</doc>
<status status="PASS" start="2026-04-24T13:02:55.927178" elapsed="0.000176"/>
</kw>
<kw name="Set Test Variable" owner="BuiltIn">
<msg time="2026-04-24T13:02:55.927710" level="INFO">${PROTOCOL} = tcp</msg>
<arg>${PROTOCOL}</arg>
<arg>${PROTOCOL}</arg>
<doc>Makes a variable available everywhere within the scope of the current test.</doc>
<status status="PASS" start="2026-04-24T13:02:55.927461" elapsed="0.000285"/>
</kw>
<doc>Here we set the protocol on the connection.</doc>
<status status="PASS" start="2026-04-24T13:02:55.926802" elapsed="0.000991"/>
</kw>
<kw name="Verify Transfer" owner="TransferVerification">
<kw name="Start Transfer" owner="TransferVerification">
<kw name="Create Session" owner="RequestsLibrary">
<msg time="2026-04-24T13:02:55.928652" level="INFO">Creating Session using : alias=connectSession, url=http://localhost:8000, headers={},                     cookies={}, auth=None, timeout=None, proxies=None, verify=False,                     debug=0 </msg>
<arg>connectSession</arg>
<arg>${BASE_URL}</arg>
<doc>Create Session: create a HTTP session to a server</doc>
<status status="PASS" start="2026-04-24T13:02:55.928544" elapsed="0.000223"/>
</kw>
<kw name="Create Dictionary" owner="BuiltIn">
<msg time="2026-04-24T13:02:55.929495" level="INFO">${BODY} = {'protocol': 'tcp', 'bps': 1}</msg>
<var>${BODY}</var>
<arg>protocol=${PROTOCOL}</arg>
<arg>${UNITS}=${SPEED}</arg>
<doc>Creates and returns a dictionary based on the given ``items``.</doc>
<status status="PASS" start="2026-04-24T13:02:55.928880" elapsed="0.000650"/>
</kw>
<kw name="Log To Console" owner="BuiltIn">
<arg>\n${BODY}</arg>
<doc>Logs the given message to the console.</doc>
<status status="PASS" start="2026-04-24T13:02:55.929709" elapsed="0.000503"/>
</kw>
<kw name="POST On Session" owner="RequestsLibrary">
<msg time="2026-04-24T13:02:56.412066" level="INFO">POST Request : url=http://localhost:8000/ues/7/bearers/3/traffic 
 path_url=/ues/7/bearers/3/traffic 
 headers={'User-Agent': 'python-requests/2.32.5', 'Accept-Encoding': 'gzip, deflate, zstd', 'Accept': '*/*', 'Connection': 'keep-alive', 'Content-Length': '29', 'Content-Type': 'application/json'} 
 body=b'{"protocol": "tcp", "bps": 1}' 
 </msg>
<msg time="2026-04-24T13:02:56.412133" level="INFO">POST Response : url=http://localhost:8000/ues/7/bearers/3/traffic 
 status=200, reason=OK 
 headers={'date': 'Fri, 24 Apr 2026 11:02:55 GMT', 'server': 'uvicorn', 'content-length': '67', 'content-type': 'application/json'} 
 body={"status":"traffic_started","ue_id":7,"bearer_id":3,"target_bps":1} 
 </msg>
<msg time="2026-04-24T13:02:56.412293" level="INFO">${RESPONSE} = &lt;Response [200]&gt;</msg>
<var>${RESPONSE}</var>
<arg>connectSession</arg>
<arg>/ues/${UE_ID}/bearers/${BEARER_ID}/traffic</arg>
<arg>json=${BODY}</arg>
<arg>expected_status=any</arg>
<doc>Sends a POST request on a previously created HTTP Session.</doc>
<status status="PASS" start="2026-04-24T13:02:55.930358" elapsed="0.481959"/>
</kw>
<return>
<value>${RESPONSE.status_code}</value>
<status status="PASS" start="2026-04-24T13:02:56.412407" elapsed="0.000034"/>
</return>
<doc>Start the transfer of data</doc>
<status status="PASS" start="2026-04-24T13:02:55.928306" elapsed="0.484793"/>
</kw>
<kw name="Sleep" owner="BuiltIn">
<msg time="2026-04-24T13:02:57.413899" level="INFO">Slept 1 second.</msg>
<msg time="2026-04-24T13:02:57.414002" level="INFO">Testing the connection for a duration of time.</msg>
<arg>${DURATION}</arg>
<arg>Testing the connection for a duration of time.</arg>
<doc>Pauses the test executed for the given time.</doc>
<status status="PASS" start="2026-04-24T13:02:56.413245" elapsed="1.000833"/>
</kw>
<kw name="Get Transfer" owner="TransferVerification">
<kw name="Create Session" owner="RequestsLibrary">
<msg time="2026-04-24T13:02:57.414701" level="INFO">Creating Session using : alias=connectSession, url=http://localhost:8000, headers={},                     cookies={}, auth=None, timeout=None, proxies=None, verify=False,                     debug=0 </msg>
<arg>connectSession</arg>
<arg>${BASE_URL}</arg>
<doc>Create Session: create a HTTP session to a server</doc>
<status status="PASS" start="2026-04-24T13:02:57.414583" elapsed="0.000246"/>
</kw>
<kw name="GET On Session" owner="RequestsLibrary">
<msg time="2026-04-24T13:02:57.419112" level="INFO">GET Request : url=http://localhost:8000/ues/7/bearers/3/traffic 
 path_url=/ues/7/bearers/3/traffic 
 headers={'User-Agent': 'python-requests/2.32.5', 'Accept-Encoding': 'gzip, deflate, zstd', 'Accept': '*/*', 'Connection': 'keep-alive'} 
 body=None 
 </msg>
<msg time="2026-04-24T13:02:57.419171" level="INFO">GET Response : url=http://localhost:8000/ues/7/bearers/3/traffic 
 status=200, reason=OK 
 headers={'date': 'Fri, 24 Apr 2026 11:02:56 GMT', 'server': 'uvicorn', 'content-length': '108', 'content-type': 'application/json'} 
 body={"ue_id":7,"bearer_id":3,"protocol":"tcp","target_bps":1,"tx_bps":0,"rx_bps":0,"duration":1.240375280380249} 
 </msg>
<msg time="2026-04-24T13:02:57.419261" level="INFO">${RESPONSE} = &lt;Response [200]&gt;</msg>
<var>${RESPONSE}</var>
<arg>connectSession</arg>
<arg>/ues/${UE_ID}/bearers/${BEARER_ID}/traffic</arg>
<doc>Sends a GET request on a previously created HTTP Session.</doc>
<status status="PASS" start="2026-04-24T13:02:57.414952" elapsed="0.004331"/>
</kw>
<kw name="Validate Transfer ${RESPONSE} Received" owner="TransferVerification" source_name="Validate Transfer ${Response} Received">
<kw name="Log To Console" owner="BuiltIn">
<arg>${Response.json()}</arg>
<doc>Logs the given message to the console.</doc>
<status status="PASS" start="2026-04-24T13:02:57.419847" elapsed="0.000652"/>
</kw>
<kw name="Parse And Validate ${Response.json()} Dictionary" owner="TransferVerification" source_name="Parse And Validate ${Dictionary} Dictionary">
<kw name="Dictionary Should Contain Key" owner="Collections">
<arg>${Dictionary}</arg>
<arg>ue_id</arg>
<doc>Fails if ``key`` is not found from ``dictionary``.</doc>
<status status="PASS" start="2026-04-24T13:02:57.421369" elapsed="0.000142"/>
</kw>
<kw name="Dictionary Should Contain Key" owner="Collections">
<arg>${Dictionary}</arg>
<arg>bearer_id</arg>
<doc>Fails if ``key`` is not found from ``dictionary``.</doc>
<status status="PASS" start="2026-04-24T13:02:57.421618" elapsed="0.000133"/>
</kw>
<kw name="Dictionary Should Contain Key" owner="Collections">
<arg>${Dictionary}</arg>
<arg>protocol</arg>
<doc>Fails if ``key`` is not found from ``dictionary``.</doc>
<status status="PASS" start="2026-04-24T13:02:57.421858" elapsed="0.000179"/>
</kw>
<kw name="Dictionary Should Contain Key" owner="Collections">
<arg>${Dictionary}</arg>
<arg>target_bps</arg>
<doc>Fails if ``key`` is not found from ``dictionary``.</doc>
<status status="PASS" start="2026-04-24T13:02:57.422139" elapsed="0.000125"/>
</kw>
<kw name="Dictionary Should Contain Key" owner="Collections">
<arg>${Dictionary}</arg>
<arg>duration</arg>
<doc>Fails if ``key`` is not found from ``dictionary``.</doc>
<status status="PASS" start="2026-04-24T13:02:57.422366" elapsed="0.000117"/>
</kw>
<kw name="Should Be Equal As Integers" owner="BuiltIn">
<msg time="2026-04-24T13:02:57.422832" level="INFO">Argument types are:
&lt;class 'int'&gt;
&lt;class 'str'&gt;</msg>
<arg>${Dictionary}[ue_id]</arg>
<arg>${UE_ID}</arg>
<doc>Fails if objects are unequal after converting them to integers.</doc>
<status status="PASS" start="2026-04-24T13:02:57.422585" elapsed="0.000300"/>
</kw>
<kw name="Should Be Equal As Integers" owner="BuiltIn">
<msg time="2026-04-24T13:02:57.423292" level="INFO">Argument types are:
&lt;class 'int'&gt;
&lt;class 'str'&gt;</msg>
<arg>${Dictionary}[bearer_id]</arg>
<arg>${BEARER_ID}</arg>
<doc>Fails if objects are unequal after converting them to integers.</doc>
<status status="PASS" start="2026-04-24T13:02:57.423055" elapsed="0.000284"/>
</kw>
<kw name="Should Be Equal As Strings" owner="BuiltIn">
<arg>${Dictionary}[protocol]</arg>
<arg>${PROTOCOL}</arg>
<doc>Fails if objects are unequal after converting them to strings.</doc>
<status status="PASS" start="2026-04-24T13:02:57.423444" elapsed="0.000264"/>
</kw>
<kw name="Should Be Equal As Integers" owner="BuiltIn">
<arg>${Dictionary}[target_bps]</arg>
<arg>${SPEED_bps}</arg>
<doc>Fails if objects are unequal after converting them to integers.</doc>
<status status="PASS" start="2026-04-24T13:02:57.423815" elapsed="0.000322"/>
</kw>
<doc>Comparing values as Integers</doc>
<status status="PASS" start="2026-04-24T13:02:57.420795" elapsed="0.003394"/>
</kw>
<doc>Validating if the transfer matches assumptions</doc>
<status status="PASS" start="2026-04-24T13:02:57.419536" elapsed="0.004690"/>
</kw>
<doc>Check if the transfer is valid</doc>
<status status="PASS" start="2026-04-24T13:02:57.414289" elapsed="0.009973"/>
</kw>
<kw name="End Transfer" owner="TransferVerification">
<kw name="Create Session" owner="RequestsLibrary">
<msg time="2026-04-24T13:02:57.424724" level="INFO">Creating Session using : alias=connectSession, url=http://localhost:8000, headers={},                     cookies={}, auth=None, timeout=None, proxies=None, verify=False,                     debug=0 </msg>
<arg>connectSession</arg>
<arg>${BASE_URL}</arg>
<doc>Create Session: create a HTTP session to a server</doc>
<status status="PASS" start="2026-04-24T13:02:57.424619" elapsed="0.000217"/>
</kw>
<kw name="DELETE On Session" owner="RequestsLibrary">
<msg time="2026-04-24T13:02:57.691005" level="INFO">DELETE Request : url=http://localhost:8000/ues/7/bearers/3/traffic 
 path_url=/ues/7/bearers/3/traffic 
 headers={'User-Agent': 'python-requests/2.32.5', 'Accept-Encoding': 'gzip, deflate, zstd', 'Accept': '*/*', 'Connection': 'keep-alive', 'Content-Length': '0'} 
 body=None 
 </msg>
<msg time="2026-04-24T13:02:57.691077" level="INFO">DELETE Response : url=http://localhost:8000/ues/7/bearers/3/traffic 
 status=200, reason=OK 
 headers={'date': 'Fri, 24 Apr 2026 11:02:56 GMT', 'server': 'uvicorn', 'content-length': '52', 'content-type': 'application/json'} 
 body={"status":"traffic_stopped","ue_id":7,"bearer_id":3} 
 </msg>
<msg time="2026-04-24T13:02:57.691204" level="INFO">${RESPONSE} = &lt;Response [200]&gt;</msg>
<var>${RESPONSE}</var>
<arg>connectSession</arg>
<arg>/ues/${UE_ID}/bearers/${BEARER_ID}/traffic</arg>
<doc>Sends a DELETE request on a previously created HTTP Session.</doc>
<status status="PASS" start="2026-04-24T13:02:57.425004" elapsed="0.266222"/>
</kw>
<doc>End the transfer of data</doc>
<status status="PASS" start="2026-04-24T13:02:57.424381" elapsed="0.266912"/>
</kw>
<doc>Here we will execute the transfer speed test.</doc>
<status status="PASS" start="2026-04-24T13:02:55.928026" elapsed="1.763336"/>
</kw>
<kw name="Clean Test Environment" owner="SetupTeardown" type="TEARDOWN">
<kw name="Detach Bearer3 From UE7" owner="SetupTeardown" source_name="Detach Bearer${BearerId} From UE${UeId}">
<kw name="Create Session" owner="RequestsLibrary">
<msg time="2026-04-24T13:02:57.692493" level="INFO">Creating Session using : alias=connectSession, url=http://localhost:8000, headers={},                     cookies={}, auth=None, timeout=None, proxies=None, verify=False,                     debug=0 </msg>
<arg>connectSession</arg>
<arg>${BASE_URL}</arg>
<doc>Create Session: create a HTTP session to a server</doc>
<status status="PASS" start="2026-04-24T13:02:57.692373" elapsed="0.000236"/>
</kw>
<kw name="DELETE On Session" owner="RequestsLibrary">
<msg time="2026-04-24T13:02:57.932023" level="INFO">DELETE Request : url=http://localhost:8000/ues/7/bearers/3 
 path_url=/ues/7/bearers/3 
 headers={'User-Agent': 'python-requests/2.32.5', 'Accept-Encoding': 'gzip, deflate, zstd', 'Accept': '*/*', 'Connection': 'keep-alive', 'Content-Length': '0'} 
 body=None 
 </msg>
<msg time="2026-04-24T13:02:57.932092" level="INFO">DELETE Response : url=http://localhost:8000/ues/7/bearers/3 
 status=200, reason=OK 
 headers={'date': 'Fri, 24 Apr 2026 11:02:57 GMT', 'server': 'uvicorn', 'content-length': '51', 'content-type': 'application/json'} 
 body={"status":"bearer_deleted","ue_id":7,"bearer_id":3} 
 </msg>
<msg time="2026-04-24T13:02:57.932203" level="INFO">${RESPONSE} = &lt;Response [200]&gt;</msg>
<var>${RESPONSE}</var>
<arg>connectSession</arg>
<arg>/ues/${UeId}/bearers/${BearerId}</arg>
<doc>Sends a DELETE request on a previously created HTTP Session.</doc>
<status status="PASS" start="2026-04-24T13:02:57.692718" elapsed="0.239510"/>
</kw>
<return>
<value>${RESPONSE}</value>
<status status="PASS" start="2026-04-24T13:02:57.932291" elapsed="0.000035"/>
</return>
<doc>Detach Bearer with BearerId from UE with UeId</doc>
<status status="PASS" start="2026-04-24T13:02:57.692077" elapsed="0.240352"/>
</kw>
<kw name="Detach UE7 From Network" owner="SetupTeardown" source_name="Detach UE${UeId} From Network">
<kw name="Create Session" owner="RequestsLibrary">
<msg time="2026-04-24T13:02:57.933148" level="INFO">Creating Session using : alias=connectSession, url=http://localhost:8000, headers={},                     cookies={}, auth=None, timeout=None, proxies=None, verify=False,                     debug=0 </msg>
<arg>connectSession</arg>
<arg>${BASE_URL}</arg>
<doc>Create Session: create a HTTP session to a server</doc>
<status status="PASS" start="2026-04-24T13:02:57.933012" elapsed="0.000254"/>
</kw>
<kw name="DELETE On Session" owner="RequestsLibrary">
<msg time="2026-04-24T13:02:58.164512" level="INFO">DELETE Request : url=http://localhost:8000/ues/7 
 path_url=/ues/7 
 headers={'User-Agent': 'python-requests/2.32.5', 'Accept-Encoding': 'gzip, deflate, zstd', 'Accept': '*/*', 'Connection': 'keep-alive', 'Content-Length': '0'} 
 body=None 
 </msg>
<msg time="2026-04-24T13:02:58.164610" level="INFO">DELETE Response : url=http://localhost:8000/ues/7 
 status=200, reason=OK 
 headers={'date': 'Fri, 24 Apr 2026 11:02:57 GMT', 'server': 'uvicorn', 'content-length': '31', 'content-type': 'application/json'} 
 body={"status":"detached","ue_id":7} 
 </msg>
<msg time="2026-04-24T13:02:58.164755" level="INFO">${RESPONSE} = &lt;Response [200]&gt;</msg>
<var>${RESPONSE}</var>
<arg>connectSession</arg>
<arg>/ues/${UeId}</arg>
<doc>Sends a DELETE request on a previously created HTTP Session.</doc>
<status status="PASS" start="2026-04-24T13:02:57.933391" elapsed="0.231399"/>
</kw>
<return>
<value>${RESPONSE}</value>
<status status="PASS" start="2026-04-24T13:02:58.164880" elapsed="0.000044"/>
</return>
<doc>Detach UE with id UeId from the network.</doc>
<status status="PASS" start="2026-04-24T13:02:57.932626" elapsed="0.232495"/>
</kw>
<doc>Here we will Detach the UE and Delete the Bearer.</doc>
<status status="PASS" start="2026-04-24T13:02:57.691702" elapsed="0.473469"/>
</kw>
<doc>Verify that data transfer succeeds over TCP with the minimum valid connection speed (1 bps) for a registered UE (ID=7) and Bearer (ID=3).</doc>
<status status="PASS" start="2026-04-24T13:02:55.365622" elapsed="2.799651"/>
</test>
<test id="s1-t2" name="TC 02 - TCP Transfer at Low Speed (1 kbps)" line="20">
<kw name="Prepare Test Environment" owner="SetupTeardown" type="SETUP">
<kw name="Attach UE7 To Network" owner="SetupTeardown" source_name="Attach UE${UeId} To Network">
<kw name="Create Session" owner="RequestsLibrary">
<msg time="2026-04-24T13:02:58.167161" level="INFO">Creating Session using : alias=connectSession, url=http://localhost:8000, headers={},                     cookies={}, auth=None, timeout=None, proxies=None, verify=False,                     debug=0 </msg>
<arg>connectSession</arg>
<arg>${BASE_URL}</arg>
<doc>Create Session: create a HTTP session to a server</doc>
<status status="PASS" start="2026-04-24T13:02:58.166911" elapsed="0.000401"/>
</kw>
<kw name="Create Dictionary" owner="BuiltIn">
<msg time="2026-04-24T13:02:58.167806" level="INFO">${BODY} = {'ue_id': '7'}</msg>
<var>${BODY}</var>
<arg>ue_id=${UeId}</arg>
<doc>Creates and returns a dictionary based on the given ``items``.</doc>
<status status="PASS" start="2026-04-24T13:02:58.167453" elapsed="0.000378"/>
</kw>
<kw name="POST On Session" owner="RequestsLibrary">
<msg time="2026-04-24T13:02:58.438537" level="INFO">POST Request : url=http://localhost:8000/ues 
 path_url=/ues 
 headers={'User-Agent': 'python-requests/2.32.5', 'Accept-Encoding': 'gzip, deflate, zstd', 'Accept': '*/*', 'Connection': 'keep-alive', 'Content-Length': '14', 'Content-Type': 'application/json'} 
 body=b'{"ue_id": "7"}' 
 </msg>
<msg time="2026-04-24T13:02:58.438679" level="INFO">POST Response : url=http://localhost:8000/ues 
 status=200, reason=OK 
 headers={'date': 'Fri, 24 Apr 2026 11:02:57 GMT', 'server': 'uvicorn', 'content-length': '31', 'content-type': 'application/json'} 
 body={"status":"attached","ue_id":7} 
 </msg>
<msg time="2026-04-24T13:02:58.438842" level="INFO">${RESPONSE} = &lt;Response [200]&gt;</msg>
<var>${RESPONSE}</var>
<arg>connectSession</arg>
<arg>/ues</arg>
<arg>json=${BODY}</arg>
<doc>Sends a POST request on a previously created HTTP Session.</doc>
<status status="PASS" start="2026-04-24T13:02:58.168032" elapsed="0.270838"/>
</kw>
<kw name="Set Test Variable" owner="BuiltIn">
<msg time="2026-04-24T13:02:58.439495" level="INFO">${UE_ID} = 7</msg>
<arg>${UE_ID}</arg>
<arg>${UeId}</arg>
<doc>Makes a variable available everywhere within the scope of the current test.</doc>
<status status="PASS" start="2026-04-24T13:02:58.439151" elapsed="0.000382"/>
</kw>
<return>
<value>${RESPONSE}</value>
<status status="PASS" start="2026-04-24T13:02:58.439581" elapsed="0.000033"/>
</return>
<doc>Attach UE with id UeId to the network.</doc>
<status status="PASS" start="2026-04-24T13:02:58.166670" elapsed="0.273031"/>
</kw>
<kw name="Attach Bearer3 To UE7" owner="SetupTeardown" source_name="Attach Bearer${BearerId} To UE${UeId}">
<kw name="Create Session" owner="RequestsLibrary">
<msg time="2026-04-24T13:02:58.440366" level="INFO">Creating Session using : alias=connectSession, url=http://localhost:8000, headers={},                     cookies={}, auth=None, timeout=None, proxies=None, verify=False,                     debug=0 </msg>
<arg>connectSession</arg>
<arg>${BASE_URL}</arg>
<doc>Create Session: create a HTTP session to a server</doc>
<status status="PASS" start="2026-04-24T13:02:58.440253" elapsed="0.000232"/>
</kw>
<kw name="Create Dictionary" owner="BuiltIn">
<msg time="2026-04-24T13:02:58.441184" level="INFO">${BODY} = {'bearer_id': '3'}</msg>
<var>${BODY}</var>
<arg>bearer_id=${BearerId}</arg>
<doc>Creates and returns a dictionary based on the given ``items``.</doc>
<status status="PASS" start="2026-04-24T13:02:58.440743" elapsed="0.000464"/>
</kw>
<kw name="POST On Session" owner="RequestsLibrary">
<msg time="2026-04-24T13:02:58.695785" level="INFO">POST Request : url=http://localhost:8000/ues/7/bearers 
 path_url=/ues/7/bearers 
 headers={'User-Agent': 'python-requests/2.32.5', 'Accept-Encoding': 'gzip, deflate, zstd', 'Accept': '*/*', 'Connection': 'keep-alive', 'Content-Length': '18', 'Content-Type': 'application/json'} 
 body=b'{"bearer_id": "3"}' 
 </msg>
<msg time="2026-04-24T13:02:58.695890" level="INFO">POST Response : url=http://localhost:8000/ues/7/bearers 
 status=200, reason=OK 
 headers={'date': 'Fri, 24 Apr 2026 11:02:57 GMT', 'server': 'uvicorn', 'content-length': '49', 'content-type': 'application/json'} 
 body={"status":"bearer_added","ue_id":7,"bearer_id":3} 
 </msg>
<msg time="2026-04-24T13:02:58.696111" level="INFO">${RESPONSE} = &lt;Response [200]&gt;</msg>
<var>${RESPONSE}</var>
<arg>connectSession</arg>
<arg>/ues/${UeId}/bearers</arg>
<arg>json=${BODY}</arg>
<doc>Sends a POST request on a previously created HTTP Session.</doc>
<status status="PASS" start="2026-04-24T13:02:58.441315" elapsed="0.254821"/>
</kw>
<kw name="Set Test Variable" owner="BuiltIn">
<msg time="2026-04-24T13:02:58.696691" level="INFO">${BEARER_ID} = 3</msg>
<arg>${BEARER_ID}</arg>
<arg>${BearerId}</arg>
<doc>Makes a variable available everywhere within the scope of the current test.</doc>
<status status="PASS" start="2026-04-24T13:02:58.696305" elapsed="0.000441"/>
</kw>
<return>
<value>${RESPONSE}</value>
<status status="PASS" start="2026-04-24T13:02:58.696799" elapsed="0.000036"/>
</return>
<doc>Attach Bearer with BearerId to UE with UeId.</doc>
<status status="PASS" start="2026-04-24T13:02:58.439879" elapsed="0.257126"/>
</kw>
<doc>Here we will Attach the UE and Add the Bearer.</doc>
<status status="PASS" start="2026-04-24T13:02:58.166372" elapsed="0.530682"/>
</kw>
<kw name="Set Transter Speed To 1 kbps" owner="TransferConfiguration" source_name="Set Transter Speed To ${Speed} ${Units}">
<kw name="Convert To Integer" owner="BuiltIn">
<msg time="2026-04-24T13:02:58.698233" level="INFO">${SPEED} = 1</msg>
<var>${SPEED}</var>
<arg>${Speed}</arg>
<doc>Converts the given item to an integer number.</doc>
<status status="PASS" start="2026-04-24T13:02:58.697657" elapsed="0.000622"/>
</kw>
<kw name="Parse ${Units} And ${SPEED}" owner="TransferConfiguration" source_name="Parse ${Units} And ${Speed}">
<if>
<branch type="IF" condition="'${Units}' == 'bps'">
<kw name="Set Variable" owner="BuiltIn">
<var>${SPEED_bps}</var>
<arg>${Speed}</arg>
<doc>Returns the given values which can then be assigned to a variables.</doc>
<status status="NOT RUN" start="2026-04-24T13:02:58.699275" elapsed="0.000021"/>
</kw>
<status status="NOT RUN" start="2026-04-24T13:02:58.699070" elapsed="0.000260"/>
</branch>
<branch type="ELSE IF" condition="'${Units}' == 'kbps'">
<kw name="Evaluate" owner="BuiltIn">
<msg time="2026-04-24T13:02:58.699916" level="INFO">${SPEED_bps} = 1000</msg>
<var>${SPEED_bps}</var>
<arg>${Speed} * 1000</arg>
<doc>Evaluates the given expression in Python and returns the result.</doc>
<status status="PASS" start="2026-04-24T13:02:58.699533" elapsed="0.000470"/>
</kw>
<status status="PASS" start="2026-04-24T13:02:58.699359" elapsed="0.000693"/>
</branch>
<branch type="ELSE IF" condition="'${Units}' == 'Mbps'">
<kw name="Evaluate" owner="BuiltIn">
<var>${SPEED_bps}</var>
<arg>${Speed} * 1000000</arg>
<doc>Evaluates the given expression in Python and returns the result.</doc>
<status status="NOT RUN" start="2026-04-24T13:02:58.700190" elapsed="0.000019"/>
</kw>
<status status="NOT RUN" start="2026-04-24T13:02:58.700076" elapsed="0.000163"/>
</branch>
<branch type="ELSE">
<kw name="Fail" owner="BuiltIn">
<arg>Unsupported unit: ${Units}</arg>
<doc>Fails the test with the given message and optionally alters its tags.</doc>
<status status="NOT RUN" start="2026-04-24T13:02:58.700362" elapsed="0.000017"/>
</kw>
<status status="NOT RUN" start="2026-04-24T13:02:58.700261" elapsed="0.000145"/>
</branch>
<status status="PASS" start="2026-04-24T13:02:58.699035" elapsed="0.001390"/>
</if>
<kw name="Set Test Variable" owner="BuiltIn">
<msg time="2026-04-24T13:02:58.700825" level="INFO">${SPEED_bps} = 1000</msg>
<arg>${SPEED_bps}</arg>
<arg>${SPEED_bps}</arg>
<doc>Makes a variable available everywhere within the scope of the current test.</doc>
<status status="PASS" start="2026-04-24T13:02:58.700532" elapsed="0.000333"/>
</kw>
<doc>Hello</doc>
<status status="PASS" start="2026-04-24T13:02:58.698700" elapsed="0.002218"/>
</kw>
<kw name="Set Test Variable" owner="BuiltIn">
<msg time="2026-04-24T13:02:58.701335" level="INFO">${SPEED} = 1</msg>
<arg>${SPEED}</arg>
<arg>${SPEED}</arg>
<doc>Makes a variable available everywhere within the scope of the current test.</doc>
<status status="PASS" start="2026-04-24T13:02:58.701066" elapsed="0.000307"/>
</kw>
<kw name="Set Test Variable" owner="BuiltIn">
<msg time="2026-04-24T13:02:58.701744" level="INFO">${UNITS} = kbps</msg>
<arg>${UNITS}</arg>
<arg>${Units}</arg>
<doc>Makes a variable available everywhere within the scope of the current test.</doc>
<status status="PASS" start="2026-04-24T13:02:58.701489" elapsed="0.000294"/>
</kw>
<doc>Here we set the transfer speed for the connection.</doc>
<status status="PASS" start="2026-04-24T13:02:58.697360" elapsed="0.004474"/>
</kw>
<kw name="Set TCP Protocol" owner="TransferConfiguration" source_name="Set ${Protocol} Protocol">
<kw name="Convert To Lower Case" owner="String">
<msg time="2026-04-24T13:02:58.702670" level="INFO">${PROTOCOL} = tcp</msg>
<var>${PROTOCOL}</var>
<arg>${Protocol}</arg>
<doc>Converts string to lower case.</doc>
<status status="PASS" start="2026-04-24T13:02:58.702457" elapsed="0.000238"/>
</kw>
<kw name="Set Test Variable" owner="BuiltIn">
<msg time="2026-04-24T13:02:58.703179" level="INFO">${PROTOCOL} = tcp</msg>
<arg>${PROTOCOL}</arg>
<arg>${PROTOCOL}</arg>
<doc>Makes a variable available everywhere within the scope of the current test.</doc>
<status status="PASS" start="2026-04-24T13:02:58.702815" elapsed="0.000440"/>
</kw>
<doc>Here we set the protocol on the connection.</doc>
<status status="PASS" start="2026-04-24T13:02:58.702154" elapsed="0.001230"/>
</kw>
<kw name="Verify Transfer" owner="TransferVerification">
<kw name="Start Transfer" owner="TransferVerification">
<kw name="Create Session" owner="RequestsLibrary">
<msg time="2026-04-24T13:02:58.705572" level="INFO">Creating Session using : alias=connectSession, url=http://localhost:8000, headers={},                     cookies={}, auth=None, timeout=None, proxies=None, verify=False,                     debug=0 </msg>
<arg>connectSession</arg>
<arg>${BASE_URL}</arg>
<doc>Create Session: create a HTTP session to a server</doc>
<status status="PASS" start="2026-04-24T13:02:58.705342" elapsed="0.000382"/>
</kw>
<kw name="Create Dictionary" owner="BuiltIn">
<msg time="2026-04-24T13:02:58.706592" level="INFO">${BODY} = {'protocol': 'tcp', 'kbps': 1}</msg>
<var>${BODY}</var>
<arg>protocol=${PROTOCOL}</arg>
<arg>${UNITS}=${SPEED}</arg>
<doc>Creates and returns a dictionary based on the given ``items``.</doc>
<status status="PASS" start="2026-04-24T13:02:58.705916" elapsed="0.000726"/>
</kw>
<kw name="Log To Console" owner="BuiltIn">
<arg>\n${BODY}</arg>
<doc>Logs the given message to the console.</doc>
<status status="PASS" start="2026-04-24T13:02:58.706803" elapsed="0.000447"/>
</kw>
<kw name="POST On Session" owner="RequestsLibrary">
<msg time="2026-04-24T13:02:59.527363" level="INFO">POST Request : url=http://localhost:8000/ues/7/bearers/3/traffic 
 path_url=/ues/7/bearers/3/traffic 
 headers={'User-Agent': 'python-requests/2.32.5', 'Accept-Encoding': 'gzip, deflate, zstd', 'Accept': '*/*', 'Connection': 'keep-alive', 'Content-Length': '30', 'Content-Type': 'application/json'} 
 body=b'{"protocol": "tcp", "kbps": 1}' 
 </msg>
<msg time="2026-04-24T13:02:59.527472" level="INFO">POST Response : url=http://localhost:8000/ues/7/bearers/3/traffic 
 status=200, reason=OK 
 headers={'date': 'Fri, 24 Apr 2026 11:02:58 GMT', 'server': 'uvicorn', 'content-length': '70', 'content-type': 'application/json'} 
 body={"status":"traffic_started","ue_id":7,"bearer_id":3,"target_bps":1000} 
 </msg>
<msg time="2026-04-24T13:02:59.527646" level="INFO">${RESPONSE} = &lt;Response [200]&gt;</msg>
<var>${RESPONSE}</var>
<arg>connectSession</arg>
<arg>/ues/${UE_ID}/bearers/${BEARER_ID}/traffic</arg>
<arg>json=${BODY}</arg>
<arg>expected_status=any</arg>
<doc>Sends a POST request on a previously created HTTP Session.</doc>
<status status="PASS" start="2026-04-24T13:02:58.707481" elapsed="0.820239"/>
</kw>
<return>
<value>${RESPONSE.status_code}</value>
<status status="PASS" start="2026-04-24T13:02:59.527832" elapsed="0.000041"/>
</return>
<doc>Start the transfer of data</doc>
<status status="PASS" start="2026-04-24T13:02:58.704513" elapsed="0.823994"/>
</kw>
<kw name="Sleep" owner="BuiltIn">
<msg time="2026-04-24T13:03:00.529330" level="INFO">Slept 1 second.</msg>
<msg time="2026-04-24T13:03:00.529408" level="INFO">Testing the connection for a duration of time.</msg>
<arg>${DURATION}</arg>
<arg>Testing the connection for a duration of time.</arg>
<doc>Pauses the test executed for the given time.</doc>
<status status="PASS" start="2026-04-24T13:02:59.528635" elapsed="1.000885"/>
</kw>
<kw name="Get Transfer" owner="TransferVerification">
<kw name="Create Session" owner="RequestsLibrary">
<msg time="2026-04-24T13:03:00.530427" level="INFO">Creating Session using : alias=connectSession, url=http://localhost:8000, headers={},                     cookies={}, auth=None, timeout=None, proxies=None, verify=False,                     debug=0 </msg>
<arg>connectSession</arg>
<arg>${BASE_URL}</arg>
<doc>Create Session: create a HTTP session to a server</doc>
<status status="PASS" start="2026-04-24T13:03:00.530256" elapsed="0.000339"/>
</kw>
<kw name="GET On Session" owner="RequestsLibrary">
<msg time="2026-04-24T13:03:00.536152" level="INFO">GET Request : url=http://localhost:8000/ues/7/bearers/3/traffic 
 path_url=/ues/7/bearers/3/traffic 
 headers={'User-Agent': 'python-requests/2.32.5', 'Accept-Encoding': 'gzip, deflate, zstd', 'Accept': '*/*', 'Connection': 'keep-alive'} 
 body=None 
 </msg>
<msg time="2026-04-24T13:03:00.536298" level="INFO">GET Response : url=http://localhost:8000/ues/7/bearers/3/traffic 
 status=200, reason=OK 
 headers={'date': 'Fri, 24 Apr 2026 11:02:59 GMT', 'server': 'uvicorn', 'content-length': '116', 'content-type': 'application/json'} 
 body={"ue_id":7,"bearer_id":3,"protocol":"tcp","target_bps":1000,"tx_bps":736,"rx_bps":736,"duration":1.3578567504882812} 
 </msg>
<msg time="2026-04-24T13:03:00.536453" level="INFO">${RESPONSE} = &lt;Response [200]&gt;</msg>
<var>${RESPONSE}</var>
<arg>connectSession</arg>
<arg>/ues/${UE_ID}/bearers/${BEARER_ID}/traffic</arg>
<doc>Sends a GET request on a previously created HTTP Session.</doc>
<status status="PASS" start="2026-04-24T13:03:00.530803" elapsed="0.005686"/>
</kw>
<kw name="Validate Transfer ${RESPONSE} Received" owner="TransferVerification" source_name="Validate Transfer ${Response} Received">
<kw name="Log To Console" owner="BuiltIn">
<arg>${Response.json()}</arg>
<doc>Logs the given message to the console.</doc>
<status status="PASS" start="2026-04-24T13:03:00.537423" elapsed="0.000807"/>
</kw>
<kw name="Parse And Validate ${Response.json()} Dictionary" owner="TransferVerification" source_name="Parse And Validate ${Dictionary} Dictionary">
<kw name="Dictionary Should Contain Key" owner="Collections">
<arg>${Dictionary}</arg>
<arg>ue_id</arg>
<doc>Fails if ``key`` is not found from ``dictionary``.</doc>
<status status="PASS" start="2026-04-24T13:03:00.539334" elapsed="0.000173"/>
</kw>
<kw name="Dictionary Should Contain Key" owner="Collections">
<arg>${Dictionary}</arg>
<arg>bearer_id</arg>
<doc>Fails if ``key`` is not found from ``dictionary``.</doc>
<status status="PASS" start="2026-04-24T13:03:00.539637" elapsed="0.000145"/>
</kw>
<kw name="Dictionary Should Contain Key" owner="Collections">
<arg>${Dictionary}</arg>
<arg>protocol</arg>
<doc>Fails if ``key`` is not found from ``dictionary``.</doc>
<status status="PASS" start="2026-04-24T13:03:00.539903" elapsed="0.000231"/>
</kw>
<kw name="Dictionary Should Contain Key" owner="Collections">
<arg>${Dictionary}</arg>
<arg>target_bps</arg>
<doc>Fails if ``key`` is not found from ``dictionary``.</doc>
<status status="PASS" start="2026-04-24T13:03:00.540239" elapsed="0.000131"/>
</kw>
<kw name="Dictionary Should Contain Key" owner="Collections">
<arg>${Dictionary}</arg>
<arg>duration</arg>
<doc>Fails if ``key`` is not found from ``dictionary``.</doc>
<status status="PASS" start="2026-04-24T13:03:00.540474" elapsed="0.000121"/>
</kw>
<kw name="Should Be Equal As Integers" owner="BuiltIn">
<msg time="2026-04-24T13:03:00.541042" level="INFO">Argument types are:
&lt;class 'int'&gt;
&lt;class 'str'&gt;</msg>
<arg>${Dictionary}[ue_id]</arg>
<arg>${UE_ID}</arg>
<doc>Fails if objects are unequal after converting them to integers.</doc>
<status status="PASS" start="2026-04-24T13:03:00.540699" elapsed="0.000394"/>
</kw>
<kw name="Should Be Equal As Integers" owner="BuiltIn">
<msg time="2026-04-24T13:03:00.541451" level="INFO">Argument types are:
&lt;class 'int'&gt;
&lt;class 'str'&gt;</msg>
<arg>${Dictionary}[bearer_id]</arg>
<arg>${BEARER_ID}</arg>
<doc>Fails if objects are unequal after converting them to integers.</doc>
<status status="PASS" start="2026-04-24T13:03:00.541204" elapsed="0.000300"/>
</kw>
<kw name="Should Be Equal As Strings" owner="BuiltIn">
<arg>${Dictionary}[protocol]</arg>
<arg>${PROTOCOL}</arg>
<doc>Fails if objects are unequal after converting them to strings.</doc>
<status status="PASS" start="2026-04-24T13:03:00.541632" elapsed="0.000274"/>
</kw>
<kw name="Should Be Equal As Integers" owner="BuiltIn">
<arg>${Dictionary}[target_bps]</arg>
<arg>${SPEED_bps}</arg>
<doc>Fails if objects are unequal after converting them to integers.</doc>
<status status="PASS" start="2026-04-24T13:03:00.542134" elapsed="0.000333"/>
</kw>
<doc>Comparing values as Integers</doc>
<status status="PASS" start="2026-04-24T13:03:00.538608" elapsed="0.003916"/>
</kw>
<doc>Validating if the transfer matches assumptions</doc>
<status status="PASS" start="2026-04-24T13:03:00.536984" elapsed="0.005588"/>
</kw>
<doc>Check if the transfer is valid</doc>
<status status="PASS" start="2026-04-24T13:03:00.529775" elapsed="0.012834"/>
</kw>
<kw name="End Transfer" owner="TransferVerification">
<kw name="Create Session" owner="RequestsLibrary">
<msg time="2026-04-24T13:03:00.543209" level="INFO">Creating Session using : alias=connectSession, url=http://localhost:8000, headers={},                     cookies={}, auth=None, timeout=None, proxies=None, verify=False,                     debug=0 </msg>
<arg>connectSession</arg>
<arg>${BASE_URL}</arg>
<doc>Create Session: create a HTTP session to a server</doc>
<status status="PASS" start="2026-04-24T13:03:00.543094" elapsed="0.000251"/>
</kw>
<kw name="DELETE On Session" owner="RequestsLibrary">
<msg time="2026-04-24T13:03:00.798344" level="INFO">DELETE Request : url=http://localhost:8000/ues/7/bearers/3/traffic 
 path_url=/ues/7/bearers/3/traffic 
 headers={'User-Agent': 'python-requests/2.32.5', 'Accept-Encoding': 'gzip, deflate, zstd', 'Accept': '*/*', 'Connection': 'keep-alive', 'Content-Length': '0'} 
 body=None 
 </msg>
<msg time="2026-04-24T13:03:00.798420" level="INFO">DELETE Response : url=http://localhost:8000/ues/7/bearers/3/traffic 
 status=200, reason=OK 
 headers={'date': 'Fri, 24 Apr 2026 11:02:59 GMT', 'server': 'uvicorn', 'content-length': '52', 'content-type': 'application/json'} 
 body={"status":"traffic_stopped","ue_id":7,"bearer_id":3} 
 </msg>
<msg time="2026-04-24T13:03:00.798538" level="INFO">${RESPONSE} = &lt;Response [200]&gt;</msg>
<var>${RESPONSE}</var>
<arg>connectSession</arg>
<arg>/ues/${UE_ID}/bearers/${BEARER_ID}/traffic</arg>
<doc>Sends a DELETE request on a previously created HTTP Session.</doc>
<status status="PASS" start="2026-04-24T13:03:00.543462" elapsed="0.255106"/>
</kw>
<doc>End the transfer of data</doc>
<status status="PASS" start="2026-04-24T13:03:00.542749" elapsed="0.255891"/>
</kw>
<doc>Here we will execute the transfer speed test.</doc>
<status status="PASS" start="2026-04-24T13:02:58.703752" elapsed="2.094937"/>
</kw>
<kw name="Clean Test Environment" owner="SetupTeardown" type="TEARDOWN">
<kw name="Detach Bearer3 From UE7" owner="SetupTeardown" source_name="Detach Bearer${BearerId} From UE${UeId}">
<kw name="Create Session" owner="RequestsLibrary">
<msg time="2026-04-24T13:03:00.800135" level="INFO">Creating Session using : alias=connectSession, url=http://localhost:8000, headers={},                     cookies={}, auth=None, timeout=None, proxies=None, verify=False,                     debug=0 </msg>
<arg>connectSession</arg>
<arg>${BASE_URL}</arg>
<doc>Create Session: create a HTTP session to a server</doc>
<status status="PASS" start="2026-04-24T13:03:00.799901" elapsed="0.000386"/>
</kw>
<kw name="DELETE On Session" owner="RequestsLibrary">
<msg time="2026-04-24T13:03:01.047341" level="INFO">DELETE Request : url=http://localhost:8000/ues/7/bearers/3 
 path_url=/ues/7/bearers/3 
 headers={'User-Agent': 'python-requests/2.32.5', 'Accept-Encoding': 'gzip, deflate, zstd', 'Accept': '*/*', 'Connection': 'keep-alive', 'Content-Length': '0'} 
 body=None 
 </msg>
<msg time="2026-04-24T13:03:01.047405" level="INFO">DELETE Response : url=http://localhost:8000/ues/7/bearers/3 
 status=200, reason=OK 
 headers={'date': 'Fri, 24 Apr 2026 11:03:00 GMT', 'server': 'uvicorn', 'content-length': '51', 'content-type': 'application/json'} 
 body={"status":"bearer_deleted","ue_id":7,"bearer_id":3} 
 </msg>
<msg time="2026-04-24T13:03:01.047510" level="INFO">${RESPONSE} = &lt;Response [200]&gt;</msg>
<var>${RESPONSE}</var>
<arg>connectSession</arg>
<arg>/ues/${UeId}/bearers/${BearerId}</arg>
<doc>Sends a DELETE request on a previously created HTTP Session.</doc>
<status status="PASS" start="2026-04-24T13:03:00.800429" elapsed="0.247108"/>
</kw>
<return>
<value>${RESPONSE}</value>
<status status="PASS" start="2026-04-24T13:03:01.047592" elapsed="0.000034"/>
</return>
<doc>Detach Bearer with BearerId from UE with UeId</doc>
<status status="PASS" start="2026-04-24T13:03:00.799574" elapsed="0.248152"/>
</kw>
<kw name="Detach UE7 From Network" owner="SetupTeardown" source_name="Detach UE${UeId} From Network">
<kw name="Create Session" owner="RequestsLibrary">
<msg time="2026-04-24T13:03:01.048437" level="INFO">Creating Session using : alias=connectSession, url=http://localhost:8000, headers={},                     cookies={}, auth=None, timeout=None, proxies=None, verify=False,                     debug=0 </msg>
<arg>connectSession</arg>
<arg>${BASE_URL}</arg>
<doc>Create Session: create a HTTP session to a server</doc>
<status status="PASS" start="2026-04-24T13:03:01.048314" elapsed="0.000243"/>
</kw>
<kw name="DELETE On Session" owner="RequestsLibrary">
<msg time="2026-04-24T13:03:01.246453" level="INFO">DELETE Request : url=http://localhost:8000/ues/7 
 path_url=/ues/7 
 headers={'User-Agent': 'python-requests/2.32.5', 'Accept-Encoding': 'gzip, deflate, zstd', 'Accept': '*/*', 'Connection': 'keep-alive', 'Content-Length': '0'} 
 body=None 
 </msg>
<msg time="2026-04-24T13:03:01.246536" level="INFO">DELETE Response : url=http://localhost:8000/ues/7 
 status=200, reason=OK 
 headers={'date': 'Fri, 24 Apr 2026 11:03:00 GMT', 'server': 'uvicorn', 'content-length': '31', 'content-type': 'application/json'} 
 body={"status":"detached","ue_id":7} 
 </msg>
<msg time="2026-04-24T13:03:01.246675" level="INFO">${RESPONSE} = &lt;Response [200]&gt;</msg>
<var>${RESPONSE}</var>
<arg>connectSession</arg>
<arg>/ues/${UeId}</arg>
<doc>Sends a DELETE request on a previously created HTTP Session.</doc>
<status status="PASS" start="2026-04-24T13:03:01.048719" elapsed="0.197980"/>
</kw>
<return>
<value>${RESPONSE}</value>
<status status="PASS" start="2026-04-24T13:03:01.246784" elapsed="0.000044"/>
</return>
<doc>Detach UE with id UeId from the network.</doc>
<status status="PASS" start="2026-04-24T13:03:01.047926" elapsed="0.199106"/>
</kw>
<doc>Here we will Detach the UE and Delete the Bearer.</doc>
<status status="PASS" start="2026-04-24T13:03:00.799184" elapsed="0.447912"/>
</kw>
<doc>Verify that data transfer succeeds over TCP with low connection speed (1 kbps).</doc>
<status status="PASS" start="2026-04-24T13:02:58.165730" elapsed="3.081478"/>
</test>
<test id="s1-t3" name="TC 03 - TCP Transfer at Medium Speed (1 Mbps)" line="26">
<kw name="Prepare Test Environment" owner="SetupTeardown" type="SETUP">
<kw name="Attach UE7 To Network" owner="SetupTeardown" source_name="Attach UE${UeId} To Network">
<kw name="Create Session" owner="RequestsLibrary">
<msg time="2026-04-24T13:03:01.248635" level="INFO">Creating Session using : alias=connectSession, url=http://localhost:8000, headers={},                     cookies={}, auth=None, timeout=None, proxies=None, verify=False,                     debug=0 </msg>
<arg>connectSession</arg>
<arg>${BASE_URL}</arg>
<doc>Create Session: create a HTTP session to a server</doc>
<status status="PASS" start="2026-04-24T13:03:01.248519" elapsed="0.000226"/>
</kw>
<kw name="Create Dictionary" owner="BuiltIn">
<msg time="2026-04-24T13:03:01.249271" level="INFO">${BODY} = {'ue_id': '7'}</msg>
<var>${BODY}</var>
<arg>ue_id=${UeId}</arg>
<doc>Creates and returns a dictionary based on the given ``items``.</doc>
<status status="PASS" start="2026-04-24T13:03:01.248866" elapsed="0.000429"/>
</kw>
<kw name="POST On Session" owner="RequestsLibrary">
<msg time="2026-04-24T13:03:01.479510" level="INFO">POST Request : url=http://localhost:8000/ues 
 path_url=/ues 
 headers={'User-Agent': 'python-requests/2.32.5', 'Accept-Encoding': 'gzip, deflate, zstd', 'Accept': '*/*', 'Connection': 'keep-alive', 'Content-Length': '14', 'Content-Type': 'application/json'} 
 body=b'{"ue_id": "7"}' 
 </msg>
<msg time="2026-04-24T13:03:01.479661" level="INFO">POST Response : url=http://localhost:8000/ues 
 status=200, reason=OK 
 headers={'date': 'Fri, 24 Apr 2026 11:03:00 GMT', 'server': 'uvicorn', 'content-length': '31', 'content-type': 'application/json'} 
 body={"status":"attached","ue_id":7} 
 </msg>
<msg time="2026-04-24T13:03:01.479827" level="INFO">${RESPONSE} = &lt;Response [200]&gt;</msg>
<var>${RESPONSE}</var>
<arg>connectSession</arg>
<arg>/ues</arg>
<arg>json=${BODY}</arg>
<doc>Sends a POST request on a previously created HTTP Session.</doc>
<status status="PASS" start="2026-04-24T13:03:01.249407" elapsed="0.230444"/>
</kw>
<kw name="Set Test Variable" owner="BuiltIn">
<msg time="2026-04-24T13:03:01.480507" level="INFO">${UE_ID} = 7</msg>
<arg>${UE_ID}</arg>
<arg>${UeId}</arg>
<doc>Makes a variable available everywhere within the scope of the current test.</doc>
<status status="PASS" start="2026-04-24T13:03:01.480128" elapsed="0.000427"/>
</kw>
<return>
<value>${RESPONSE}</value>
<status status="PASS" start="2026-04-24T13:03:01.480613" elapsed="0.000067"/>
</return>
<doc>Attach UE with id UeId to the network.</doc>
<status status="PASS" start="2026-04-24T13:03:01.248310" elapsed="0.232537"/>
</kw>
<kw name="Attach Bearer3 To UE7" owner="SetupTeardown" source_name="Attach Bearer${BearerId} To UE${UeId}">
<kw name="Create Session" owner="RequestsLibrary">
<msg time="2026-04-24T13:03:01.481535" level="INFO">Creating Session using : alias=connectSession, url=http://localhost:8000, headers={},                     cookies={}, auth=None, timeout=None, proxies=None, verify=False,                     debug=0 </msg>
<arg>connectSession</arg>
<arg>${BASE_URL}</arg>
<doc>Create Session: create a HTTP session to a server</doc>
<status status="PASS" start="2026-04-24T13:03:01.481412" elapsed="0.000261"/>
</kw>
<kw name="Create Dictionary" owner="BuiltIn">
<msg time="2026-04-24T13:03:01.482190" level="INFO">${BODY} = {'bearer_id': '3'}</msg>
<var>${BODY}</var>
<arg>bearer_id=${BearerId}</arg>
<doc>Creates and returns a dictionary based on the given ``items``.</doc>
<status status="PASS" start="2026-04-24T13:03:01.481794" elapsed="0.000419"/>
</kw>
<kw name="POST On Session" owner="RequestsLibrary">
<msg time="2026-04-24T13:03:01.720070" level="INFO">POST Request : url=http://localhost:8000/ues/7/bearers 
 path_url=/ues/7/bearers 
 headers={'User-Agent': 'python-requests/2.32.5', 'Accept-Encoding': 'gzip, deflate, zstd', 'Accept': '*/*', 'Connection': 'keep-alive', 'Content-Length': '18', 'Content-Type': 'application/json'} 
 body=b'{"bearer_id": "3"}' 
 </msg>
<msg time="2026-04-24T13:03:01.720132" level="INFO">POST Response : url=http://localhost:8000/ues/7/bearers 
 status=200, reason=OK 
 headers={'date': 'Fri, 24 Apr 2026 11:03:00 GMT', 'server': 'uvicorn', 'content-length': '49', 'content-type': 'application/json'} 
 body={"status":"bearer_added","ue_id":7,"bearer_id":3} 
 </msg>
<msg time="2026-04-24T13:03:01.720228" level="INFO">${RESPONSE} = &lt;Response [200]&gt;</msg>
<var>${RESPONSE}</var>
<arg>connectSession</arg>
<arg>/ues/${UeId}/bearers</arg>
<arg>json=${BODY}</arg>
<doc>Sends a POST request on a previously created HTTP Session.</doc>
<status status="PASS" start="2026-04-24T13:03:01.482323" elapsed="0.237931"/>
</kw>
<kw name="Set Test Variable" owner="BuiltIn">
<msg time="2026-04-24T13:03:01.720724" level="INFO">${BEARER_ID} = 3</msg>
<arg>${BEARER_ID}</arg>
<arg>${BearerId}</arg>
<doc>Makes a variable available everywhere within the scope of the current test.</doc>
<status status="PASS" start="2026-04-24T13:03:01.720412" elapsed="0.000349"/>
</kw>
<return>
<value>${RESPONSE}</value>
<status status="PASS" start="2026-04-24T13:03:01.720805" elapsed="0.000032"/>
</return>
<doc>Attach Bearer with BearerId to UE with UeId.</doc>
<status status="PASS" start="2026-04-24T13:03:01.481121" elapsed="0.239809"/>
</kw>
<doc>Here we will Attach the UE and Add the Bearer.</doc>
<status status="PASS" start="2026-04-24T13:03:01.248051" elapsed="0.472963"/>
</kw>
<kw name="Set Transter Speed To 1 Mbps" owner="TransferConfiguration" source_name="Set Transter Speed To ${Speed} ${Units}">
<kw name="Convert To Integer" owner="BuiltIn">
<msg time="2026-04-24T13:03:01.721787" level="INFO">${SPEED} = 1</msg>
<var>${SPEED}</var>
<arg>${Speed}</arg>
<doc>Converts the given item to an integer number.</doc>
<status status="PASS" start="2026-04-24T13:03:01.721516" elapsed="0.000295"/>
</kw>
<kw name="Parse ${Units} And ${SPEED}" owner="TransferConfiguration" source_name="Parse ${Units} And ${Speed}">
<if>
<branch type="IF" condition="'${Units}' == 'bps'">
<kw name="Set Variable" owner="BuiltIn">
<var>${SPEED_bps}</var>
<arg>${Speed}</arg>
<doc>Returns the given values which can then be assigned to a variables.</doc>
<status status="NOT RUN" start="2026-04-24T13:03:01.722582" elapsed="0.000021"/>
</kw>
<status status="NOT RUN" start="2026-04-24T13:03:01.722379" elapsed="0.000256"/>
</branch>
<branch type="ELSE IF" condition="'${Units}' == 'kbps'">
<kw name="Evaluate" owner="BuiltIn">
<var>${SPEED_bps}</var>
<arg>${Speed} * 1000</arg>
<doc>Evaluates the given expression in Python and returns the result.</doc>
<status status="NOT RUN" start="2026-04-24T13:03:01.722823" elapsed="0.000018"/>
</kw>
<status status="NOT RUN" start="2026-04-24T13:03:01.722658" elapsed="0.000213"/>
</branch>
<branch type="ELSE IF" condition="'${Units}' == 'Mbps'">
<kw name="Evaluate" owner="BuiltIn">
<msg time="2026-04-24T13:03:01.723417" level="INFO">${SPEED_bps} = 1000000</msg>
<var>${SPEED_bps}</var>
<arg>${Speed} * 1000000</arg>
<doc>Evaluates the given expression in Python and returns the result.</doc>
<status status="PASS" start="2026-04-24T13:03:01.723117" elapsed="0.000342"/>
</kw>
<status status="PASS" start="2026-04-24T13:03:01.722894" elapsed="0.000598"/>
</branch>
<branch type="ELSE">
<kw name="Fail" owner="BuiltIn">
<arg>Unsupported unit: ${Units}</arg>
<doc>Fails the test with the given message and optionally alters its tags.</doc>
<status status="NOT RUN" start="2026-04-24T13:03:01.723618" elapsed="0.000018"/>
</kw>
<status status="NOT RUN" start="2026-04-24T13:03:01.723515" elapsed="0.000147"/>
</branch>
<status status="PASS" start="2026-04-24T13:03:01.722361" elapsed="0.001320"/>
</if>
<kw name="Set Test Variable" owner="BuiltIn">
<msg time="2026-04-24T13:03:01.724113" level="INFO">${SPEED_bps} = 1000000</msg>
<arg>${SPEED_bps}</arg>
<arg>${SPEED_bps}</arg>
<doc>Makes a variable available everywhere within the scope of the current test.</doc>
<status status="PASS" start="2026-04-24T13:03:01.723778" elapsed="0.000378"/>
</kw>
<doc>Hello</doc>
<status status="PASS" start="2026-04-24T13:03:01.722149" elapsed="0.002056"/>
</kw>
<kw name="Set Test Variable" owner="BuiltIn">
<msg time="2026-04-24T13:03:01.724558" level="INFO">${SPEED} = 1</msg>
<arg>${SPEED}</arg>
<arg>${SPEED}</arg>
<doc>Makes a variable available everywhere within the scope of the current test.</doc>
<status status="PASS" start="2026-04-24T13:03:01.724310" elapsed="0.000284"/>
</kw>
<kw name="Set Test Variable" owner="BuiltIn">
<msg time="2026-04-24T13:03:01.724998" level="INFO">${UNITS} = Mbps</msg>
<arg>${UNITS}</arg>
<arg>${Units}</arg>
<doc>Makes a variable available everywhere within the scope of the current test.</doc>
<status status="PASS" start="2026-04-24T13:03:01.724703" elapsed="0.000334"/>
</kw>
<doc>Here we set the transfer speed for the connection.</doc>
<status status="PASS" start="2026-04-24T13:03:01.721266" elapsed="0.003832"/>
</kw>
<kw name="Set TCP Protocol" owner="TransferConfiguration" source_name="Set ${Protocol} Protocol">
<kw name="Convert To Lower Case" owner="String">
<msg time="2026-04-24T13:03:01.725700" level="INFO">${PROTOCOL} = tcp</msg>
<var>${PROTOCOL}</var>
<arg>${Protocol}</arg>
<doc>Converts string to lower case.</doc>
<status status="PASS" start="2026-04-24T13:03:01.725551" elapsed="0.000171"/>
</kw>
<kw name="Set Test Variable" owner="BuiltIn">
<msg time="2026-04-24T13:03:01.726090" level="INFO">${PROTOCOL} = tcp</msg>
<arg>${PROTOCOL}</arg>
<arg>${PROTOCOL}</arg>
<doc>Makes a variable available everywhere within the scope of the current test.</doc>
<status status="PASS" start="2026-04-24T13:03:01.725830" elapsed="0.000296"/>
</kw>
<doc>Here we set the protocol on the connection.</doc>
<status status="PASS" start="2026-04-24T13:03:01.725305" elapsed="0.000869"/>
</kw>
<kw name="Verify Transfer" owner="TransferVerification">
<kw name="Start Transfer" owner="TransferVerification">
<kw name="Create Session" owner="RequestsLibrary">
<msg time="2026-04-24T13:03:01.727021" level="INFO">Creating Session using : alias=connectSession, url=http://localhost:8000, headers={},                     cookies={}, auth=None, timeout=None, proxies=None, verify=False,                     debug=0 </msg>
<arg>connectSession</arg>
<arg>${BASE_URL}</arg>
<doc>Create Session: create a HTTP session to a server</doc>
<status status="PASS" start="2026-04-24T13:03:01.726902" elapsed="0.000230"/>
</kw>
<kw name="Create Dictionary" owner="BuiltIn">
<msg time="2026-04-24T13:03:01.727590" level="INFO">${BODY} = {'protocol': 'tcp', 'Mbps': 1}</msg>
<var>${BODY}</var>
<arg>protocol=${PROTOCOL}</arg>
<arg>${UNITS}=${SPEED}</arg>
<doc>Creates and returns a dictionary based on the given ``items``.</doc>
<status status="PASS" start="2026-04-24T13:03:01.727247" elapsed="0.000367"/>
</kw>
<kw name="Log To Console" owner="BuiltIn">
<arg>\n${BODY}</arg>
<doc>Logs the given message to the console.</doc>
<status status="PASS" start="2026-04-24T13:03:01.727721" elapsed="0.000273"/>
</kw>
<kw name="POST On Session" owner="RequestsLibrary">
<msg time="2026-04-24T13:03:02.227131" level="INFO">POST Request : url=http://localhost:8000/ues/7/bearers/3/traffic 
 path_url=/ues/7/bearers/3/traffic 
 headers={'User-Agent': 'python-requests/2.32.5', 'Accept-Encoding': 'gzip, deflate, zstd', 'Accept': '*/*', 'Connection': 'keep-alive', 'Content-Length': '30', 'Content-Type': 'application/json'} 
 body=b'{"protocol": "tcp", "Mbps": 1}' 
 </msg>
<msg time="2026-04-24T13:03:02.227220" level="INFO">POST Response : url=http://localhost:8000/ues/7/bearers/3/traffic 
 status=200, reason=OK 
 headers={'date': 'Fri, 24 Apr 2026 11:03:01 GMT', 'server': 'uvicorn', 'content-length': '73', 'content-type': 'application/json'} 
 body={"status":"traffic_started","ue_id":7,"bearer_id":3,"target_bps":1000000} 
 </msg>
<msg time="2026-04-24T13:03:02.227401" level="INFO">${RESPONSE} = &lt;Response [200]&gt;</msg>
<var>${RESPONSE}</var>
<arg>connectSession</arg>
<arg>/ues/${UE_ID}/bearers/${BEARER_ID}/traffic</arg>
<arg>json=${BODY}</arg>
<arg>expected_status=any</arg>
<doc>Sends a POST request on a previously created HTTP Session.</doc>
<status status="PASS" start="2026-04-24T13:03:01.728135" elapsed="0.499330"/>
</kw>
<return>
<value>${RESPONSE.status_code}</value>
<status status="PASS" start="2026-04-24T13:03:02.227574" elapsed="0.000042"/>
</return>
<doc>Start the transfer of data</doc>
<status status="PASS" start="2026-04-24T13:03:01.726665" elapsed="0.501652"/>
</kw>
<kw name="Sleep" owner="BuiltIn">
<msg time="2026-04-24T13:03:03.229133" level="INFO">Slept 1 second.</msg>
<msg time="2026-04-24T13:03:03.229193" level="INFO">Testing the connection for a duration of time.</msg>
<arg>${DURATION}</arg>
<arg>Testing the connection for a duration of time.</arg>
<doc>Pauses the test executed for the given time.</doc>
<status status="PASS" start="2026-04-24T13:03:02.228476" elapsed="1.000794"/>
</kw>
<kw name="Get Transfer" owner="TransferVerification">
<kw name="Create Session" owner="RequestsLibrary">
<msg time="2026-04-24T13:03:03.230340" level="INFO">Creating Session using : alias=connectSession, url=http://localhost:8000, headers={},                     cookies={}, auth=None, timeout=None, proxies=None, verify=False,                     debug=0 </msg>
<arg>connectSession</arg>
<arg>${BASE_URL}</arg>
<doc>Create Session: create a HTTP session to a server</doc>
<status status="PASS" start="2026-04-24T13:03:03.230118" elapsed="0.000397"/>
</kw>
<kw name="GET On Session" owner="RequestsLibrary">
<msg time="2026-04-24T13:03:03.234469" level="INFO">GET Request : url=http://localhost:8000/ues/7/bearers/3/traffic 
 path_url=/ues/7/bearers/3/traffic 
 headers={'User-Agent': 'python-requests/2.32.5', 'Accept-Encoding': 'gzip, deflate, zstd', 'Accept': '*/*', 'Connection': 'keep-alive'} 
 body=None 
 </msg>
<msg time="2026-04-24T13:03:03.234528" level="INFO">GET Response : url=http://localhost:8000/ues/7/bearers/3/traffic 
 status=200, reason=OK 
 headers={'date': 'Fri, 24 Apr 2026 11:03:02 GMT', 'server': 'uvicorn', 'content-length': '125', 'content-type': 'application/json'} 
 body={"ue_id":7,"bearer_id":3,"protocol":"tcp","target_bps":1000000,"tx_bps":805908,"rx_bps":805908,"duration":1.2408363819122314} 
 </msg>
<msg time="2026-04-24T13:03:03.234628" level="INFO">${RESPONSE} = &lt;Response [200]&gt;</msg>
<var>${RESPONSE}</var>
<arg>connectSession</arg>
<arg>/ues/${UE_ID}/bearers/${BEARER_ID}/traffic</arg>
<doc>Sends a GET request on a previously created HTTP Session.</doc>
<status status="PASS" start="2026-04-24T13:03:03.230638" elapsed="0.004013"/>
</kw>
<kw name="Validate Transfer ${RESPONSE} Received" owner="TransferVerification" source_name="Validate Transfer ${Response} Received">
<kw name="Log To Console" owner="BuiltIn">
<arg>${Response.json()}</arg>
<doc>Logs the given message to the console.</doc>
<status status="PASS" start="2026-04-24T13:03:03.235286" elapsed="0.000603"/>
</kw>
<kw name="Parse And Validate ${Response.json()} Dictionary" owner="TransferVerification" source_name="Parse And Validate ${Dictionary} Dictionary">
<kw name="Dictionary Should Contain Key" owner="Collections">
<arg>${Dictionary}</arg>
<arg>ue_id</arg>
<doc>Fails if ``key`` is not found from ``dictionary``.</doc>
<status status="PASS" start="2026-04-24T13:03:03.236785" elapsed="0.000214"/>
</kw>
<kw name="Dictionary Should Contain Key" owner="Collections">
<arg>${Dictionary}</arg>
<arg>bearer_id</arg>
<doc>Fails if ``key`` is not found from ``dictionary``.</doc>
<status status="PASS" start="2026-04-24T13:03:03.237123" elapsed="0.000124"/>
</kw>
<kw name="Dictionary Should Contain Key" owner="Collections">
<arg>${Dictionary}</arg>
<arg>protocol</arg>
<doc>Fails if ``key`` is not found from ``dictionary``.</doc>
<status status="PASS" start="2026-04-24T13:03:03.237351" elapsed="0.000126"/>
</kw>
<kw name="Dictionary Should Contain Key" owner="Collections">
<arg>${Dictionary}</arg>
<arg>target_bps</arg>
<doc>Fails if ``key`` is not found from ``dictionary``.</doc>
<status status="PASS" start="2026-04-24T13:03:03.237584" elapsed="0.000121"/>
</kw>
<kw name="Dictionary Should Contain Key" owner="Collections">
<arg>${Dictionary}</arg>
<arg>duration</arg>
<doc>Fails if ``key`` is not found from ``dictionary``.</doc>
<status status="PASS" start="2026-04-24T13:03:03.237807" elapsed="0.000124"/>
</kw>
<kw name="Should Be Equal As Integers" owner="BuiltIn">
<msg time="2026-04-24T13:03:03.238369" level="INFO">Argument types are:
&lt;class 'int'&gt;
&lt;class 'str'&gt;</msg>
<arg>${Dictionary}[ue_id]</arg>
<arg>${UE_ID}</arg>
<doc>Fails if objects are unequal after converting them to integers.</doc>
<status status="PASS" start="2026-04-24T13:03:03.238127" elapsed="0.000290"/>
</kw>
<kw name="Should Be Equal As Integers" owner="BuiltIn">
<msg time="2026-04-24T13:03:03.238751" level="INFO">Argument types are:
&lt;class 'int'&gt;
&lt;class 'str'&gt;</msg>
<arg>${Dictionary}[bearer_id]</arg>
<arg>${BEARER_ID}</arg>
<doc>Fails if objects are unequal after converting them to integers.</doc>
<status status="PASS" start="2026-04-24T13:03:03.238521" elapsed="0.000275"/>
</kw>
<kw name="Should Be Equal As Strings" owner="BuiltIn">
<arg>${Dictionary}[protocol]</arg>
<arg>${PROTOCOL}</arg>
<doc>Fails if objects are unequal after converting them to strings.</doc>
<status status="PASS" start="2026-04-24T13:03:03.238900" elapsed="0.000322"/>
</kw>
<kw name="Should Be Equal As Integers" owner="BuiltIn">
<arg>${Dictionary}[target_bps]</arg>
<arg>${SPEED_bps}</arg>
<doc>Fails if objects are unequal after converting them to integers.</doc>
<status status="PASS" start="2026-04-24T13:03:03.239331" elapsed="0.000253"/>
</kw>
<doc>Comparing values as Integers</doc>
<status status="PASS" start="2026-04-24T13:03:03.236252" elapsed="0.003383"/>
</kw>
<doc>Validating if the transfer matches assumptions</doc>
<status status="PASS" start="2026-04-24T13:03:03.234893" elapsed="0.004781"/>
</kw>
<doc>Check if the transfer is valid</doc>
<status status="PASS" start="2026-04-24T13:03:03.229567" elapsed="0.010143"/>
</kw>
<kw name="End Transfer" owner="TransferVerification">
<kw name="Create Session" owner="RequestsLibrary">
<msg time="2026-04-24T13:03:03.240301" level="INFO">Creating Session using : alias=connectSession, url=http://localhost:8000, headers={},                     cookies={}, auth=None, timeout=None, proxies=None, verify=False,                     debug=0 </msg>
<arg>connectSession</arg>
<arg>${BASE_URL}</arg>
<doc>Create Session: create a HTTP session to a server</doc>
<status status="PASS" start="2026-04-24T13:03:03.240188" elapsed="0.000225"/>
</kw>
<kw name="DELETE On Session" owner="RequestsLibrary">
<msg time="2026-04-24T13:03:03.472527" level="INFO">DELETE Request : url=http://localhost:8000/ues/7/bearers/3/traffic 
 path_url=/ues/7/bearers/3/traffic 
 headers={'User-Agent': 'python-requests/2.32.5', 'Accept-Encoding': 'gzip, deflate, zstd', 'Accept': '*/*', 'Connection': 'keep-alive', 'Content-Length': '0'} 
 body=None 
 </msg>
<msg time="2026-04-24T13:03:03.472588" level="INFO">DELETE Response : url=http://localhost:8000/ues/7/bearers/3/traffic 
 status=200, reason=OK 
 headers={'date': 'Fri, 24 Apr 2026 11:03:02 GMT', 'server': 'uvicorn', 'content-length': '52', 'content-type': 'application/json'} 
 body={"status":"traffic_stopped","ue_id":7,"bearer_id":3} 
 </msg>
<msg time="2026-04-24T13:03:03.472683" level="INFO">${RESPONSE} = &lt;Response [200]&gt;</msg>
<var>${RESPONSE}</var>
<arg>connectSession</arg>
<arg>/ues/${UE_ID}/bearers/${BEARER_ID}/traffic</arg>
<doc>Sends a DELETE request on a previously created HTTP Session.</doc>
<status status="PASS" start="2026-04-24T13:03:03.240524" elapsed="0.232181"/>
</kw>
<doc>End the transfer of data</doc>
<status status="PASS" start="2026-04-24T13:03:03.239830" elapsed="0.232939"/>
</kw>
<doc>Here we will execute the transfer speed test.</doc>
<status status="PASS" start="2026-04-24T13:03:01.726387" elapsed="1.746424"/>
</kw>
<kw name="Clean Test Environment" owner="SetupTeardown" type="TEARDOWN">
<kw name="Detach Bearer3 From UE7" owner="SetupTeardown" source_name="Detach Bearer${BearerId} From UE${UeId}">
<kw name="Create Session" owner="RequestsLibrary">
<msg time="2026-04-24T13:03:03.473908" level="INFO">Creating Session using : alias=connectSession, url=http://localhost:8000, headers={},                     cookies={}, auth=None, timeout=None, proxies=None, verify=False,                     debug=0 </msg>
<arg>connectSession</arg>
<arg>${BASE_URL}</arg>
<doc>Create Session: create a HTTP session to a server</doc>
<status status="PASS" start="2026-04-24T13:03:03.473793" elapsed="0.000300"/>
</kw>
<kw name="DELETE On Session" owner="RequestsLibrary">
<msg time="2026-04-24T13:03:03.705270" level="INFO">DELETE Request : url=http://localhost:8000/ues/7/bearers/3 
 path_url=/ues/7/bearers/3 
 headers={'User-Agent': 'python-requests/2.32.5', 'Accept-Encoding': 'gzip, deflate, zstd', 'Accept': '*/*', 'Connection': 'keep-alive', 'Content-Length': '0'} 
 body=None 
 </msg>
<msg time="2026-04-24T13:03:03.705336" level="INFO">DELETE Response : url=http://localhost:8000/ues/7/bearers/3 
 status=200, reason=OK 
 headers={'date': 'Fri, 24 Apr 2026 11:03:02 GMT', 'server': 'uvicorn', 'content-length': '51', 'content-type': 'application/json'} 
 body={"status":"bearer_deleted","ue_id":7,"bearer_id":3} 
 </msg>
<msg time="2026-04-24T13:03:03.705438" level="INFO">${RESPONSE} = &lt;Response [200]&gt;</msg>
<var>${RESPONSE}</var>
<arg>connectSession</arg>
<arg>/ues/${UeId}/bearers/${BearerId}</arg>
<doc>Sends a DELETE request on a previously created HTTP Session.</doc>
<status status="PASS" start="2026-04-24T13:03:03.474205" elapsed="0.231254"/>
</kw>
<return>
<value>${RESPONSE}</value>
<status status="PASS" start="2026-04-24T13:03:03.705515" elapsed="0.000033"/>
</return>
<doc>Detach Bearer with BearerId from UE with UeId</doc>
<status status="PASS" start="2026-04-24T13:03:03.473496" elapsed="0.232146"/>
</kw>
<kw name="Detach UE7 From Network" owner="SetupTeardown" source_name="Detach UE${UeId} From Network">
<kw name="Create Session" owner="RequestsLibrary">
<msg time="2026-04-24T13:03:03.706315" level="INFO">Creating Session using : alias=connectSession, url=http://localhost:8000, headers={},                     cookies={}, auth=None, timeout=None, proxies=None, verify=False,                     debug=0 </msg>
<arg>connectSession</arg>
<arg>${BASE_URL}</arg>
<doc>Create Session: create a HTTP session to a server</doc>
<status status="PASS" start="2026-04-24T13:03:03.706205" elapsed="0.000229"/>
</kw>
<kw name="DELETE On Session" owner="RequestsLibrary">
<msg time="2026-04-24T13:03:03.929662" level="INFO">DELETE Request : url=http://localhost:8000/ues/7 
 path_url=/ues/7 
 headers={'User-Agent': 'python-requests/2.32.5', 'Accept-Encoding': 'gzip, deflate, zstd', 'Accept': '*/*', 'Connection': 'keep-alive', 'Content-Length': '0'} 
 body=None 
 </msg>
<msg time="2026-04-24T13:03:03.929729" level="INFO">DELETE Response : url=http://localhost:8000/ues/7 
 status=200, reason=OK 
 headers={'date': 'Fri, 24 Apr 2026 11:03:03 GMT', 'server': 'uvicorn', 'content-length': '31', 'content-type': 'application/json'} 
 body={"status":"detached","ue_id":7} 
 </msg>
<msg time="2026-04-24T13:03:03.929837" level="INFO">${RESPONSE} = &lt;Response [200]&gt;</msg>
<var>${RESPONSE}</var>
<arg>connectSession</arg>
<arg>/ues/${UeId}</arg>
<doc>Sends a DELETE request on a previously created HTTP Session.</doc>
<status status="PASS" start="2026-04-24T13:03:03.706545" elapsed="0.223335"/>
</kw>
<return>
<value>${RESPONSE}</value>
<status status="PASS" start="2026-04-24T13:03:03.929998" elapsed="0.000051"/>
</return>
<doc>Detach UE with id UeId from the network.</doc>
<status status="PASS" start="2026-04-24T13:03:03.705834" elapsed="0.224358"/>
</kw>
<doc>Here we will Detach the UE and Delete the Bearer.</doc>
<status status="PASS" start="2026-04-24T13:03:03.473176" elapsed="0.457092"/>
</kw>
<doc>Verify that data transfer succeeds over TCP with medium connection speed (1 Mbps).</doc>
<status status="PASS" start="2026-04-24T13:03:01.247518" elapsed="2.682878"/>
</test>
<test id="s1-t4" name="TC 04 - TCP Transfer at High Speed (50 Mbps)" line="32">
<kw name="Prepare Test Environment" owner="SetupTeardown" type="SETUP">
<kw name="Attach UE7 To Network" owner="SetupTeardown" source_name="Attach UE${UeId} To Network">
<kw name="Create Session" owner="RequestsLibrary">
<msg time="2026-04-24T13:03:03.931759" level="INFO">Creating Session using : alias=connectSession, url=http://localhost:8000, headers={},                     cookies={}, auth=None, timeout=None, proxies=None, verify=False,                     debug=0 </msg>
<arg>connectSession</arg>
<arg>${BASE_URL}</arg>
<doc>Create Session: create a HTTP session to a server</doc>
<status status="PASS" start="2026-04-24T13:03:03.931644" elapsed="0.000242"/>
</kw>
<kw name="Create Dictionary" owner="BuiltIn">
<msg time="2026-04-24T13:03:03.932393" level="INFO">${BODY} = {'ue_id': '7'}</msg>
<var>${BODY}</var>
<arg>ue_id=${UeId}</arg>
<doc>Creates and returns a dictionary based on the given ``items``.</doc>
<status status="PASS" start="2026-04-24T13:03:03.932074" elapsed="0.000342"/>
</kw>
<kw name="POST On Session" owner="RequestsLibrary">
<msg time="2026-04-24T13:03:04.170473" level="INFO">POST Request : url=http://localhost:8000/ues 
 path_url=/ues 
 headers={'User-Agent': 'python-requests/2.32.5', 'Accept-Encoding': 'gzip, deflate, zstd', 'Accept': '*/*', 'Connection': 'keep-alive', 'Content-Length': '14', 'Content-Type': 'application/json'} 
 body=b'{"ue_id": "7"}' 
 </msg>
<msg time="2026-04-24T13:03:04.170535" level="INFO">POST Response : url=http://localhost:8000/ues 
 status=200, reason=OK 
 headers={'date': 'Fri, 24 Apr 2026 11:03:03 GMT', 'server': 'uvicorn', 'content-length': '31', 'content-type': 'application/json'} 
 body={"status":"attached","ue_id":7} 
 </msg>
<msg time="2026-04-24T13:03:04.170630" level="INFO">${RESPONSE} = &lt;Response [200]&gt;</msg>
<var>${RESPONSE}</var>
<arg>connectSession</arg>
<arg>/ues</arg>
<arg>json=${BODY}</arg>
<doc>Sends a POST request on a previously created HTTP Session.</doc>
<status status="PASS" start="2026-04-24T13:03:03.932523" elapsed="0.238129"/>
</kw>
<kw name="Set Test Variable" owner="BuiltIn">
<msg time="2026-04-24T13:03:04.171172" level="INFO">${UE_ID} = 7</msg>
<arg>${UE_ID}</arg>
<arg>${UeId}</arg>
<doc>Makes a variable available everywhere within the scope of the current test.</doc>
<status status="PASS" start="2026-04-24T13:03:04.170802" elapsed="0.000407"/>
</kw>
<return>
<value>${RESPONSE}</value>
<status status="PASS" start="2026-04-24T13:03:04.171252" elapsed="0.000035"/>
</return>
<doc>Attach UE with id UeId to the network.</doc>
<status status="PASS" start="2026-04-24T13:03:03.931427" elapsed="0.239944"/>
</kw>
<kw name="Attach Bearer3 To UE7" owner="SetupTeardown" source_name="Attach Bearer${BearerId} To UE${UeId}">
<kw name="Create Session" owner="RequestsLibrary">
<msg time="2026-04-24T13:03:04.171881" level="INFO">Creating Session using : alias=connectSession, url=http://localhost:8000, headers={},                     cookies={}, auth=None, timeout=None, proxies=None, verify=False,                     debug=0 </msg>
<arg>connectSession</arg>
<arg>${BASE_URL}</arg>
<doc>Create Session: create a HTTP session to a server</doc>
<status status="PASS" start="2026-04-24T13:03:04.171771" elapsed="0.000267"/>
</kw>
<kw name="Create Dictionary" owner="BuiltIn">
<msg time="2026-04-24T13:03:04.172457" level="INFO">${BODY} = {'bearer_id': '3'}</msg>
<var>${BODY}</var>
<arg>bearer_id=${BearerId}</arg>
<doc>Creates and returns a dictionary based on the given ``items``.</doc>
<status status="PASS" start="2026-04-24T13:03:04.172157" elapsed="0.000323"/>
</kw>
<kw name="POST On Session" owner="RequestsLibrary">
<msg time="2026-04-24T13:03:04.403273" level="INFO">POST Request : url=http://localhost:8000/ues/7/bearers 
 path_url=/ues/7/bearers 
 headers={'User-Agent': 'python-requests/2.32.5', 'Accept-Encoding': 'gzip, deflate, zstd', 'Accept': '*/*', 'Connection': 'keep-alive', 'Content-Length': '18', 'Content-Type': 'application/json'} 
 body=b'{"bearer_id": "3"}' 
 </msg>
<msg time="2026-04-24T13:03:04.403336" level="INFO">POST Response : url=http://localhost:8000/ues/7/bearers 
 status=200, reason=OK 
 headers={'date': 'Fri, 24 Apr 2026 11:03:03 GMT', 'server': 'uvicorn', 'content-length': '49', 'content-type': 'application/json'} 
 body={"status":"bearer_added","ue_id":7,"bearer_id":3} 
 </msg>
<msg time="2026-04-24T13:03:04.403432" level="INFO">${RESPONSE} = &lt;Response [200]&gt;</msg>
<var>${RESPONSE}</var>
<arg>connectSession</arg>
<arg>/ues/${UeId}/bearers</arg>
<arg>json=${BODY}</arg>
<doc>Sends a POST request on a previously created HTTP Session.</doc>
<status status="PASS" start="2026-04-24T13:03:04.172587" elapsed="0.230867"/>
</kw>
<kw name="Set Test Variable" owner="BuiltIn">
<msg time="2026-04-24T13:03:04.403923" level="INFO">${BEARER_ID} = 3</msg>
<arg>${BEARER_ID}</arg>
<arg>${BearerId}</arg>
<doc>Makes a variable available everywhere within the scope of the current test.</doc>
<status status="PASS" start="2026-04-24T13:03:04.403611" elapsed="0.000389"/>
</kw>
<return>
<value>${RESPONSE}</value>
<status status="PASS" start="2026-04-24T13:03:04.404042" elapsed="0.000030"/>
</return>
<doc>Attach Bearer with BearerId to UE with UeId.</doc>
[...]
<status status="NOT RUN" start="2026-04-24T13:03:38.516271" elapsed="0.000020"/>
</kw>
<status status="NOT RUN" start="2026-04-24T13:03:38.516096" elapsed="0.000226"/>
</branch>
<branch type="ELSE IF" condition="'${Units}' == 'kbps'">
<kw name="Evaluate" owner="BuiltIn">
<var>${SPEED_bps}</var>
<arg>${Speed} * 1000</arg>
<doc>Evaluates the given expression in Python and returns the result.</doc>
<status status="NOT RUN" start="2026-04-24T13:03:38.516514" elapsed="0.000019"/>
</kw>
<status status="NOT RUN" start="2026-04-24T13:03:38.516344" elapsed="0.000218"/>
</branch>
<branch type="ELSE IF" condition="'${Units}' == 'Mbps'">
<kw name="Evaluate" owner="BuiltIn">
<msg time="2026-04-24T13:03:38.517090" level="INFO">${SPEED_bps} = 1000000</msg>
<var>${SPEED_bps}</var>
<arg>${Speed} * 1000000</arg>
<doc>Evaluates the given expression in Python and returns the result.</doc>
<status status="PASS" start="2026-04-24T13:03:38.516739" elapsed="0.000374"/>
</kw>
<status status="PASS" start="2026-04-24T13:03:38.516582" elapsed="0.000562"/>
</branch>
<branch type="ELSE">
<kw name="Fail" owner="BuiltIn">
<arg>Unsupported unit: ${Units}</arg>
<doc>Fails the test with the given message and optionally alters its tags.</doc>
<status status="NOT RUN" start="2026-04-24T13:03:38.517266" elapsed="0.000018"/>
</kw>
<status status="NOT RUN" start="2026-04-24T13:03:38.517166" elapsed="0.000144"/>
</branch>
<status status="PASS" start="2026-04-24T13:03:38.516079" elapsed="0.001248"/>
</if>
<kw name="Set Test Variable" owner="BuiltIn">
<msg time="2026-04-24T13:03:38.517709" level="INFO">${SPEED_bps} = 1000000</msg>
<arg>${SPEED_bps}</arg>
<arg>${SPEED_bps}</arg>
<doc>Makes a variable available everywhere within the scope of the current test.</doc>
<status status="PASS" start="2026-04-24T13:03:38.517445" elapsed="0.000302"/>
</kw>
<doc>Hello</doc>
<status status="PASS" start="2026-04-24T13:03:38.515805" elapsed="0.001991"/>
</kw>
<kw name="Set Test Variable" owner="BuiltIn">
<msg time="2026-04-24T13:03:38.518207" level="INFO">${SPEED} = 1</msg>
<arg>${SPEED}</arg>
<arg>${SPEED}</arg>
<doc>Makes a variable available everywhere within the scope of the current test.</doc>
<status status="PASS" start="2026-04-24T13:03:38.517900" elapsed="0.000345"/>
</kw>
<kw name="Set Test Variable" owner="BuiltIn">
<msg time="2026-04-24T13:03:38.518659" level="INFO">${UNITS} = Mbps</msg>
<arg>${UNITS}</arg>
<arg>${Units}</arg>
<doc>Makes a variable available everywhere within the scope of the current test.</doc>
<status status="PASS" start="2026-04-24T13:03:38.518384" elapsed="0.000311"/>
</kw>
<doc>Here we set the transfer speed for the connection.</doc>
<status status="PASS" start="2026-04-24T13:03:38.514926" elapsed="0.003818"/>
</kw>
<kw name="Set TCP Protocol" owner="TransferConfiguration" source_name="Set ${Protocol} Protocol">
<kw name="Convert To Lower Case" owner="String">
<msg time="2026-04-24T13:03:38.519415" level="INFO">${PROTOCOL} = tcp</msg>
<var>${PROTOCOL}</var>
<arg>${Protocol}</arg>
<doc>Converts string to lower case.</doc>
<status status="PASS" start="2026-04-24T13:03:38.519272" elapsed="0.000166"/>
</kw>
<kw name="Set Test Variable" owner="BuiltIn">
<msg time="2026-04-24T13:03:38.519794" level="INFO">${PROTOCOL} = tcp</msg>
<arg>${PROTOCOL}</arg>
<arg>${PROTOCOL}</arg>
<doc>Makes a variable available everywhere within the scope of the current test.</doc>
<status status="PASS" start="2026-04-24T13:03:38.519547" elapsed="0.000284"/>
</kw>
<doc>Here we set the protocol on the connection.</doc>
<status status="PASS" start="2026-04-24T13:03:38.519016" elapsed="0.000863"/>
</kw>
<kw name="Verify Transfer Expected 400 Error" owner="TransferVerification" source_name="Verify Transfer Expected ${ErrorCode} Error">
<kw name="Start Transfer" owner="TransferVerification">
<kw name="Create Session" owner="RequestsLibrary">
<msg time="2026-04-24T13:03:38.520762" level="INFO">Creating Session using : alias=connectSession, url=http://localhost:8000, headers={},                     cookies={}, auth=None, timeout=None, proxies=None, verify=False,                     debug=0 </msg>
<arg>connectSession</arg>
<arg>${BASE_URL}</arg>
<doc>Create Session: create a HTTP session to a server</doc>
<status status="PASS" start="2026-04-24T13:03:38.520657" elapsed="0.000218"/>
</kw>
<kw name="Create Dictionary" owner="BuiltIn">
<msg time="2026-04-24T13:03:38.521389" level="INFO">${BODY} = {'protocol': 'tcp', 'Mbps': 1}</msg>
<var>${BODY}</var>
<arg>protocol=${PROTOCOL}</arg>
<arg>${UNITS}=${SPEED}</arg>
<doc>Creates and returns a dictionary based on the given ``items``.</doc>
<status status="PASS" start="2026-04-24T13:03:38.521047" elapsed="0.000366"/>
</kw>
<kw name="Log To Console" owner="BuiltIn">
<arg>\n${BODY}</arg>
<doc>Logs the given message to the console.</doc>
<status status="PASS" start="2026-04-24T13:03:38.521521" elapsed="0.000258"/>
</kw>
<kw name="POST On Session" owner="RequestsLibrary">
<msg time="2026-04-24T13:03:38.526206" level="INFO">POST Request : url=http://localhost:8000/ues/7/bearers/3/traffic 
 path_url=/ues/7/bearers/3/traffic 
 headers={'User-Agent': 'python-requests/2.32.5', 'Accept-Encoding': 'gzip, deflate, zstd', 'Accept': '*/*', 'Connection': 'keep-alive', 'Content-Length': '30', 'Content-Type': 'application/json'} 
 body=b'{"protocol": "tcp", "Mbps": 1}' 
 </msg>
<msg time="2026-04-24T13:03:38.526263" level="INFO">POST Response : url=http://localhost:8000/ues/7/bearers/3/traffic 
 status=400, reason=Bad Request 
 headers={'date': 'Fri, 24 Apr 2026 11:03:37 GMT', 'server': 'uvicorn', 'content-length': '29', 'content-type': 'application/json'} 
 body={"detail":"Bearer not found"} 
 </msg>
<msg time="2026-04-24T13:03:38.526357" level="INFO">${RESPONSE} = &lt;Response [400]&gt;</msg>
<var>${RESPONSE}</var>
<arg>connectSession</arg>
<arg>/ues/${UE_ID}/bearers/${BEARER_ID}/traffic</arg>
<arg>json=${BODY}</arg>
<arg>expected_status=any</arg>
<doc>Sends a POST request on a previously created HTTP Session.</doc>
<status status="PASS" start="2026-04-24T13:03:38.521992" elapsed="0.004389"/>
</kw>
<return>
<value>${RESPONSE.status_code}</value>
<status status="PASS" start="2026-04-24T13:03:38.526438" elapsed="0.000034"/>
</return>
<msg time="2026-04-24T13:03:38.526919" level="INFO">${StatusCode} = 400</msg>
<var>${StatusCode}</var>
<doc>Start the transfer of data</doc>
<status status="PASS" start="2026-04-24T13:03:38.520430" elapsed="0.006537"/>
</kw>
<kw name="Should Be Equal As Integers" owner="BuiltIn">
<msg time="2026-04-24T13:03:38.527466" level="INFO">Argument types are:
&lt;class 'int'&gt;
&lt;class 'str'&gt;</msg>
<arg>${StatusCode}</arg>
<arg>${ErrorCode}</arg>
<doc>Fails if objects are unequal after converting them to integers.</doc>
<status status="PASS" start="2026-04-24T13:03:38.527151" elapsed="0.000379"/>
</kw>
<doc>Here we will execute the transfer speed test.</doc>
<status status="PASS" start="2026-04-24T13:03:38.520144" elapsed="0.007439"/>
</kw>
<kw name="Clean Test Environment Without Bearer" owner="SetupTeardown" type="TEARDOWN">
<kw name="Detach UE7 From Network" owner="SetupTeardown" source_name="Detach UE${UeId} From Network">
<kw name="Create Session" owner="RequestsLibrary">
<msg time="2026-04-24T13:03:38.528776" level="INFO">Creating Session using : alias=connectSession, url=http://localhost:8000, headers={},                     cookies={}, auth=None, timeout=None, proxies=None, verify=False,                     debug=0 </msg>
<arg>connectSession</arg>
<arg>${BASE_URL}</arg>
<doc>Create Session: create a HTTP session to a server</doc>
<status status="PASS" start="2026-04-24T13:03:38.528586" elapsed="0.000314"/>
</kw>
<kw name="DELETE On Session" owner="RequestsLibrary">
<msg time="2026-04-24T13:03:38.770829" level="INFO">DELETE Request : url=http://localhost:8000/ues/7 
 path_url=/ues/7 
 headers={'User-Agent': 'python-requests/2.32.5', 'Accept-Encoding': 'gzip, deflate, zstd', 'Accept': '*/*', 'Connection': 'keep-alive', 'Content-Length': '0'} 
 body=None 
 </msg>
<msg time="2026-04-24T13:03:38.770891" level="INFO">DELETE Response : url=http://localhost:8000/ues/7 
 status=200, reason=OK 
 headers={'date': 'Fri, 24 Apr 2026 11:03:37 GMT', 'server': 'uvicorn', 'content-length': '31', 'content-type': 'application/json'} 
 body={"status":"detached","ue_id":7} 
 </msg>
<msg time="2026-04-24T13:03:38.771047" level="INFO">${RESPONSE} = &lt;Response [200]&gt;</msg>
<var>${RESPONSE}</var>
<arg>connectSession</arg>
<arg>/ues/${UeId}</arg>
<doc>Sends a DELETE request on a previously created HTTP Session.</doc>
<status status="PASS" start="2026-04-24T13:03:38.529101" elapsed="0.241970"/>
</kw>
<return>
<value>${RESPONSE}</value>
<status status="PASS" start="2026-04-24T13:03:38.771124" elapsed="0.000034"/>
</return>
<doc>Detach UE with id UeId from the network.</doc>
<status status="PASS" start="2026-04-24T13:03:38.528228" elapsed="0.243023"/>
</kw>
<doc>Here we will Detach the UE without Deleting the Bearer.</doc>
<status status="PASS" start="2026-04-24T13:03:38.527841" elapsed="0.243459"/>
</kw>
<doc>Verify failure when Bearer is missing at medium speed.</doc>
<status status="PASS" start="2026-04-24T13:03:38.265395" elapsed="0.506010"/>
</test>
<test id="s1-t21" name="TC 21 - Missing UE" line="140">
<kw name="Prepare Test Environment Without UE" owner="SetupTeardown" type="SETUP">
<kw name="No Operation" owner="BuiltIn">
<doc>Does absolutely nothing.</doc>
<status status="PASS" start="2026-04-24T13:03:38.772502" elapsed="0.000192"/>
</kw>
<doc>Here we will not nothing. This is added for TC readability.</doc>
<status status="PASS" start="2026-04-24T13:03:38.772293" elapsed="0.000448"/>
</kw>
<kw name="Set Transter Speed To 1 bps" owner="TransferConfiguration" source_name="Set Transter Speed To ${Speed} ${Units}">
<kw name="Convert To Integer" owner="BuiltIn">
<msg time="2026-04-24T13:03:38.773593" level="INFO">${SPEED} = 1</msg>
<var>${SPEED}</var>
<arg>${Speed}</arg>
<doc>Converts the given item to an integer number.</doc>
<status status="PASS" start="2026-04-24T13:03:38.773330" elapsed="0.000286"/>
</kw>
<kw name="Parse ${Units} And ${SPEED}" owner="TransferConfiguration" source_name="Parse ${Units} And ${Speed}">
<if>
<branch type="IF" condition="'${Units}' == 'bps'">
<kw name="Set Variable" owner="BuiltIn">
<msg time="2026-04-24T13:03:38.774640" level="INFO">${SPEED_bps} = 1</msg>
<var>${SPEED_bps}</var>
<arg>${Speed}</arg>
<doc>Returns the given values which can then be assigned to a variables.</doc>
<status status="PASS" start="2026-04-24T13:03:38.774400" elapsed="0.000263"/>
</kw>
<status status="PASS" start="2026-04-24T13:03:38.774227" elapsed="0.000467"/>
</branch>
<branch type="ELSE IF" condition="'${Units}' == 'kbps'">
<kw name="Evaluate" owner="BuiltIn">
<var>${SPEED_bps}</var>
<arg>${Speed} * 1000</arg>
<doc>Evaluates the given expression in Python and returns the result.</doc>
<status status="NOT RUN" start="2026-04-24T13:03:38.774826" elapsed="0.000018"/>
</kw>
<status status="NOT RUN" start="2026-04-24T13:03:38.774716" elapsed="0.000156"/>
</branch>
<branch type="ELSE IF" condition="'${Units}' == 'Mbps'">
<kw name="Evaluate" owner="BuiltIn">
<var>${SPEED_bps}</var>
<arg>${Speed} * 1000000</arg>
<doc>Evaluates the given expression in Python and returns the result.</doc>
<status status="NOT RUN" start="2026-04-24T13:03:38.775037" elapsed="0.000018"/>
</kw>
<status status="NOT RUN" start="2026-04-24T13:03:38.774892" elapsed="0.000190"/>
</branch>
<branch type="ELSE">
<kw name="Fail" owner="BuiltIn">
<arg>Unsupported unit: ${Units}</arg>
<doc>Fails the test with the given message and optionally alters its tags.</doc>
<status status="NOT RUN" start="2026-04-24T13:03:38.775192" elapsed="0.000016"/>
</kw>
<status status="NOT RUN" start="2026-04-24T13:03:38.775101" elapsed="0.000136"/>
</branch>
<status status="PASS" start="2026-04-24T13:03:38.774211" elapsed="0.001042"/>
</if>
<kw name="Set Test Variable" owner="BuiltIn">
<msg time="2026-04-24T13:03:38.775625" level="INFO">${SPEED_bps} = 1</msg>
<arg>${SPEED_bps}</arg>
<arg>${SPEED_bps}</arg>
<doc>Makes a variable available everywhere within the scope of the current test.</doc>
<status status="PASS" start="2026-04-24T13:03:38.775357" elapsed="0.000305"/>
</kw>
<doc>Hello</doc>
<status status="PASS" start="2026-04-24T13:03:38.774021" elapsed="0.001689"/>
</kw>
<kw name="Set Test Variable" owner="BuiltIn">
<msg time="2026-04-24T13:03:38.776100" level="INFO">${SPEED} = 1</msg>
<arg>${SPEED}</arg>
<arg>${SPEED}</arg>
<doc>Makes a variable available everywhere within the scope of the current test.</doc>
<status status="PASS" start="2026-04-24T13:03:38.775813" elapsed="0.000323"/>
</kw>
<kw name="Set Test Variable" owner="BuiltIn">
<msg time="2026-04-24T13:03:38.776491" level="INFO">${UNITS} = bps</msg>
<arg>${UNITS}</arg>
<arg>${Units}</arg>
<doc>Makes a variable available everywhere within the scope of the current test.</doc>
<status status="PASS" start="2026-04-24T13:03:38.776247" elapsed="0.000280"/>
</kw>
<doc>Here we set the transfer speed for the connection.</doc>
<status status="PASS" start="2026-04-24T13:03:38.773088" elapsed="0.003488"/>
</kw>
<kw name="Set TCP Protocol" owner="TransferConfiguration" source_name="Set ${Protocol} Protocol">
<kw name="Convert To Lower Case" owner="String">
<msg time="2026-04-24T13:03:38.777311" level="INFO">${PROTOCOL} = tcp</msg>
<var>${PROTOCOL}</var>
<arg>${Protocol}</arg>
<doc>Converts string to lower case.</doc>
<status status="PASS" start="2026-04-24T13:03:38.777169" elapsed="0.000165"/>
</kw>
<kw name="Set Test Variable" owner="BuiltIn">
<msg time="2026-04-24T13:03:38.777690" level="INFO">${PROTOCOL} = tcp</msg>
<arg>${PROTOCOL}</arg>
<arg>${PROTOCOL}</arg>
<doc>Makes a variable available everywhere within the scope of the current test.</doc>
<status status="PASS" start="2026-04-24T13:03:38.777442" elapsed="0.000283"/>
</kw>
<doc>Here we set the protocol on the connection.</doc>
<status status="PASS" start="2026-04-24T13:03:38.776851" elapsed="0.000921"/>
</kw>
<kw name="Verify Transfer Expected 400 Error" owner="TransferVerification" source_name="Verify Transfer Expected ${ErrorCode} Error">
<kw name="Start Transfer" owner="TransferVerification">
<kw name="Create Session" owner="RequestsLibrary">
<msg time="2026-04-24T13:03:38.778675" level="INFO">Creating Session using : alias=connectSession, url=http://localhost:8000, headers={},                     cookies={}, auth=None, timeout=None, proxies=None, verify=False,                     debug=0 </msg>
<arg>connectSession</arg>
<arg>${BASE_URL}</arg>
<doc>Create Session: create a HTTP session to a server</doc>
<status status="PASS" start="2026-04-24T13:03:38.778570" elapsed="0.000219"/>
</kw>
<kw name="Create Dictionary" owner="BuiltIn">
<msg time="2026-04-24T13:03:38.779309" level="INFO">${BODY} = {'protocol': 'tcp', 'bps': 1}</msg>
<var>${BODY}</var>
<arg>protocol=${PROTOCOL}</arg>
<arg>${UNITS}=${SPEED}</arg>
<doc>Creates and returns a dictionary based on the given ``items``.</doc>
<status status="PASS" start="2026-04-24T13:03:38.778905" elapsed="0.000428"/>
</kw>
<kw name="Log To Console" owner="BuiltIn">
<arg>\n${BODY}</arg>
<doc>Logs the given message to the console.</doc>
<status status="PASS" start="2026-04-24T13:03:38.779441" elapsed="0.000266"/>
</kw>
<kw name="POST On Session" owner="RequestsLibrary">
<msg time="2026-04-24T13:03:38.784099" level="INFO">POST Request : url=http://localhost:8000/ues/7/bearers/3/traffic 
 path_url=/ues/7/bearers/3/traffic 
 headers={'User-Agent': 'python-requests/2.32.5', 'Accept-Encoding': 'gzip, deflate, zstd', 'Accept': '*/*', 'Connection': 'keep-alive', 'Content-Length': '29', 'Content-Type': 'application/json'} 
 body=b'{"protocol": "tcp", "bps": 1}' 
 </msg>
<msg time="2026-04-24T13:03:38.784195" level="INFO">POST Response : url=http://localhost:8000/ues/7/bearers/3/traffic 
 status=400, reason=Bad Request 
 headers={'date': 'Fri, 24 Apr 2026 11:03:37 GMT', 'server': 'uvicorn', 'content-length': '25', 'content-type': 'application/json'} 
 body={"detail":"UE not found"} 
 </msg>
<msg time="2026-04-24T13:03:38.784388" level="INFO">${RESPONSE} = &lt;Response [400]&gt;</msg>
<var>${RESPONSE}</var>
<arg>connectSession</arg>
<arg>/ues/${UE_ID}/bearers/${BEARER_ID}/traffic</arg>
<arg>json=${BODY}</arg>
<arg>expected_status=any</arg>
<doc>Sends a POST request on a previously created HTTP Session.</doc>
<status status="PASS" start="2026-04-24T13:03:38.779907" elapsed="0.004505"/>
</kw>
<return>
<value>${RESPONSE.status_code}</value>
<status status="PASS" start="2026-04-24T13:03:38.784485" elapsed="0.000036"/>
</return>
<msg time="2026-04-24T13:03:38.784907" level="INFO">${StatusCode} = 400</msg>
<var>${StatusCode}</var>
<doc>Start the transfer of data</doc>
<status status="PASS" start="2026-04-24T13:03:38.778353" elapsed="0.006636"/>
</kw>
<kw name="Should Be Equal As Integers" owner="BuiltIn">
<msg time="2026-04-24T13:03:38.785456" level="INFO">Argument types are:
&lt;class 'int'&gt;
&lt;class 'str'&gt;</msg>
<arg>${StatusCode}</arg>
<arg>${ErrorCode}</arg>
<doc>Fails if objects are unequal after converting them to integers.</doc>
<status status="PASS" start="2026-04-24T13:03:38.785170" elapsed="0.000338"/>
</kw>
<doc>Here we will execute the transfer speed test.</doc>
<status status="PASS" start="2026-04-24T13:03:38.778077" elapsed="0.007504"/>
</kw>
<kw name="Clean Test Environment Without UE" owner="SetupTeardown" type="TEARDOWN">
<kw name="No Operation" owner="BuiltIn">
<doc>Does absolutely nothing.</doc>
<status status="PASS" start="2026-04-24T13:03:38.786324" elapsed="0.000178"/>
</kw>
<doc>Here we will not nothing. This is added for TC readability.</doc>
<status status="PASS" start="2026-04-24T13:03:38.786046" elapsed="0.000505"/>
</kw>
<doc>Verify that data transfer fails when UE ID is not registered. Expect HTTP 400 error.</doc>
<status status="PASS" start="2026-04-24T13:03:38.771754" elapsed="0.014905"/>
</test>
<kw name="Clean Environment" type="TEARDOWN">
<kw name="Create Session" owner="RequestsLibrary">
<msg time="2026-04-24T13:03:38.787672" level="INFO">Creating Session using : alias=connectSession, url=http://localhost:8000, headers={},                     cookies={}, auth=None, timeout=None, proxies=None, verify=False,                     debug=0 </msg>
<arg>connectSession</arg>
<arg>${BASE_URL}</arg>
<doc>Create Session: create a HTTP session to a server</doc>
<status status="PASS" start="2026-04-24T13:03:38.787559" elapsed="0.000232"/>
</kw>
<kw name="POST On Session" owner="RequestsLibrary">
<msg time="2026-04-24T13:03:38.798541" level="INFO">POST Request : url=http://localhost:8000/reset 
 path_url=/reset 
 headers={'User-Agent': 'python-requests/2.32.5', 'Accept-Encoding': 'gzip, deflate, zstd', 'Accept': '*/*', 'Connection': 'keep-alive', 'Content-Length': '0'} 
 body=None 
 </msg>
<msg time="2026-04-24T13:03:38.798607" level="INFO">POST Response : url=http://localhost:8000/reset 
 status=200, reason=OK 
 headers={'date': 'Fri, 24 Apr 2026 11:03:37 GMT', 'server': 'uvicorn', 'content-length': '18', 'content-type': 'application/json'} 
 body={"status":"reset"} 
 </msg>
<msg time="2026-04-24T13:03:38.798722" level="INFO">${RESPONSE} = &lt;Response [200]&gt;</msg>
<var>${RESPONSE}</var>
<arg>connectSession</arg>
<arg>/reset</arg>
<doc>Sends a POST request on a previously created HTTP Session.</doc>
<status status="PASS" start="2026-04-24T13:03:38.787909" elapsed="0.010838"/>
</kw>
<doc>Reset everything, just in case of an error</doc>
<status status="PASS" start="2026-04-24T13:03:38.787380" elapsed="0.011459"/>
</kw>
<doc>This test suite will test data transfer sent from UE to DL.</doc>
<status status="FAIL" start="2026-04-24T13:02:55.192123" elapsed="43.606748"/>
</suite>
<statistics>
<total>
<stat pass="19" fail="2" skip="0">All Tests</stat>
</total>
<tag>
</tag>
<suite>
<stat name="dataTransferTest" id="s1" pass="19" fail="2" skip="0">dataTransferTest</stat>
</suite>
</statistics>
<errors>
</errors>
</robot>
