<?xml version="1.0" encoding="UTF-8"?>
<robot generator="Robot 7.4.2 (Python 3.14.3 on linux)" generated="2026-05-27T20:39:46.478487" rpa="false" schemaversion="5">
<suite id="s1" name="StartAndBeginDataTransfer" source="/home/mike/Desktop/Studia/Nokia/SimpleEPCSimulator/ROBOT/StartAndBeginDataTransfer">
<suite id="s1-s1" name="StartAndBeginTransferTest" source="/home/mike/Desktop/Studia/Nokia/SimpleEPCSimulator/ROBOT/StartAndBeginDataTransfer/StartAndBeginTransferTest.robot">
<kw name="Clean Environment" type="SETUP">
<kw name="Create Session" owner="RequestsLibrary">
<msg time="2026-05-27T20:39:46.634792" level="INFO">Creating Session using : alias=connectSession, url=http://localhost:8000, headers={},                     cookies={}, auth=None, timeout=None, proxies=None, verify=False,                     debug=0 </msg>
<arg>connectSession</arg>
<arg>${BASE_URL}</arg>
<doc>Create Session: create a HTTP session to a server</doc>
<status status="PASS" start="2026-05-27T20:39:46.634361" elapsed="0.000960"/>
</kw>
<kw name="POST On Session" owner="RequestsLibrary">
<msg time="2026-05-27T20:39:47.202265" level="INFO">POST Request : url=http://localhost:8000/reset 
 path_url=/reset 
 headers={'User-Agent': 'python-requests/2.33.1', 'Accept-Encoding': 'gzip, deflate, zstd', 'Accept': '*/*', 'Connection': 'keep-alive', 'Content-Length': '0'} 
 body=None 
 </msg>
<msg time="2026-05-27T20:39:47.202376" level="INFO">POST Response : url=http://localhost:8000/reset 
 status=200, reason=OK 
 headers={'date': 'Wed, 27 May 2026 18:39:46 GMT', 'server': 'uvicorn', 'content-length': '18', 'content-type': 'application/json'} 
 body={"status":"reset"} 
 </msg>
<msg time="2026-05-27T20:39:47.202581" level="INFO">${RESPONSE} = &lt;Response [200]&gt;</msg>
<var>${RESPONSE}</var>
<arg>connectSession</arg>
<arg>/reset</arg>
<doc>Sends a POST request on a previously created HTTP Session.</doc>
<status status="PASS" start="2026-05-27T20:39:46.635694" elapsed="0.566961"/>
</kw>
<doc>Reset everything, just in case of an error</doc>
<status status="PASS" start="2026-05-27T20:39:46.633534" elapsed="0.569228"/>
</kw>
<test id="s1-s1-t1" name="FN 3-4 TC 01 - TCP Transfer at Minimum Speed" line="14">
<kw name="Prepare Test Environment" owner="SetupTeardown" type="SETUP">
<kw name="Attach UE7 To Network" owner="SetupTeardown" source_name="Attach UE${UeId} To Network">
<kw name="Create Session" owner="RequestsLibrary">
<msg time="2026-05-27T20:39:47.204645" level="INFO">Creating Session using : alias=connectSession, url=http://localhost:8000, headers={},                     cookies={}, auth=None, timeout=None, proxies=None, verify=False,                     debug=0 </msg>
<arg>connectSession</arg>
<arg>${BASE_URL}</arg>
<doc>Create Session: create a HTTP session to a server</doc>
<status status="PASS" start="2026-05-27T20:39:47.204508" elapsed="0.000365"/>
</kw>
<kw name="Create Dictionary" owner="BuiltIn">
<msg time="2026-05-27T20:39:47.205707" level="INFO">${BODY} = {'ue_id': '7'}</msg>
<var>${BODY}</var>
<arg>ue_id=${UeId}</arg>
<doc>Creates and returns a dictionary based on the given ``items``.</doc>
<status status="PASS" start="2026-05-27T20:39:47.205019" elapsed="0.000731"/>
</kw>
<kw name="POST On Session" owner="RequestsLibrary">
<msg time="2026-05-27T20:39:47.459542" level="INFO">POST Request : url=http://localhost:8000/ues 
 path_url=/ues 
 headers={'User-Agent': 'python-requests/2.33.1', 'Accept-Encoding': 'gzip, deflate, zstd', 'Accept': '*/*', 'Connection': 'keep-alive', 'Content-Length': '14', 'Content-Type': 'application/json'} 
 body=b'{"ue_id": "7"}' 
 </msg>
<msg time="2026-05-27T20:39:47.459705" level="INFO">POST Response : url=http://localhost:8000/ues 
 status=200, reason=OK 
 headers={'date': 'Wed, 27 May 2026 18:39:46 GMT', 'server': 'uvicorn', 'content-length': '31', 'content-type': 'application/json'} 
 body={"status":"attached","ue_id":7} 
 </msg>
<msg time="2026-05-27T20:39:47.460005" level="INFO">${RESPONSE} = &lt;Response [200]&gt;</msg>
<var>${RESPONSE}</var>
<arg>connectSession</arg>
<arg>/ues</arg>
<arg>json=${BODY}</arg>
<doc>Sends a POST request on a previously created HTTP Session.</doc>
<status status="PASS" start="2026-05-27T20:39:47.206054" elapsed="0.253977"/>
</kw>
<kw name="Set Test Variable" owner="BuiltIn">
<msg time="2026-05-27T20:39:47.460578" level="INFO">${UE_ID} = 7</msg>
<arg>${UE_ID}</arg>
<arg>${UeId}</arg>
<doc>Makes a variable available everywhere within the scope of the current test.</doc>
<status status="PASS" start="2026-05-27T20:39:47.460217" elapsed="0.000403"/>
</kw>
<return>
<value>${RESPONSE}</value>
<status status="PASS" start="2026-05-27T20:39:47.460756" elapsed="0.000073"/>
</return>
<doc>Attach UE with id UeId to the network.</doc>
<status status="PASS" start="2026-05-27T20:39:47.204246" elapsed="0.256693"/>
</kw>
<kw name="Attach Bearer3 To UE7" owner="SetupTeardown" source_name="Attach Bearer${BearerId} To UE${UeId}">
<kw name="Create Session" owner="RequestsLibrary">
<msg time="2026-05-27T20:39:47.461604" level="INFO">Creating Session using : alias=connectSession, url=http://localhost:8000, headers={},                     cookies={}, auth=None, timeout=None, proxies=None, verify=False,                     debug=0 </msg>
<arg>connectSession</arg>
<arg>${BASE_URL}</arg>
<doc>Create Session: create a HTTP session to a server</doc>
<status status="PASS" start="2026-05-27T20:39:47.461417" elapsed="0.000415"/>
</kw>
<kw name="Create Dictionary" owner="BuiltIn">
<msg time="2026-05-27T20:39:47.462355" level="INFO">${BODY} = {'bearer_id': '3'}</msg>
<var>${BODY}</var>
<arg>bearer_id=${BearerId}</arg>
<doc>Creates and returns a dictionary based on the given ``items``.</doc>
<status status="PASS" start="2026-05-27T20:39:47.461960" elapsed="0.000421"/>
</kw>
<kw name="POST On Session" owner="RequestsLibrary">
<msg time="2026-05-27T20:39:47.791327" level="INFO">POST Request : url=http://localhost:8000/ues/7/bearers 
 path_url=/ues/7/bearers 
 headers={'User-Agent': 'python-requests/2.33.1', 'Accept-Encoding': 'gzip, deflate, zstd', 'Accept': '*/*', 'Connection': 'keep-alive', 'Content-Length': '18', 'Content-Type': 'application/json'} 
 body=b'{"bearer_id": "3"}' 
 </msg>
<msg time="2026-05-27T20:39:47.791397" level="INFO">POST Response : url=http://localhost:8000/ues/7/bearers 
 status=200, reason=OK 
 headers={'date': 'Wed, 27 May 2026 18:39:46 GMT', 'server': 'uvicorn', 'content-length': '49', 'content-type': 'application/json'} 
 body={"status":"bearer_added","ue_id":7,"bearer_id":3} 
 </msg>
<msg time="2026-05-27T20:39:47.791504" level="INFO">${RESPONSE} = &lt;Response [200]&gt;</msg>
<var>${RESPONSE}</var>
<arg>connectSession</arg>
<arg>/ues/${UeId}/bearers</arg>
<arg>json=${BODY}</arg>
<doc>Sends a POST request on a previously created HTTP Session.</doc>
<status status="PASS" start="2026-05-27T20:39:47.462520" elapsed="0.329008"/>
</kw>
<kw name="Set Test Variable" owner="BuiltIn">
<msg time="2026-05-27T20:39:47.792506" level="INFO">${BEARER_ID} = 3</msg>
<arg>${BEARER_ID}</arg>
<arg>${BearerId}</arg>
<doc>Makes a variable available everywhere within the scope of the current test.</doc>
<status status="PASS" start="2026-05-27T20:39:47.791781" elapsed="0.000786"/>
</kw>
<return>
<value>${RESPONSE}</value>
<status status="PASS" start="2026-05-27T20:39:47.792644" elapsed="0.000131"/>
</return>
<doc>Attach Bearer with BearerId to UE with UeId.</doc>
<status status="PASS" start="2026-05-27T20:39:47.461140" elapsed="0.331818"/>
</kw>
<doc>Here we will Attach the UE and Add the Bearer.</doc>
<status status="PASS" start="2026-05-27T20:39:47.203559" elapsed="0.589471"/>
</kw>
<kw name="Set Transfer Speed To 1 bps" owner="TransferConfiguration" source_name="Set Transfer Speed To ${Speed} ${Units}">
<kw name="Convert To Integer" owner="BuiltIn">
<msg time="2026-05-27T20:39:47.794555" level="INFO">${SPEED} = 1</msg>
<var>${SPEED}</var>
<arg>${Speed}</arg>
<doc>Converts the given item to an integer number.</doc>
<status status="PASS" start="2026-05-27T20:39:47.794023" elapsed="0.000569"/>
</kw>
<kw name="Parse ${Units} And ${SPEED}" owner="TransferConfiguration" source_name="Parse ${Units} And ${Speed}">
<if>
<branch type="IF" condition="'${Units}' == 'bps'">
<kw name="Set Variable" owner="BuiltIn">
<msg time="2026-05-27T20:39:47.797084" level="INFO">${SPEED_bps} = 1</msg>
<var>${SPEED_bps}</var>
<arg>${Speed}</arg>
<doc>Returns the given values which can then be assigned to a variables.</doc>
<status status="PASS" start="2026-05-27T20:39:47.796609" elapsed="0.000509"/>
</kw>
<status status="PASS" start="2026-05-27T20:39:47.796233" elapsed="0.000926"/>
</branch>
<branch type="ELSE IF" condition="'${Units}' == 'kbps'">
<kw name="Evaluate" owner="BuiltIn">
<var>${SPEED_bps}</var>
<arg>${Speed} * 1000</arg>
<doc>Evaluates the given expression in Python and returns the result.</doc>
<status status="NOT RUN" start="2026-05-27T20:39:47.797377" elapsed="0.000023"/>
</kw>
<status status="NOT RUN" start="2026-05-27T20:39:47.797198" elapsed="0.000234"/>
</branch>
<branch type="ELSE IF" condition="'${Units}' == 'Mbps'">
<kw name="Evaluate" owner="BuiltIn">
<var>${SPEED_bps}</var>
<arg>${Speed} * 1000000</arg>
<doc>Evaluates the given expression in Python and returns the result.</doc>
<status status="NOT RUN" start="2026-05-27T20:39:47.797656" elapsed="0.000037"/>
</kw>
<status status="NOT RUN" start="2026-05-27T20:39:47.797456" elapsed="0.000279"/>
</branch>
<branch type="ELSE">
<kw name="Fail" owner="BuiltIn">
<arg>Unsupported unit: ${Units}</arg>
<doc>Fails the test with the given message and optionally alters its tags.</doc>
<status status="NOT RUN" start="2026-05-27T20:39:47.797983" elapsed="0.000033"/>
</kw>
<status status="NOT RUN" start="2026-05-27T20:39:47.797783" elapsed="0.000267"/>
</branch>
<status status="PASS" start="2026-05-27T20:39:47.796168" elapsed="0.001908"/>
</if>
<kw name="Set Test Variable" owner="BuiltIn">
<msg time="2026-05-27T20:39:47.798652" level="INFO">${SPEED_bps} = 1</msg>
<arg>${SPEED_bps}</arg>
<arg>${SPEED_bps}</arg>
<doc>Makes a variable available everywhere within the scope of the current test.</doc>
<status status="PASS" start="2026-05-27T20:39:47.798240" elapsed="0.000516"/>
</kw>
<doc>Hello</doc>
<status status="PASS" start="2026-05-27T20:39:47.795455" elapsed="0.003383"/>
</kw>
<kw name="Set Test Variable" owner="BuiltIn">
<msg time="2026-05-27T20:39:47.799285" level="INFO">${SPEED} = 1</msg>
<arg>${SPEED}</arg>
<arg>${SPEED}</arg>
<doc>Makes a variable available everywhere within the scope of the current test.</doc>
<status status="PASS" start="2026-05-27T20:39:47.798976" elapsed="0.000349"/>
</kw>
<kw name="Set Test Variable" owner="BuiltIn">
<msg time="2026-05-27T20:39:47.799963" level="INFO">${UNITS} = bps</msg>
<arg>${UNITS}</arg>
<arg>${Units}</arg>
<doc>Makes a variable available everywhere within the scope of the current test.</doc>
<status status="PASS" start="2026-05-27T20:39:47.799459" elapsed="0.000551"/>
</kw>
<doc>Here we set the transfer speed for the connection.</doc>
<status status="PASS" start="2026-05-27T20:39:47.793422" elapsed="0.006653"/>
</kw>
<kw name="Set TCP Protocol" owner="TransferConfiguration" source_name="Set ${Protocol} Protocol">
<kw name="Convert To Lower Case" owner="String">
<msg time="2026-05-27T20:39:47.801214" level="INFO">${PROTOCOL} = tcp</msg>
<var>${PROTOCOL}</var>
<arg>${Protocol}</arg>
<doc>Converts string to lower case.</doc>
<status status="PASS" start="2026-05-27T20:39:47.800995" elapsed="0.000250"/>
</kw>
<kw name="Set Test Variable" owner="BuiltIn">
<msg time="2026-05-27T20:39:47.801800" level="INFO">${PROTOCOL} = tcp</msg>
<arg>${PROTOCOL}</arg>
<arg>${PROTOCOL}</arg>
<doc>Makes a variable available everywhere within the scope of the current test.</doc>
<status status="PASS" start="2026-05-27T20:39:47.801389" elapsed="0.000454"/>
</kw>
<doc>Here we set the protocol on the connection.</doc>
<status status="PASS" start="2026-05-27T20:39:47.800424" elapsed="0.001481"/>
</kw>
<kw name="Verify Transfer" owner="TransferVerification">
<kw name="Start Transfer" owner="TransferVerification">
<kw name="Create Session" owner="RequestsLibrary">
<msg time="2026-05-27T20:39:47.803121" level="INFO">Creating Session using : alias=connectSession, url=http://localhost:8000, headers={},                     cookies={}, auth=None, timeout=None, proxies=None, verify=False,                     debug=0 </msg>
<arg>connectSession</arg>
<arg>${BASE_URL}</arg>
<doc>Create Session: create a HTTP session to a server</doc>
<status status="PASS" start="2026-05-27T20:39:47.802980" elapsed="0.000284"/>
</kw>
<kw name="Create Dictionary" owner="BuiltIn">
<msg time="2026-05-27T20:39:47.803983" level="INFO">${BODY} = {'protocol': 'tcp', 'bps': 1}</msg>
<var>${BODY}</var>
<arg>protocol=${PROTOCOL}</arg>
<arg>${UNITS}=${SPEED}</arg>
<doc>Creates and returns a dictionary based on the given ``items``.</doc>
<status status="PASS" start="2026-05-27T20:39:47.803407" elapsed="0.000607"/>
</kw>
<kw name="Log To Console" owner="BuiltIn">
<arg>\n${BODY}</arg>
<doc>Logs the given message to the console.</doc>
<status status="PASS" start="2026-05-27T20:39:47.804153" elapsed="0.000310"/>
</kw>
<kw name="POST On Session" owner="RequestsLibrary">
<msg time="2026-05-27T20:39:48.264885" level="INFO">POST Request : url=http://localhost:8000/ues/7/bearers/3/traffic 
 path_url=/ues/7/bearers/3/traffic 
 headers={'User-Agent': 'python-requests/2.33.1', 'Accept-Encoding': 'gzip, deflate, zstd', 'Accept': '*/*', 'Connection': 'keep-alive', 'Content-Length': '29', 'Content-Type': 'application/json'} 
 body=b'{"protocol": "tcp", "bps": 1}' 
 </msg>
<msg time="2026-05-27T20:39:48.264977" level="INFO">POST Response : url=http://localhost:8000/ues/7/bearers/3/traffic 
 status=200, reason=OK 
 headers={'date': 'Wed, 27 May 2026 18:39:47 GMT', 'server': 'uvicorn', 'content-length': '67', 'content-type': 'application/json'} 
 body={"status":"traffic_started","ue_id":7,"bearer_id":3,"target_bps":1} 
 </msg>
<msg time="2026-05-27T20:39:48.265131" level="INFO">${RESPONSE} = &lt;Response [200]&gt;</msg>
<var>${RESPONSE}</var>
<arg>connectSession</arg>
<arg>/ues/${UE_ID}/bearers/${BEARER_ID}/traffic</arg>
<arg>json=${BODY}</arg>
<arg>expected_status=any</arg>
<doc>Sends a POST request on a previously created HTTP Session.</doc>
<status status="PASS" start="2026-05-27T20:39:47.804658" elapsed="0.460511"/>
</kw>
<return>
<value>${RESPONSE.status_code}</value>
<status status="PASS" start="2026-05-27T20:39:48.265293" elapsed="0.000053"/>
</return>
<doc>Start the transfer of data</doc>
<status status="PASS" start="2026-05-27T20:39:47.802618" elapsed="0.463465"/>
</kw>
<kw name="Sleep" owner="BuiltIn">
<msg time="2026-05-27T20:39:49.267153" level="INFO">Slept 1 second.</msg>
<msg time="2026-05-27T20:39:49.267227" level="INFO">Testing the connection for a duration of time.</msg>
<arg>${DURATION}</arg>
<arg>Testing the connection for a duration of time.</arg>
<doc>Pauses the test executed for the given time.</doc>
<status status="PASS" start="2026-05-27T20:39:48.266381" elapsed="1.000898"/>
</kw>
<kw name="Get Transfer" owner="TransferVerification">
<kw name="Create Session" owner="RequestsLibrary">
<msg time="2026-05-27T20:39:49.268048" level="INFO">Creating Session using : alias=connectSession, url=http://localhost:8000, headers={},                     cookies={}, auth=None, timeout=None, proxies=None, verify=False,                     debug=0 </msg>
<arg>connectSession</arg>
<arg>${BASE_URL}</arg>
<doc>Create Session: create a HTTP session to a server</doc>
<status status="PASS" start="2026-05-27T20:39:49.267923" elapsed="0.000246"/>
</kw>
<kw name="GET On Session" owner="RequestsLibrary">
<msg time="2026-05-27T20:39:49.272581" level="INFO">GET Request : url=http://localhost:8000/ues/7/bearers/3/traffic 
 path_url=/ues/7/bearers/3/traffic 
 headers={'User-Agent': 'python-requests/2.33.1', 'Accept-Encoding': 'gzip, deflate, zstd', 'Accept': '*/*', 'Connection': 'keep-alive'} 
 body=None 
 </msg>
<msg time="2026-05-27T20:39:49.272648" level="INFO">GET Response : url=http://localhost:8000/ues/7/bearers/3/traffic 
 status=200, reason=OK 
 headers={'date': 'Wed, 27 May 2026 18:39:48 GMT', 'server': 'uvicorn', 'content-length': '109', 'content-type': 'application/json'} 
 body={"ue_id":7,"bearer_id":3,"protocol":"tcp","target_bps":1,"tx_bps":0,"rx_bps":0,"duration":1.2323427200317383} 
 </msg>
<msg time="2026-05-27T20:39:49.273029" level="INFO">${RESPONSE} = &lt;Response [200]&gt;</msg>
<var>${RESPONSE}</var>
<arg>connectSession</arg>
<arg>/ues/${UE_ID}/bearers/${BEARER_ID}/traffic</arg>
<doc>Sends a GET request on a previously created HTTP Session.</doc>
<status status="PASS" start="2026-05-27T20:39:49.268288" elapsed="0.004768"/>
</kw>
<kw name="Validate Transfer ${RESPONSE} Received" owner="TransferVerification" source_name="Validate Transfer ${Response} Received">
<kw name="Log To Console" owner="BuiltIn">
<arg>${Response.json()}</arg>
<doc>Logs the given message to the console.</doc>
<status status="PASS" start="2026-05-27T20:39:49.273855" elapsed="0.000687"/>
</kw>
<kw name="Parse And Validate ${Response.json()} Dictionary" owner="TransferVerification" source_name="Parse And Validate ${Dictionary} Dictionary">
<kw name="Dictionary Should Contain Key" owner="Collections">
<arg>${Dictionary}</arg>
<arg>ue_id</arg>
<doc>Fails if ``key`` is not found from ``dictionary``.</doc>
<status status="PASS" start="2026-05-27T20:39:49.275968" elapsed="0.000236"/>
</kw>
<kw name="Dictionary Should Contain Key" owner="Collections">
<arg>${Dictionary}</arg>
<arg>bearer_id</arg>
<doc>Fails if ``key`` is not found from ``dictionary``.</doc>
<status status="PASS" start="2026-05-27T20:39:49.276498" elapsed="0.000279"/>
</kw>
<kw name="Dictionary Should Contain Key" owner="Collections">
<arg>${Dictionary}</arg>
<arg>protocol</arg>
<doc>Fails if ``key`` is not found from ``dictionary``.</doc>
<status status="PASS" start="2026-05-27T20:39:49.277032" elapsed="0.000293"/>
</kw>
<kw name="Dictionary Should Contain Key" owner="Collections">
<arg>${Dictionary}</arg>
<arg>target_bps</arg>
<doc>Fails if ``key`` is not found from ``dictionary``.</doc>
<status status="PASS" start="2026-05-27T20:39:49.277469" elapsed="0.000155"/>
</kw>
<kw name="Dictionary Should Contain Key" owner="Collections">
<arg>${Dictionary}</arg>
<arg>duration</arg>
<doc>Fails if ``key`` is not found from ``dictionary``.</doc>
<status status="PASS" start="2026-05-27T20:39:49.277817" elapsed="0.000141"/>
</kw>
<kw name="Should Be Equal As Integers" owner="BuiltIn">
<msg time="2026-05-27T20:39:49.278413" level="INFO">Argument types are:
&lt;class 'int'&gt;
&lt;class 'str'&gt;</msg>
<arg>${Dictionary}[ue_id]</arg>
<arg>${UE_ID}</arg>
<doc>Fails if objects are unequal after converting them to integers.</doc>
<status status="PASS" start="2026-05-27T20:39:49.278091" elapsed="0.000388"/>
</kw>
<kw name="Should Be Equal As Integers" owner="BuiltIn">
<msg time="2026-05-27T20:39:49.279013" level="INFO">Argument types are:
&lt;class 'int'&gt;
&lt;class 'str'&gt;</msg>
<arg>${Dictionary}[bearer_id]</arg>
<arg>${BEARER_ID}</arg>
<doc>Fails if objects are unequal after converting them to integers.</doc>
<status status="PASS" start="2026-05-27T20:39:49.278618" elapsed="0.000458"/>
</kw>
<kw name="Should Be Equal As Strings" owner="BuiltIn">
<arg>${Dictionary}[protocol]</arg>
<arg>${PROTOCOL}</arg>
<doc>Fails if objects are unequal after converting them to strings.</doc>
<status status="PASS" start="2026-05-27T20:39:49.279219" elapsed="0.000326"/>
</kw>
<kw name="Should Be Equal As Integers" owner="BuiltIn">
<arg>${Dictionary}[target_bps]</arg>
<arg>${SPEED_bps}</arg>
<doc>Fails if objects are unequal after converting them to integers.</doc>
<status status="PASS" start="2026-05-27T20:39:49.279740" elapsed="0.000350"/>
</kw>
<doc>Comparing values as Integers</doc>
<status status="PASS" start="2026-05-27T20:39:49.274890" elapsed="0.005269"/>
</kw>
<doc>Validating if the transfer matches assumptions</doc>
<status status="PASS" start="2026-05-27T20:39:49.273420" elapsed="0.006788"/>
</kw>
<doc>Check if the transfer is valid</doc>
<status status="PASS" start="2026-05-27T20:39:49.267564" elapsed="0.012714"/>
</kw>
<kw name="End Transfer" owner="TransferVerification">
<kw name="Create Session" owner="RequestsLibrary">
<msg time="2026-05-27T20:39:49.281167" level="INFO">Creating Session using : alias=connectSession, url=http://localhost:8000, headers={},                     cookies={}, auth=None, timeout=None, proxies=None, verify=False,                     debug=0 </msg>
<arg>connectSession</arg>
<arg>${BASE_URL}</arg>
<doc>Create Session: create a HTTP session to a server</doc>
<status status="PASS" start="2026-05-27T20:39:49.280999" elapsed="0.000314"/>
</kw>
<kw name="DELETE On Session" owner="RequestsLibrary">
<msg time="2026-05-27T20:39:49.485595" level="INFO">DELETE Request : url=http://localhost:8000/ues/7/bearers/3/traffic 
 path_url=/ues/7/bearers/3/traffic 
 headers={'User-Agent': 'python-requests/2.33.1', 'Accept-Encoding': 'gzip, deflate, zstd', 'Accept': '*/*', 'Connection': 'keep-alive', 'Content-Length': '0'} 
 body=None 
 </msg>
<msg time="2026-05-27T20:39:49.485662" level="INFO">DELETE Response : url=http://localhost:8000/ues/7/bearers/3/traffic 
 status=200, reason=OK 
 headers={'date': 'Wed, 27 May 2026 18:39:48 GMT', 'server': 'uvicorn', 'content-length': '52', 'content-type': 'application/json'} 
 body={"status":"traffic_stopped","ue_id":7,"bearer_id":3} 
 </msg>
<msg time="2026-05-27T20:39:49.486045" level="INFO">${RESPONSE} = &lt;Response [200]&gt;</msg>
<var>${RESPONSE}</var>
<arg>connectSession</arg>
<arg>/ues/${UE_ID}/bearers/${BEARER_ID}/traffic</arg>
<doc>Sends a DELETE request on a previously created HTTP Session.</doc>
<status status="PASS" start="2026-05-27T20:39:49.281464" elapsed="0.204606"/>
</kw>
<doc>End the transfer of data</doc>
<status status="PASS" start="2026-05-27T20:39:49.280522" elapsed="0.205615"/>
</kw>
<doc>Here we will execute the transfer speed test.</doc>
<status status="PASS" start="2026-05-27T20:39:47.802249" elapsed="1.683933"/>
</kw>
<kw name="Clean Test Environment" owner="SetupTeardown" type="TEARDOWN">
<kw name="Detach Bearer3 From UE7" owner="SetupTeardown" source_name="Detach Bearer${BearerId} From UE${UeId}">
<kw name="Create Session" owner="RequestsLibrary">
<msg time="2026-05-27T20:39:49.487722" level="INFO">Creating Session using : alias=connectSession, url=http://localhost:8000, headers={},                     cookies={}, auth=None, timeout=None, proxies=None, verify=False,                     debug=0 </msg>
<arg>connectSession</arg>
<arg>${BASE_URL}</arg>
<doc>Create Session: create a HTTP session to a server</doc>
<status status="PASS" start="2026-05-27T20:39:49.487557" elapsed="0.000337"/>
</kw>
<kw name="DELETE On Session" owner="RequestsLibrary">
<msg time="2026-05-27T20:39:49.685272" level="INFO">DELETE Request : url=http://localhost:8000/ues/7/bearers/3 
 path_url=/ues/7/bearers/3 
 headers={'User-Agent': 'python-requests/2.33.1', 'Accept-Encoding': 'gzip, deflate, zstd', 'Accept': '*/*', 'Connection': 'keep-alive', 'Content-Length': '0'} 
 body=None 
 </msg>
<msg time="2026-05-27T20:39:49.685339" level="INFO">DELETE Response : url=http://localhost:8000/ues/7/bearers/3 
 status=200, reason=OK 
 headers={'date': 'Wed, 27 May 2026 18:39:48 GMT', 'server': 'uvicorn', 'content-length': '51', 'content-type': 'application/json'} 
 body={"status":"bearer_deleted","ue_id":7,"bearer_id":3} 
 </msg>
<msg time="2026-05-27T20:39:49.685443" level="INFO">${RESPONSE} = &lt;Response [200]&gt;</msg>
<var>${RESPONSE}</var>
<arg>connectSession</arg>
<arg>/ues/${UeId}/bearers/${BearerId}</arg>
<doc>Sends a DELETE request on a previously created HTTP Session.</doc>
<status status="PASS" start="2026-05-27T20:39:49.488012" elapsed="0.197456"/>
</kw>
<return>
<value>${RESPONSE}</value>
<status status="PASS" start="2026-05-27T20:39:49.685525" elapsed="0.000078"/>
</return>
<doc>Detach Bearer with BearerId from UE with UeId</doc>
<status status="PASS" start="2026-05-27T20:39:49.487224" elapsed="0.198619"/>
</kw>
<kw name="Detach UE7 From Network" owner="SetupTeardown" source_name="Detach UE${UeId} From Network">
<kw name="Create Session" owner="RequestsLibrary">
<msg time="2026-05-27T20:39:49.686715" level="INFO">Creating Session using : alias=connectSession, url=http://localhost:8000, headers={},                     cookies={}, auth=None, timeout=None, proxies=None, verify=False,                     debug=0 </msg>
<arg>connectSession</arg>
<arg>${BASE_URL}</arg>
<doc>Create Session: create a HTTP session to a server</doc>
<status status="PASS" start="2026-05-27T20:39:49.686548" elapsed="0.000360"/>
</kw>
<kw name="DELETE On Session" owner="RequestsLibrary">
<msg time="2026-05-27T20:39:49.893058" level="INFO">DELETE Request : url=http://localhost:8000/ues/7 
 path_url=/ues/7 
 headers={'User-Agent': 'python-requests/2.33.1', 'Accept-Encoding': 'gzip, deflate, zstd', 'Accept': '*/*', 'Connection': 'keep-alive', 'Content-Length': '0'} 
 body=None 
 </msg>
<msg time="2026-05-27T20:39:49.893125" level="INFO">DELETE Response : url=http://localhost:8000/ues/7 
 status=200, reason=OK 
 headers={'date': 'Wed, 27 May 2026 18:39:49 GMT', 'server': 'uvicorn', 'content-length': '31', 'content-type': 'application/json'} 
 body={"status":"detached","ue_id":7} 
 </msg>
<msg time="2026-05-27T20:39:49.893227" level="INFO">${RESPONSE} = &lt;Response [200]&gt;</msg>
<var>${RESPONSE}</var>
<arg>connectSession</arg>
<arg>/ues/${UeId}</arg>
<doc>Sends a DELETE request on a previously created HTTP Session.</doc>
<status status="PASS" start="2026-05-27T20:39:49.687044" elapsed="0.206206"/>
</kw>
<return>
<value>${RESPONSE}</value>
<status status="PASS" start="2026-05-27T20:39:49.893325" elapsed="0.000081"/>
</return>
<doc>Detach UE with id UeId from the network.</doc>
<status status="PASS" start="2026-05-27T20:39:49.686217" elapsed="0.207323"/>
</kw>
<doc>Here we will Detach the UE and Delete the Bearer.</doc>
<status status="PASS" start="2026-05-27T20:39:49.486572" elapsed="0.407045"/>
</kw>
<doc>Verify that data transfer succeeds over TCP with the minimum valid connection speed (1 bps) for a registered UE (ID=7) and Bearer (ID=3).</doc>
<status status="PASS" start="2026-05-27T20:39:47.202861" elapsed="2.690917"/>
</test>
<test id="s1-s1-t2" name="FN 3-4 TC 02 - TCP Transfer at Low Speed" line="20">
<kw name="Prepare Test Environment" owner="SetupTeardown" type="SETUP">
<kw name="Attach UE7 To Network" owner="SetupTeardown" source_name="Attach UE${UeId} To Network">
<kw name="Create Session" owner="RequestsLibrary">
<msg time="2026-05-27T20:39:49.896163" level="INFO">Creating Session using : alias=connectSession, url=http://localhost:8000, headers={},                     cookies={}, auth=None, timeout=None, proxies=None, verify=False,                     debug=0 </msg>
<arg>connectSession</arg>
<arg>${BASE_URL}</arg>
<doc>Create Session: create a HTTP session to a server</doc>
<status status="PASS" start="2026-05-27T20:39:49.895993" elapsed="0.000315"/>
</kw>
<kw name="Create Dictionary" owner="BuiltIn">
<msg time="2026-05-27T20:39:49.897003" level="INFO">${BODY} = {'ue_id': '7'}</msg>
<var>${BODY}</var>
<arg>ue_id=${UeId}</arg>
<doc>Creates and returns a dictionary based on the given ``items``.</doc>
<status status="PASS" start="2026-05-27T20:39:49.896459" elapsed="0.000582"/>
</kw>
<kw name="POST On Session" owner="RequestsLibrary">
<msg time="2026-05-27T20:39:50.109238" level="INFO">POST Request : url=http://localhost:8000/ues 
 path_url=/ues 
 headers={'User-Agent': 'python-requests/2.33.1', 'Accept-Encoding': 'gzip, deflate, zstd', 'Accept': '*/*', 'Connection': 'keep-alive', 'Content-Length': '14', 'Content-Type': 'application/json'} 
 body=b'{"ue_id": "7"}' 
 </msg>
<msg time="2026-05-27T20:39:50.109306" level="INFO">POST Response : url=http://localhost:8000/ues 
 status=200, reason=OK 
 headers={'date': 'Wed, 27 May 2026 18:39:49 GMT', 'server': 'uvicorn', 'content-length': '31', 'content-type': 'application/json'} 
 body={"status":"attached","ue_id":7} 
 </msg>
<msg time="2026-05-27T20:39:50.109408" level="INFO">${RESPONSE} = &lt;Response [200]&gt;</msg>
<var>${RESPONSE}</var>
<arg>connectSession</arg>
<arg>/ues</arg>
<arg>json=${BODY}</arg>
<doc>Sends a POST request on a previously created HTTP Session.</doc>
<status status="PASS" start="2026-05-27T20:39:49.897210" elapsed="0.212221"/>
</kw>
<kw name="Set Test Variable" owner="BuiltIn">
<msg time="2026-05-27T20:39:50.110268" level="INFO">${UE_ID} = 7</msg>
<arg>${UE_ID}</arg>
<arg>${UeId}</arg>
<doc>Makes a variable available everywhere within the scope of the current test.</doc>
<status status="PASS" start="2026-05-27T20:39:50.109601" elapsed="0.000710"/>
</kw>
<return>
<value>${RESPONSE}</value>
<status status="PASS" start="2026-05-27T20:39:50.110358" elapsed="0.000034"/>
</return>
<doc>Attach UE with id UeId to the network.</doc>
<status status="PASS" start="2026-05-27T20:39:49.895649" elapsed="0.214845"/>
</kw>
<kw name="Attach Bearer3 To UE7" owner="SetupTeardown" source_name="Attach Bearer${BearerId} To UE${UeId}">
<kw name="Create Session" owner="RequestsLibrary">
<msg time="2026-05-27T20:39:50.111164" level="INFO">Creating Session using : alias=connectSession, url=http://localhost:8000, headers={},                     cookies={}, auth=None, timeout=None, proxies=None, verify=False,                     debug=0 </msg>
<arg>connectSession</arg>
<arg>${BASE_URL}</arg>
<doc>Create Session: create a HTTP session to a server</doc>
<status status="PASS" start="2026-05-27T20:39:50.111046" elapsed="0.000246"/>
</kw>
<kw name="Create Dictionary" owner="BuiltIn">
<msg time="2026-05-27T20:39:50.111925" level="INFO">${BODY} = {'bearer_id': '3'}</msg>
<var>${BODY}</var>
<arg>bearer_id=${BearerId}</arg>
<doc>Creates and returns a dictionary based on the given ``items``.</doc>
<status status="PASS" start="2026-05-27T20:39:50.111415" elapsed="0.000548"/>
</kw>
<kw name="POST On Session" owner="RequestsLibrary">
<msg time="2026-05-27T20:39:50.441294" level="INFO">POST Request : url=http://localhost:8000/ues/7/bearers 
 path_url=/ues/7/bearers 
 headers={'User-Agent': 'python-requests/2.33.1', 'Accept-Encoding': 'gzip, deflate, zstd', 'Accept': '*/*', 'Connection': 'keep-alive', 'Content-Length': '18', 'Content-Type': 'application/json'} 
 body=b'{"bearer_id": "3"}' 
 </msg>
<msg time="2026-05-27T20:39:50.441384" level="INFO">POST Response : url=http://localhost:8000/ues/7/bearers 
 status=200, reason=OK 
 headers={'date': 'Wed, 27 May 2026 18:39:49 GMT', 'server': 'uvicorn', 'content-length': '49', 'content-type': 'application/json'} 
 body={"status":"bearer_added","ue_id":7,"bearer_id":3} 
 </msg>
<msg time="2026-05-27T20:39:50.441529" level="INFO">${RESPONSE} = &lt;Response [200]&gt;</msg>
<var>${RESPONSE}</var>
<arg>connectSession</arg>
<arg>/ues/${UeId}/bearers</arg>
<arg>json=${BODY}</arg>
<doc>Sends a POST request on a previously created HTTP Session.</doc>
<status status="PASS" start="2026-05-27T20:39:50.112148" elapsed="0.329438"/>
</kw>
<kw name="Set Test Variable" owner="BuiltIn">
<msg time="2026-05-27T20:39:50.442564" level="INFO">${BEARER_ID} = 3</msg>
<arg>${BEARER_ID}</arg>
<arg>${BearerId}</arg>
<doc>Makes a variable available everywhere within the scope of the current test.</doc>
<status status="PASS" start="2026-05-27T20:39:50.442049" elapsed="0.000574"/>
</kw>
<return>
<value>${RESPONSE}</value>
<status status="PASS" start="2026-05-27T20:39:50.442749" elapsed="0.000047"/>
</return>
<doc>Attach Bearer with BearerId to UE with UeId.</doc>
<status status="PASS" start="2026-05-27T20:39:50.110769" elapsed="0.332204"/>
</kw>
<doc>Here we will Attach the UE and Add the Bearer.</doc>
<status status="PASS" start="2026-05-27T20:39:49.895139" elapsed="0.548012"/>
</kw>
<kw name="Set Transfer Speed To 1 kbps" owner="TransferConfiguration" source_name="Set Transfer Speed To ${Speed} ${Units}">
<kw name="Convert To Integer" owner="BuiltIn">
<msg time="2026-05-27T20:39:50.444520" level="INFO">${SPEED} = 1</msg>
<var>${SPEED}</var>
<arg>${Speed}</arg>
<doc>Converts the given item to an integer number.</doc>
<status status="PASS" start="2026-05-27T20:39:50.444068" elapsed="0.000480"/>
</kw>
<kw name="Parse ${Units} And ${SPEED}" owner="TransferConfiguration" source_name="Parse ${Units} And ${Speed}">
<if>
<branch type="IF" condition="'${Units}' == 'bps'">
<kw name="Set Variable" owner="BuiltIn">
<var>${SPEED_bps}</var>
<arg>${Speed}</arg>
<doc>Returns the given values which can then be assigned to a variables.</doc>
<status status="NOT RUN" start="2026-05-27T20:39:50.445680" elapsed="0.000061"/>
</kw>
<status status="NOT RUN" start="2026-05-27T20:39:50.445310" elapsed="0.000491"/>
</branch>
<branch type="ELSE IF" condition="'${Units}' == 'kbps'">
<kw name="Evaluate" owner="BuiltIn">
<msg time="2026-05-27T20:39:50.446518" level="INFO">${SPEED_bps} = 1000</msg>
<var>${SPEED_bps}</var>
<arg>${Speed} * 1000</arg>
<doc>Evaluates the given expression in Python and returns the result.</doc>
<status status="PASS" start="2026-05-27T20:39:50.446051" elapsed="0.000500"/>
</kw>
<status status="PASS" start="2026-05-27T20:39:50.445848" elapsed="0.000744"/>
</branch>
<branch type="ELSE IF" condition="'${Units}' == 'Mbps'">
<kw name="Evaluate" owner="BuiltIn">
<var>${SPEED_bps}</var>
<arg>${Speed} * 1000000</arg>
<doc>Evaluates the given expression in Python and returns the result.</doc>
<status status="NOT RUN" start="2026-05-27T20:39:50.446847" elapsed="0.000022"/>
</kw>
<status status="NOT RUN" start="2026-05-27T20:39:50.446623" elapsed="0.000279"/>
</branch>
<branch type="ELSE">
<kw name="Fail" owner="BuiltIn">
<arg>Unsupported unit: ${Units}</arg>
<doc>Fails the test with the given message and optionally alters its tags.</doc>
<status status="NOT RUN" start="2026-05-27T20:39:50.447034" elapsed="0.000019"/>
</kw>
<status status="NOT RUN" start="2026-05-27T20:39:50.446926" elapsed="0.000155"/>
</branch>
<status status="PASS" start="2026-05-27T20:39:50.445260" elapsed="0.001842"/>
</if>
<kw name="Set Test Variable" owner="BuiltIn">
<msg time="2026-05-27T20:39:50.447616" level="INFO">${SPEED_bps} = 1000</msg>
<arg>${SPEED_bps}</arg>
<arg>${SPEED_bps}</arg>
<doc>Makes a variable available everywhere within the scope of the current test.</doc>
<status status="PASS" start="2026-05-27T20:39:50.447226" elapsed="0.000436"/>
</kw>
<doc>Hello</doc>
<status status="PASS" start="2026-05-27T20:39:50.444954" elapsed="0.002832"/>
</kw>
<kw name="Set Test Variable" owner="BuiltIn">
<msg time="2026-05-27T20:39:50.448256" level="INFO">${SPEED} = 1</msg>
<arg>${SPEED}</arg>
<arg>${SPEED}</arg>
<doc>Makes a variable available everywhere within the scope of the current test.</doc>
<status status="PASS" start="2026-05-27T20:39:50.447939" elapsed="0.000359"/>
</kw>
<kw name="Set Test Variable" owner="BuiltIn">
<msg time="2026-05-27T20:39:50.448812" level="INFO">${UNITS} = kbps</msg>
<arg>${UNITS}</arg>
<arg>${Units}</arg>
<doc>Makes a variable available everywhere within the scope of the current test.</doc>
<status status="PASS" start="2026-05-27T20:39:50.448438" elapsed="0.000417"/>
</kw>
<doc>Here we set the transfer speed for the connection.</doc>
<status status="PASS" start="2026-05-27T20:39:50.443555" elapsed="0.005362"/>
</kw>
<kw name="Set TCP Protocol" owner="TransferConfiguration" source_name="Set ${Protocol} Protocol">
<kw name="Convert To Lower Case" owner="String">
<msg time="2026-05-27T20:39:50.449851" level="INFO">${PROTOCOL} = tcp</msg>
<var>${PROTOCOL}</var>
<arg>${Protocol}</arg>
<doc>Converts string to lower case.</doc>
<status status="PASS" start="2026-05-27T20:39:50.449542" elapsed="0.000356"/>
</kw>
<kw name="Set Test Variable" owner="BuiltIn">
<msg time="2026-05-27T20:39:50.450740" level="INFO">${PROTOCOL} = tcp</msg>
<arg>${PROTOCOL}</arg>
<arg>${PROTOCOL}</arg>
<doc>Makes a variable available everywhere within the scope of the current test.</doc>
<status status="PASS" start="2026-05-27T20:39:50.450129" elapsed="0.000696"/>
</kw>
<doc>Here we set the protocol on the connection.</doc>
<status status="PASS" start="2026-05-27T20:39:50.449208" elapsed="0.001691"/>
</kw>
<kw name="Verify Transfer" owner="TransferVerification">
<kw name="Start Transfer" owner="TransferVerification">
<kw name="Create Session" owner="RequestsLibrary">
<msg time="2026-05-27T20:39:50.452191" level="INFO">Creating Session using : alias=connectSession, url=http://localhost:8000, headers={},                     cookies={}, auth=None, timeout=None, proxies=None, verify=False,                     debug=0 </msg>
<arg>connectSession</arg>
<arg>${BASE_URL}</arg>
<doc>Create Session: create a HTTP session to a server</doc>
<status status="PASS" start="2026-05-27T20:39:50.452054" elapsed="0.000281"/>
</kw>
<kw name="Create Dictionary" owner="BuiltIn">
<msg time="2026-05-27T20:39:50.453009" level="INFO">${BODY} = {'protocol': 'tcp', 'kbps': 1}</msg>
<var>${BODY}</var>
<arg>protocol=${PROTOCOL}</arg>
<arg>${UNITS}=${SPEED}</arg>
<doc>Creates and returns a dictionary based on the given ``items``.</doc>
<status status="PASS" start="2026-05-27T20:39:50.452484" elapsed="0.000557"/>
</kw>
<kw name="Log To Console" owner="BuiltIn">
<arg>\n${BODY}</arg>
<doc>Logs the given message to the console.</doc>
<status status="PASS" start="2026-05-27T20:39:50.453176" elapsed="0.000673"/>
</kw>
<kw name="POST On Session" owner="RequestsLibrary">
<msg time="2026-05-27T20:39:50.898737" level="INFO">POST Request : url=http://localhost:8000/ues/7/bearers/3/traffic 
 path_url=/ues/7/bearers/3/traffic 
 headers={'User-Agent': 'python-requests/2.33.1', 'Accept-Encoding': 'gzip, deflate, zstd', 'Accept': '*/*', 'Connection': 'keep-alive', 'Content-Length': '30', 'Content-Type': 'application/json'} 
 body=b'{"protocol": "tcp", "kbps": 1}' 
 </msg>
<msg time="2026-05-27T20:39:50.898805" level="INFO">POST Response : url=http://localhost:8000/ues/7/bearers/3/traffic 
 status=200, reason=OK 
 headers={'date': 'Wed, 27 May 2026 18:39:49 GMT', 'server': 'uvicorn', 'content-length': '70', 'content-type': 'application/json'} 
 body={"status":"traffic_started","ue_id":7,"bearer_id":3,"target_bps":1000} 
 </msg>
<msg time="2026-05-27T20:39:50.898914" level="INFO">${RESPONSE} = &lt;Response [200]&gt;</msg>
<var>${RESPONSE}</var>
<arg>connectSession</arg>
<arg>/ues/${UE_ID}/bearers/${BEARER_ID}/traffic</arg>
<arg>json=${BODY}</arg>
<arg>expected_status=any</arg>
<doc>Sends a POST request on a previously created HTTP Session.</doc>
<status status="PASS" start="2026-05-27T20:39:50.454163" elapsed="0.444776"/>
</kw>
<return>
<value>${RESPONSE.status_code}</value>
<status status="PASS" start="2026-05-27T20:39:50.899002" elapsed="0.000068"/>
</return>
<doc>Start the transfer of data</doc>
<status status="PASS" start="2026-05-27T20:39:50.451773" elapsed="0.447864"/>
</kw>
<kw name="Sleep" owner="BuiltIn">
<msg time="2026-05-27T20:39:51.900395" level="INFO">Slept 1 second.</msg>
<msg time="2026-05-27T20:39:51.900461" level="INFO">Testing the connection for a duration of time.</msg>
<arg>${DURATION}</arg>
<arg>Testing the connection for a duration of time.</arg>
<doc>Pauses the test executed for the given time.</doc>
<status status="PASS" start="2026-05-27T20:39:50.899925" elapsed="1.000603"/>
</kw>
<kw name="Get Transfer" owner="TransferVerification">
<kw name="Create Session" owner="RequestsLibrary">
<msg time="2026-05-27T20:39:51.901250" level="INFO">Creating Session using : alias=connectSession, url=http://localhost:8000, headers={},                     cookies={}, auth=None, timeout=None, proxies=None, verify=False,                     debug=0 </msg>
<arg>connectSession</arg>
<arg>${BASE_URL}</arg>
<doc>Create Session: create a HTTP session to a server</doc>
<status status="PASS" start="2026-05-27T20:39:51.901119" elapsed="0.000263"/>
</kw>
<kw name="GET On Session" owner="RequestsLibrary">
<msg time="2026-05-27T20:39:51.907905" level="INFO">GET Request : url=http://localhost:8000/ues/7/bearers/3/traffic 
 path_url=/ues/7/bearers/3/traffic 
 headers={'User-Agent': 'python-requests/2.33.1', 'Accept-Encoding': 'gzip, deflate, zstd', 'Accept': '*/*', 'Connection': 'keep-alive'} 
 body=None 
 </msg>
<msg time="2026-05-27T20:39:51.907980" level="INFO">GET Response : url=http://localhost:8000/ues/7/bearers/3/traffic 
 status=200, reason=OK 
 headers={'date': 'Wed, 27 May 2026 18:39:51 GMT', 'server': 'uvicorn', 'content-length': '116', 'content-type': 'application/json'} 
 body={"ue_id":7,"bearer_id":3,"protocol":"tcp","target_bps":1000,"tx_bps":821,"rx_bps":821,"duration":1.2176783084869385} 
 </msg>
<msg time="2026-05-27T20:39:51.908100" level="INFO">${RESPONSE} = &lt;Response [200]&gt;</msg>
<var>${RESPONSE}</var>
<arg>connectSession</arg>
<arg>/ues/${UE_ID}/bearers/${BEARER_ID}/traffic</arg>
<doc>Sends a GET request on a previously created HTTP Session.</doc>
<status status="PASS" start="2026-05-27T20:39:51.901500" elapsed="0.006626"/>
</kw>
<kw name="Validate Transfer ${RESPONSE} Received" owner="TransferVerification" source_name="Validate Transfer ${Response} Received">
<kw name="Log To Console" owner="BuiltIn">
<arg>${Response.json()}</arg>
<doc>Logs the given message to the console.</doc>
<status status="PASS" start="2026-05-27T20:39:51.908980" elapsed="0.000729"/>
</kw>
<kw name="Parse And Validate ${Response.json()} Dictionary" owner="TransferVerification" source_name="Parse And Validate ${Dictionary} Dictionary">
<kw name="Dictionary Should Contain Key" owner="Collections">
<arg>${Dictionary}</arg>
<arg>ue_id</arg>
<doc>Fails if ``key`` is not found from ``dictionary``.</doc>
<status status="PASS" start="2026-05-27T20:39:51.911090" elapsed="0.000158"/>
</kw>
<kw name="Dictionary Should Contain Key" owner="Collections">
<arg>${Dictionary}</arg>
<arg>bearer_id</arg>
<doc>Fails if ``key`` is not found from ``dictionary``.</doc>
<status status="PASS" start="2026-05-27T20:39:51.911406" elapsed="0.000138"/>
</kw>
<kw name="Dictionary Should Contain Key" owner="Collections">
<arg>${Dictionary}</arg>
<arg>protocol</arg>
<doc>Fails if ``key`` is not found from ``dictionary``.</doc>
<status status="PASS" start="2026-05-27T20:39:51.911656" elapsed="0.000259"/>
</kw>
<kw name="Dictionary Should Contain Key" owner="Collections">
<arg>${Dictionary}</arg>
<arg>target_bps</arg>
<doc>Fails if ``key`` is not found from ``dictionary``.</doc>
<status status="PASS" start="2026-05-27T20:39:51.912027" elapsed="0.000136"/>
</kw>
<kw name="Dictionary Should Contain Key" owner="Collections">
<arg>${Dictionary}</arg>
<arg>duration</arg>
<doc>Fails if ``key`` is not found from ``dictionary``.</doc>
<status status="PASS" start="2026-05-27T20:39:51.912380" elapsed="0.000171"/>
</kw>
<kw name="Should Be Equal As Integers" owner="BuiltIn">
<msg time="2026-05-27T20:39:51.913063" level="INFO">Argument types are:
&lt;class 'int'&gt;
&lt;class 'str'&gt;</msg>
<arg>${Dictionary}[ue_id]</arg>
<arg>${UE_ID}</arg>
<doc>Fails if objects are unequal after converting them to integers.</doc>
<status status="PASS" start="2026-05-27T20:39:51.912716" elapsed="0.000407"/>
</kw>
<kw name="Should Be Equal As Integers" owner="BuiltIn">
<msg time="2026-05-27T20:39:51.913543" level="INFO">Argument types are:
&lt;class 'int'&gt;
&lt;class 'str'&gt;</msg>
<arg>${Dictionary}[bearer_id]</arg>
<arg>${BEARER_ID}</arg>
<doc>Fails if objects are unequal after converting them to integers.</doc>
<status status="PASS" start="2026-05-27T20:39:51.913263" elapsed="0.000345"/>
</kw>
<kw name="Should Be Equal As Strings" owner="BuiltIn">
<arg>${Dictionary}[protocol]</arg>
<arg>${PROTOCOL}</arg>
<doc>Fails if objects are unequal after converting them to strings.</doc>
<status status="PASS" start="2026-05-27T20:39:51.913822" elapsed="0.000317"/>
</kw>
<kw name="Should Be Equal As Integers" owner="BuiltIn">
<arg>${Dictionary}[target_bps]</arg>
<arg>${SPEED_bps}</arg>
<doc>Fails if objects are unequal after converting them to integers.</doc>
<status status="PASS" start="2026-05-27T20:39:51.914278" elapsed="0.000319"/>
</kw>
<doc>Comparing values as Integers</doc>
<status status="PASS" start="2026-05-27T20:39:51.910027" elapsed="0.004634"/>
</kw>
<doc>Validating if the transfer matches assumptions</doc>
<status status="PASS" start="2026-05-27T20:39:51.908444" elapsed="0.006327"/>
</kw>
<doc>Check if the transfer is valid</doc>
<status status="PASS" start="2026-05-27T20:39:51.900811" elapsed="0.014037"/>
</kw>
<kw name="End Transfer" owner="TransferVerification">
<kw name="Create Session" owner="RequestsLibrary">
<msg time="2026-05-27T20:39:51.916042" level="INFO">Creating Session using : alias=connectSession, url=http://localhost:8000, headers={},                     cookies={}, auth=None, timeout=None, proxies=None, verify=False,                     debug=0 </msg>
<arg>connectSession</arg>
<arg>${BASE_URL}</arg>
<doc>Create Session: create a HTTP session to a server</doc>
<status status="PASS" start="2026-05-27T20:39:51.915832" elapsed="0.000371"/>
</kw>
<kw name="DELETE On Session" owner="RequestsLibrary">
<msg time="2026-05-27T20:39:52.119485" level="INFO">DELETE Request : url=http://localhost:8000/ues/7/bearers/3/traffic 
 path_url=/ues/7/bearers/3/traffic 
 headers={'User-Agent': 'python-requests/2.33.1', 'Accept-Encoding': 'gzip, deflate, zstd', 'Accept': '*/*', 'Connection': 'keep-alive', 'Content-Length': '0'} 
 body=None 
 </msg>
<msg time="2026-05-27T20:39:52.119554" level="INFO">DELETE Response : url=http://localhost:8000/ues/7/bearers/3/traffic 
 status=200, reason=OK 
 headers={'date': 'Wed, 27 May 2026 18:39:51 GMT', 'server': 'uvicorn', 'content-length': '52', 'content-type': 'application/json'} 
 body={"status":"traffic_stopped","ue_id":7,"bearer_id":3} 
 </msg>
<msg time="2026-05-27T20:39:52.119832" level="INFO">${RESPONSE} = &lt;Response [200]&gt;</msg>
<var>${RESPONSE}</var>
<arg>connectSession</arg>
<arg>/ues/${UE_ID}/bearers/${BEARER_ID}/traffic</arg>
<doc>Sends a DELETE request on a previously created HTTP Session.</doc>
<status status="PASS" start="2026-05-27T20:39:51.916438" elapsed="0.203421"/>
</kw>
<doc>End the transfer of data</doc>
<status status="PASS" start="2026-05-27T20:39:51.915153" elapsed="0.204816"/>
</kw>
<doc>Here we will execute the transfer speed test.</doc>
<status status="PASS" start="2026-05-27T20:39:50.451338" elapsed="1.668679"/>
</kw>
<kw name="Clean Test Environment" owner="SetupTeardown" type="TEARDOWN">
<kw name="Detach Bearer3 From UE7" owner="SetupTeardown" source_name="Detach Bearer${BearerId} From UE${UeId}">
<kw name="Create Session" owner="RequestsLibrary">
<msg time="2026-05-27T20:39:52.121433" level="INFO">Creating Session using : alias=connectSession, url=http://localhost:8000, headers={},                     cookies={}, auth=None, timeout=None, proxies=None, verify=False,                     debug=0 </msg>
<arg>connectSession</arg>
<arg>${BASE_URL}</arg>
<doc>Create Session: create a HTTP session to a server</doc>
<status status="PASS" start="2026-05-27T20:39:52.121301" elapsed="0.000258"/>
</kw>
<kw name="DELETE On Session" owner="RequestsLibrary">
<msg time="2026-05-27T20:39:52.360342" level="INFO">DELETE Request : url=http://localhost:8000/ues/7/bearers/3 
 path_url=/ues/7/bearers/3 
 headers={'User-Agent': 'python-requests/2.33.1', 'Accept-Encoding': 'gzip, deflate, zstd', 'Accept': '*/*', 'Connection': 'keep-alive', 'Content-Length': '0'} 
 body=None 
 </msg>
<msg time="2026-05-27T20:39:52.360413" level="INFO">DELETE Response : url=http://localhost:8000/ues/7/bearers/3 
 status=200, reason=OK 
 headers={'date': 'Wed, 27 May 2026 18:39:51 GMT', 'server': 'uvicorn', 'content-length': '51', 'content-type': 'application/json'} 
 body={"status":"bearer_deleted","ue_id":7,"bearer_id":3} 
 </msg>
<msg time="2026-05-27T20:39:52.360546" level="INFO">${RESPONSE} = &lt;Response [200]&gt;</msg>
<var>${RESPONSE}</var>
<arg>connectSession</arg>
<arg>/ues/${UeId}/bearers/${BearerId}</arg>
<doc>Sends a DELETE request on a previously created HTTP Session.</doc>
<status status="PASS" start="2026-05-27T20:39:52.121732" elapsed="0.238838"/>
</kw>
<return>
<value>${RESPONSE}</value>
<status status="PASS" start="2026-05-27T20:39:52.360627" elapsed="0.000068"/>
</return>
<doc>Detach Bearer with BearerId from UE with UeId</doc>
<status status="PASS" start="2026-05-27T20:39:52.120962" elapsed="0.240119"/>
</kw>
<kw name="Detach UE7 From Network" owner="SetupTeardown" source_name="Detach UE${UeId} From Network">
<kw name="Create Session" owner="RequestsLibrary">
<msg time="2026-05-27T20:39:52.361890" level="INFO">Creating Session using : alias=connectSession, url=http://localhost:8000, headers={},                     cookies={}, auth=None, timeout=None, proxies=None, verify=False,                     debug=0 </msg>
<arg>connectSession</arg>
<arg>${BASE_URL}</arg>
<doc>Create Session: create a HTTP session to a server</doc>
<status status="PASS" start="2026-05-27T20:39:52.361766" elapsed="0.000241"/>
</kw>
<kw name="DELETE On Session" owner="RequestsLibrary">
<msg time="2026-05-27T20:39:52.617969" level="INFO">DELETE Request : url=http://localhost:8000/ues/7 
 path_url=/ues/7 
 headers={'User-Agent': 'python-requests/2.33.1', 'Accept-Encoding': 'gzip, deflate, zstd', 'Accept': '*/*', 'Connection': 'keep-alive', 'Content-Length': '0'} 
 body=None 
 </msg>
<msg time="2026-05-27T20:39:52.618049" level="INFO">DELETE Response : url=http://localhost:8000/ues/7 
 status=200, reason=OK 
 headers={'date': 'Wed, 27 May 2026 18:39:51 GMT', 'server': 'uvicorn', 'content-length': '31', 'content-type': 'application/json'} 
 body={"status":"detached","ue_id":7} 
 </msg>
<msg time="2026-05-27T20:39:52.618161" level="INFO">${RESPONSE} = &lt;Response [200]&gt;</msg>
<var>${RESPONSE}</var>
<arg>connectSession</arg>
<arg>/ues/${UeId}</arg>
<doc>Sends a DELETE request on a previously created HTTP Session.</doc>
<status status="PASS" start="2026-05-27T20:39:52.362123" elapsed="0.256062"/>
</kw>
<return>
<value>${RESPONSE}</value>
<status status="PASS" start="2026-05-27T20:39:52.618241" elapsed="0.000037"/>
</return>
<doc>Detach UE with id UeId from the network.</doc>
<status status="PASS" start="2026-05-27T20:39:52.361285" elapsed="0.257093"/>
</kw>
<doc>Here we will Detach the UE and Delete the Bearer.</doc>
<status status="PASS" start="2026-05-27T20:39:52.120437" elapsed="0.497988"/>
</kw>
<doc>Verify that data transfer succeeds over TCP with low connection speed (1 kbps).</doc>
<status status="PASS" start="2026-05-27T20:39:49.894197" elapsed="2.724335"/>
</test>
<test id="s1-s1-t3" name="FN 3-4 TC 03 - TCP Transfer at Medium Speed" line="26">
<kw name="Prepare Test Environment" owner="SetupTeardown" type="SETUP">
<kw name="Attach UE7 To Network" owner="SetupTeardown" source_name="Attach UE${UeId} To Network">
<kw name="Create Session" owner="RequestsLibrary">
<msg time="2026-05-27T20:39:52.620488" level="INFO">Creating Session using : alias=connectSession, url=http://localhost:8000, headers={},                     cookies={}, auth=None, timeout=None, proxies=None, verify=False,                     debug=0 </msg>
<arg>connectSession</arg>
<arg>${BASE_URL}</arg>
<doc>Create Session: create a HTTP session to a server</doc>
<status status="PASS" start="2026-05-27T20:39:52.620336" elapsed="0.000413"/>
</kw>
<kw name="Create Dictionary" owner="BuiltIn">
<msg time="2026-05-27T20:39:52.621266" level="INFO">${BODY} = {'ue_id': '7'}</msg>
<var>${BODY}</var>
<arg>ue_id=${UeId}</arg>
<doc>Creates and returns a dictionary based on the given ``items``.</doc>
<status status="PASS" start="2026-05-27T20:39:52.620896" elapsed="0.000407"/>
</kw>
<kw name="POST On Session" owner="RequestsLibrary">
<msg time="2026-05-27T20:39:52.867146" level="INFO">POST Request : url=http://localhost:8000/ues 
 path_url=/ues 
 headers={'User-Agent': 'python-requests/2.33.1', 'Accept-Encoding': 'gzip, deflate, zstd', 'Accept': '*/*', 'Connection': 'keep-alive', 'Content-Length': '14', 'Content-Type': 'application/json'} 
 body=b'{"ue_id": "7"}' 
 </msg>
<msg time="2026-05-27T20:39:52.867245" level="INFO">POST Response : url=http://localhost:8000/ues 
 status=200, reason=OK 
 headers={'date': 'Wed, 27 May 2026 18:39:51 GMT', 'server': 'uvicorn', 'content-length': '31', 'content-type': 'application/json'} 
 body={"status":"attached","ue_id":7} 
 </msg>
<msg time="2026-05-27T20:39:52.867424" level="INFO">${RESPONSE} = &lt;Response [200]&gt;</msg>
<var>${RESPONSE}</var>
<arg>connectSession</arg>
<arg>/ues</arg>
<arg>json=${BODY}</arg>
<doc>Sends a POST request on a previously created HTTP Session.</doc>
<status status="PASS" start="2026-05-27T20:39:52.621427" elapsed="0.246091"/>
</kw>
<kw name="Set Test Variable" owner="BuiltIn">
<msg time="2026-05-27T20:39:52.868123" level="INFO">${UE_ID} = 7</msg>
<arg>${UE_ID}</arg>
<arg>${UeId}</arg>
<doc>Makes a variable available everywhere within the scope of the current test.</doc>
<status status="PASS" start="2026-05-27T20:39:52.867775" elapsed="0.000389"/>
</kw>
<return>
<value>${RESPONSE}</value>
<status status="PASS" start="2026-05-27T20:39:52.868212" elapsed="0.000034"/>
</return>
<doc>Attach UE with id UeId to the network.</doc>
<status status="PASS" start="2026-05-27T20:39:52.620020" elapsed="0.248318"/>
</kw>
<kw name="Attach Bearer3 To UE7" owner="SetupTeardown" source_name="Attach Bearer${BearerId} To UE${UeId}">
<kw name="Create Session" owner="RequestsLibrary">
<msg time="2026-05-27T20:39:52.869095" level="INFO">Creating Session using : alias=connectSession, url=http://localhost:8000, headers={},                     cookies={}, auth=None, timeout=None, proxies=None, verify=False,                     debug=0 </msg>
<arg>connectSession</arg>
<arg>${BASE_URL}</arg>
<doc>Create Session: create a HTTP session to a server</doc>
<status status="PASS" start="2026-05-27T20:39:52.868944" elapsed="0.000331"/>
</kw>
<kw name="Create Dictionary" owner="BuiltIn">
<msg time="2026-05-27T20:39:52.870121" level="INFO">${BODY} = {'bearer_id': '3'}</msg>
<var>${BODY}</var>
<arg>bearer_id=${BearerId}</arg>
<doc>Creates and returns a dictionary based on the given ``items``.</doc>
<status status="PASS" start="2026-05-27T20:39:52.869486" elapsed="0.000681"/>
</kw>
<kw name="POST On Session" owner="RequestsLibrary">
<msg time="2026-05-27T20:39:53.199104" level="INFO">POST Request : url=http://localhost:8000/ues/7/bearers 
 path_url=/ues/7/bearers 
 headers={'User-Agent': 'python-requests/2.33.1', 'Accept-Encoding': 'gzip, deflate, zstd', 'Accept': '*/*', 'Connection': 'keep-alive', 'Content-Length': '18', 'Content-Type': 'application/json'} 
 body=b'{"bearer_id": "3"}' 
 </msg>
<msg time="2026-05-27T20:39:53.199174" level="INFO">POST Response : url=http://localhost:8000/ues/7/bearers 
 status=200, reason=OK 
 headers={'date': 'Wed, 27 May 2026 18:39:52 GMT', 'server': 'uvicorn', 'content-length': '49', 'content-type': 'application/json'} 
 body={"status":"bearer_added","ue_id":7,"bearer_id":3} 
 </msg>
<msg time="2026-05-27T20:39:53.199281" level="INFO">${RESPONSE} = &lt;Response [200]&gt;</msg>
<var>${RESPONSE}</var>
<arg>connectSession</arg>
<arg>/ues/${UeId}/bearers</arg>
<arg>json=${BODY}</arg>
<doc>Sends a POST request on a previously created HTTP Session.</doc>
<status status="PASS" start="2026-05-27T20:39:52.870430" elapsed="0.328875"/>
</kw>
<kw name="Set Test Variable" owner="BuiltIn">
<msg time="2026-05-27T20:39:53.199903" level="INFO">${BEARER_ID} = 3</msg>
<arg>${BEARER_ID}</arg>
<arg>${BearerId}</arg>
<doc>Makes a variable available everywhere within the scope of the current test.</doc>
<status status="PASS" start="2026-05-27T20:39:53.199472" elapsed="0.000473"/>
</kw>
<return>
<value>${RESPONSE}</value>
<status status="PASS" start="2026-05-27T20:39:53.200016" elapsed="0.000062"/>
</return>
<doc>Attach Bearer with BearerId to UE with UeId.</doc>
<status status="PASS" start="2026-05-27T20:39:52.868526" elapsed="0.331734"/>
</kw>
<doc>Here we will Attach the UE and Add the Bearer.</doc>
<status status="PASS" start="2026-05-27T20:39:52.619563" elapsed="0.580766"/>
</kw>
<kw name="Set Transfer Speed To 1 Mbps" owner="TransferConfiguration" source_name="Set Transfer Speed To ${Speed} ${Units}">
<kw name="Convert To Integer" owner="BuiltIn">
<msg time="2026-05-27T20:39:53.201577" level="INFO">${SPEED} = 1</msg>
<var>${SPEED}</var>
<arg>${Speed}</arg>
<doc>Converts the given item to an integer number.</doc>
<status status="PASS" start="2026-05-27T20:39:53.201263" elapsed="0.000340"/>
</kw>
<kw name="Parse ${Units} And ${SPEED}" owner="TransferConfiguration" source_name="Parse ${Units} And ${Speed}">
<if>
<branch type="IF" condition="'${Units}' == 'bps'">
<kw name="Set Variable" owner="BuiltIn">
<var>${SPEED_bps}</var>
<arg>${Speed}</arg>
<doc>Returns the given values which can then be assigned to a variables.</doc>
<status status="NOT RUN" start="2026-05-27T20:39:53.202662" elapsed="0.000072"/>
</kw>
<status status="NOT RUN" start="2026-05-27T20:39:53.202450" elapsed="0.000335"/>
</branch>
<branch type="ELSE IF" condition="'${Units}' == 'kbps'">
<kw name="Evaluate" owner="BuiltIn">
<var>${SPEED_bps}</var>
<arg>${Speed} * 1000</arg>
<doc>Evaluates the given expression in Python and returns the result.</doc>
<status status="NOT RUN" start="2026-05-27T20:39:53.202994" elapsed="0.000019"/>
</kw>
<status status="NOT RUN" start="2026-05-27T20:39:53.202811" elapsed="0.000240"/>
</branch>
<branch type="ELSE IF" condition="'${Units}' == 'Mbps'">
<kw name="Evaluate" owner="BuiltIn">
<msg time="2026-05-27T20:39:53.204034" level="INFO">${SPEED_bps} = 1000000</msg>
<var>${SPEED_bps}</var>
<arg>${Speed} * 1000000</arg>
<doc>Evaluates the given expression in Python and returns the result.</doc>
<status status="PASS" start="2026-05-27T20:39:53.203395" elapsed="0.000699"/>
</kw>
<status status="PASS" start="2026-05-27T20:39:53.203075" elapsed="0.001063"/>
</branch>
<branch type="ELSE">
<kw name="Fail" owner="BuiltIn">
<arg>Unsupported unit: ${Units}</arg>
<doc>Fails the test with the given message and optionally alters its tags.</doc>
<status status="NOT RUN" start="2026-05-27T20:39:53.204317" elapsed="0.000022"/>
</kw>
<status status="NOT RUN" start="2026-05-27T20:39:53.204170" elapsed="0.000199"/>
</branch>
<status status="PASS" start="2026-05-27T20:39:53.202429" elapsed="0.001961"/>
</if>
<kw name="Set Test Variable" owner="BuiltIn">
<msg time="2026-05-27T20:39:53.204948" level="INFO">${SPEED_bps} = 1000000</msg>
<arg>${SPEED_bps}</arg>
<arg>${SPEED_bps}</arg>
<doc>Makes a variable available everywhere within the scope of the current test.</doc>
<status status="PASS" start="2026-05-27T20:39:53.204504" elapsed="0.000491"/>
</kw>
<doc>Hello</doc>
<status status="PASS" start="2026-05-27T20:39:53.202008" elapsed="0.003049"/>
</kw>
<kw name="Set Test Variable" owner="BuiltIn">
<msg time="2026-05-27T20:39:53.205494" level="INFO">${SPEED} = 1</msg>
<arg>${SPEED}</arg>
<arg>${SPEED}</arg>
<doc>Makes a variable available everywhere within the scope of the current test.</doc>
<status status="PASS" start="2026-05-27T20:39:53.205192" elapsed="0.000345"/>
</kw>
<kw name="Set Test Variable" owner="BuiltIn">
<msg time="2026-05-27T20:39:53.206688" level="INFO">${UNITS} = Mbps</msg>
<arg>${UNITS}</arg>
<arg>${Units}</arg>
<doc>Makes a variable available everywhere within the scope of the current test.</doc>
<status status="PASS" start="2026-05-27T20:39:53.205844" elapsed="0.001092"/>
</kw>
<doc>Here we set the transfer speed for the connection.</doc>
<status status="PASS" start="2026-05-27T20:39:53.200781" elapsed="0.006302"/>
</kw>
<kw name="Set TCP Protocol" owner="TransferConfiguration" source_name="Set ${Protocol} Protocol">
<kw name="Convert To Lower Case" owner="String">
<msg time="2026-05-27T20:39:53.208264" level="INFO">${PROTOCOL} = tcp</msg>
<var>${PROTOCOL}</var>
<arg>${Protocol}</arg>
<doc>Converts string to lower case.</doc>
<status status="PASS" start="2026-05-27T20:39:53.208056" elapsed="0.000240"/>
</kw>
<kw name="Set Test Variable" owner="BuiltIn">
<msg time="2026-05-27T20:39:53.209070" level="INFO">${PROTOCOL} = tcp</msg>
<arg>${PROTOCOL}</arg>
<arg>${PROTOCOL}</arg>
<doc>Makes a variable available everywhere within the scope of the current test.</doc>
<status status="PASS" start="2026-05-27T20:39:53.208506" elapsed="0.000616"/>
</kw>
<doc>Here we set the protocol on the connection.</doc>
<status status="PASS" start="2026-05-27T20:39:53.207499" elapsed="0.001691"/>
</kw>
<kw name="Verify Transfer" owner="TransferVerification">
<kw name="Start Transfer" owner="TransferVerification">
<kw name="Create Session" owner="RequestsLibrary">
<msg time="2026-05-27T20:39:53.210602" level="INFO">Creating Session using : alias=connectSession, url=http://localhost:8000, headers={},                     cookies={}, auth=None, timeout=None, proxies=None, verify=False,                     debug=0 </msg>
<arg>connectSession</arg>
<arg>${BASE_URL}</arg>
<doc>Create Session: create a HTTP session to a server</doc>
<status status="PASS" start="2026-05-27T20:39:53.210453" elapsed="0.000382"/>
</kw>
<kw name="Create Dictionary" owner="BuiltIn">
<msg time="2026-05-27T20:39:53.211426" level="INFO">${BODY} = {'protocol': 'tcp', 'Mbps': 1}</msg>
<var>${BODY}</var>
<arg>protocol=${PROTOCOL}</arg>
<arg>${UNITS}=${SPEED}</arg>
<doc>Creates and returns a dictionary based on the given ``items``.</doc>
<status status="PASS" start="2026-05-27T20:39:53.210983" elapsed="0.000471"/>
</kw>
<kw name="Log To Console" owner="BuiltIn">
<arg>\n${BODY}</arg>
<doc>Logs the given message to the console.</doc>
<status status="PASS" start="2026-05-27T20:39:53.211589" elapsed="0.000411"/>
</kw>
<kw name="POST On Session" owner="RequestsLibrary">
<msg time="2026-05-27T20:39:53.648023" level="INFO">POST Request : url=http://localhost:8000/ues/7/bearers/3/traffic 
 path_url=/ues/7/bearers/3/traffic 
 headers={'User-Agent': 'python-requests/2.33.1', 'Accept-Encoding': 'gzip, deflate, zstd', 'Accept': '*/*', 'Connection': 'keep-alive', 'Content-Length': '30', 'Content-Type': 'application/json'} 
 body=b'{"protocol": "tcp", "Mbps": 1}' 
 </msg>
<msg time="2026-05-27T20:39:53.648091" level="INFO">POST Response : url=http://localhost:8000/ues/7/bearers/3/traffic 
 status=200, reason=OK 
 headers={'date': 'Wed, 27 May 2026 18:39:52 GMT', 'server': 'uvicorn', 'content-length': '73', 'content-type': 'application/json'} 
 body={"status":"traffic_started","ue_id":7,"bearer_id":3,"target_bps":1000000} 
 </msg>
<msg time="2026-05-27T20:39:53.648195" level="INFO">${RESPONSE} = &lt;Response [200]&gt;</msg>
<var>${RESPONSE}</var>
<arg>connectSession</arg>
<arg>/ues/${UE_ID}/bearers/${BEARER_ID}/traffic</arg>
<arg>json=${BODY}</arg>
<arg>expected_status=any</arg>
<doc>Sends a POST request on a previously created HTTP Session.</doc>
<status status="PASS" start="2026-05-27T20:39:53.212222" elapsed="0.436068"/>
</kw>
<return>
<value>${RESPONSE.status_code}</value>
<status status="PASS" start="2026-05-27T20:39:53.648352" elapsed="0.000072"/>
</return>
<doc>Start the transfer of data</doc>
<status status="PASS" start="2026-05-27T20:39:53.210148" elapsed="0.438874"/>
</kw>
<kw name="Sleep" owner="BuiltIn">
<msg time="2026-05-27T20:39:54.649857" level="INFO">Slept 1 second.</msg>
<msg time="2026-05-27T20:39:54.649930" level="INFO">Testing the connection for a duration of time.</msg>
<arg>${DURATION}</arg>
<arg>Testing the connection for a duration of time.</arg>
<doc>Pauses the test executed for the given time.</doc>
<status status="PASS" start="2026-05-27T20:39:53.649213" elapsed="1.000836"/>
</kw>
<kw name="Get Transfer" owner="TransferVerification">
<kw name="Create Session" owner="RequestsLibrary">
<msg time="2026-05-27T20:39:54.650840" level="INFO">Creating Session using : alias=connectSession, url=http://localhost:8000, headers={},                     cookies={}, auth=None, timeout=None, proxies=None, verify=False,                     debug=0 </msg>
<arg>connectSession</arg>
<arg>${BASE_URL}</arg>
<doc>Create Session: create a HTTP session to a server</doc>
<status status="PASS" start="2026-05-27T20:39:54.650595" elapsed="0.000370"/>
</kw>
<kw name="GET On Session" owner="RequestsLibrary">
<msg time="2026-05-27T20:39:54.655058" level="INFO">GET Request : url=http://localhost:8000/ues/7/bearers/3/traffic 
 path_url=/ues/7/bearers/3/traffic 
 headers={'User-Agent': 'python-requests/2.33.1', 'Accept-Encoding': 'gzip, deflate, zstd', 'Accept': '*/*', 'Connection': 'keep-alive'} 
 body=None 
 </msg>
<msg time="2026-05-27T20:39:54.655119" level="INFO">GET Response : url=http://localhost:8000/ues/7/bearers/3/traffic 
 status=200, reason=OK 
 headers={'date': 'Wed, 27 May 2026 18:39:53 GMT', 'server': 'uvicorn', 'content-length': '124', 'content-type': 'application/json'} 
 body={"ue_id":7,"bearer_id":3,"protocol":"tcp","target_bps":1000000,"tx_bps":817351,"rx_bps":817351,"duration":1.223463773727417} 
 </msg>
<msg time="2026-05-27T20:39:54.655219" level="INFO">${RESPONSE} = &lt;Response [200]&gt;</msg>
<var>${RESPONSE}</var>
<arg>connectSession</arg>
<arg>/ues/${UE_ID}/bearers/${BEARER_ID}/traffic</arg>
<doc>Sends a GET request on a previously created HTTP Session.</doc>
<status status="PASS" start="2026-05-27T20:39:54.651088" elapsed="0.004155"/>
</kw>
<kw name="Validate Transfer ${RESPONSE} Received" owner="TransferVerification" source_name="Validate Transfer ${Response} Received">
<kw name="Log To Console" owner="BuiltIn">
<arg>${Response.json()}</arg>
<doc>Logs the given message to the console.</doc>
<status status="PASS" start="2026-05-27T20:39:54.656114" elapsed="0.000937"/>
</kw>
<kw name="Parse And Validate ${Response.json()} Dictionary" owner="TransferVerification" source_name="Parse And Validate ${Dictionary} Dictionary">
<kw name="Dictionary Should Contain Key" owner="Collections">
<arg>${Dictionary}</arg>
<arg>ue_id</arg>
<doc>Fails if ``key`` is not found from ``dictionary``.</doc>
<status status="PASS" start="2026-05-27T20:39:54.658457" elapsed="0.000337"/>
</kw>
<kw name="Dictionary Should Contain Key" owner="Collections">
<arg>${Dictionary}</arg>
<arg>bearer_id</arg>
<doc>Fails if ``key`` is not found from ``dictionary``.</doc>
<status status="PASS" start="2026-05-27T20:39:54.658995" elapsed="0.000228"/>
</kw>
<kw name="Dictionary Should Contain Key" owner="Collections">
<arg>${Dictionary}</arg>
<arg>protocol</arg>
<doc>Fails if ``key`` is not found from ``dictionary``.</doc>
<status status="PASS" start="2026-05-27T20:39:54.659393" elapsed="0.000409"/>
</kw>
<kw name="Dictionary Should Contain Key" owner="Collections">
<arg>${Dictionary}</arg>
<arg>target_bps</arg>
<doc>Fails if ``key`` is not found from ``dictionary``.</doc>
<status status="PASS" start="2026-05-27T20:39:54.660003" elapsed="0.000239"/>
</kw>
<kw name="Dictionary Should Contain Key" owner="Collections">
<arg>${Dictionary}</arg>
<arg>duration</arg>
<doc>Fails if ``key`` is not found from ``dictionary``.</doc>
<status status="PASS" start="2026-05-27T20:39:54.660369" elapsed="0.000144"/>
</kw>
<kw name="Should Be Equal As Integers" owner="BuiltIn">
<msg time="2026-05-27T20:39:54.661025" level="INFO">Argument types are:
&lt;class 'int'&gt;
&lt;class 'str'&gt;</msg>
<arg>${Dictionary}[ue_id]</arg>
<arg>${UE_ID}</arg>
<doc>Fails if objects are unequal after converting them to integers.</doc>
<status status="PASS" start="2026-05-27T20:39:54.660629" elapsed="0.000456"/>
</kw>
<kw name="Should Be Equal As Integers" owner="BuiltIn">
<msg time="2026-05-27T20:39:54.661500" level="INFO">Argument types are:
&lt;class 'int'&gt;
&lt;class 'str'&gt;</msg>
<arg>${Dictionary}[bearer_id]</arg>
<arg>${BEARER_ID}</arg>
<doc>Fails if objects are unequal after converting them to integers.</doc>
<status status="PASS" start="2026-05-27T20:39:54.661221" elapsed="0.000333"/>
</kw>
<kw name="Should Be Equal As Strings" owner="BuiltIn">
<arg>${Dictionary}[protocol]</arg>
<arg>${PROTOCOL}</arg>
<doc>Fails if objects are unequal after converting them to strings.</doc>
<status status="PASS" start="2026-05-27T20:39:54.661782" elapsed="0.000328"/>
</kw>
<kw name="Should Be Equal As Integers" owner="BuiltIn">
<arg>${Dictionary}[target_bps]</arg>
<arg>${SPEED_bps}</arg>
<doc>Fails if objects are unequal after converting them to integers.</doc>
<status status="PASS" start="2026-05-27T20:39:54.662252" elapsed="0.000315"/>
</kw>
<doc>Comparing values as Integers</doc>
<status status="PASS" start="2026-05-27T20:39:54.657421" elapsed="0.005212"/>
</kw>
<doc>Validating if the transfer matches assumptions</doc>
<status status="PASS" start="2026-05-27T20:39:54.655515" elapsed="0.007219"/>
</kw>
<doc>Check if the transfer is valid</doc>
<status status="PASS" start="2026-05-27T20:39:54.650291" elapsed="0.012519"/>
</kw>
<kw name="End Transfer" owner="TransferVerification">
<kw name="Create Session" owner="RequestsLibrary">
<msg time="2026-05-27T20:39:54.663414" level="INFO">Creating Session using : alias=connectSession, url=http://localhost:8000, headers={},                     cookies={}, auth=None, timeout=None, proxies=None, verify=False,                     debug=0 </msg>
<arg>connectSession</arg>
<arg>${BASE_URL}</arg>
<doc>Create Session: create a HTTP session to a server</doc>
<status status="PASS" start="2026-05-27T20:39:54.663284" elapsed="0.000272"/>
</kw>
<kw name="DELETE On Session" owner="RequestsLibrary">
<msg time="2026-05-27T20:39:54.868994" level="INFO">DELETE Request : url=http://localhost:8000/ues/7/bearers/3/traffic 
 path_url=/ues/7/bearers/3/traffic 
 headers={'User-Agent': 'python-requests/2.33.1', 'Accept-Encoding': 'gzip, deflate, zstd', 'Accept': '*/*', 'Connection': 'keep-alive', 'Content-Length': '0'} 
 body=None 
 </msg>
<msg time="2026-05-27T20:39:54.869061" level="INFO">DELETE Response : url=http://localhost:8000/ues/7/bearers/3/traffic 
 status=200, reason=OK 
 headers={'date': 'Wed, 27 May 2026 18:39:54 GMT', 'server': 'uvicorn', 'content-length': '52', 'content-type': 'application/json'} 
 body={"status":"traffic_stopped","ue_id":7,"bearer_id":3} 
 </msg>
<msg time="2026-05-27T20:39:54.869163" level="INFO">${RESPONSE} = &lt;Response [200]&gt;</msg>
<var>${RESPONSE}</var>
<arg>connectSession</arg>
<arg>/ues/${UE_ID}/bearers/${BEARER_ID}/traffic</arg>
<doc>Sends a DELETE request on a previously created HTTP Session.</doc>
<status status="PASS" start="2026-05-27T20:39:54.663746" elapsed="0.205441"/>
</kw>
<doc>End the transfer of data</doc>
<status status="PASS" start="2026-05-27T20:39:54.662982" elapsed="0.206272"/>
</kw>
<doc>Here we will execute the transfer speed test.</doc>
<status status="PASS" start="2026-05-27T20:39:53.209571" elapsed="1.659728"/>
</kw>
<kw name="Clean Test Environment" owner="SetupTeardown" type="TEARDOWN">
<kw name="Detach Bearer3 From UE7" owner="SetupTeardown" source_name="Detach Bearer${BearerId} From UE${UeId}">
<kw name="Create Session" owner="RequestsLibrary">
<msg time="2026-05-27T20:39:54.871316" level="INFO">Creating Session using : alias=connectSession, url=http://localhost:8000, headers={},                     cookies={}, auth=None, timeout=None, proxies=None, verify=False,                     debug=0 </msg>
<arg>connectSession</arg>
<arg>${BASE_URL}</arg>
<doc>Create Session: create a HTTP session to a server</doc>
<status status="PASS" start="2026-05-27T20:39:54.871187" elapsed="0.000271"/>
</kw>
<kw name="DELETE On Session" owner="RequestsLibrary">
<msg time="2026-05-27T20:39:55.085017" level="INFO">DELETE Request : url=http://localhost:8000/ues/7/bearers/3 
 path_url=/ues/7/bearers/3 
 headers={'User-Agent': 'python-requests/2.33.1', 'Accept-Encoding': 'gzip, deflate, zstd', 'Accept': '*/*', 'Connection': 'keep-alive', 'Content-Length': '0'} 
 body=None 
 </msg>
<msg time="2026-05-27T20:39:55.085084" level="INFO">DELETE Response : url=http://localhost:8000/ues/7/bearers/3 
 status=200, reason=OK 
 headers={'date': 'Wed, 27 May 2026 18:39:54 GMT', 'server': 'uvicorn', 'content-length': '51', 'content-type': 'application/json'} 
 body={"status":"bearer_deleted","ue_id":7,"bearer_id":3} 
 </msg>
<msg time="2026-05-27T20:39:55.085184" level="INFO">${RESPONSE} = &lt;Response [200]&gt;</msg>
<var>${RESPONSE}</var>
<arg>connectSession</arg>
<arg>/ues/${UeId}/bearers/${BearerId}</arg>
<doc>Sends a DELETE request on a previously created HTTP Session.</doc>
<status status="PASS" start="2026-05-27T20:39:54.871580" elapsed="0.213627"/>
</kw>
<return>
<value>${RESPONSE}</value>
<status status="PASS" start="2026-05-27T20:39:55.085267" elapsed="0.000038"/>
</return>
<doc>Detach Bearer with BearerId from UE with UeId</doc>
<status status="PASS" start="2026-05-27T20:39:54.870641" elapsed="0.214800"/>
</kw>
<kw name="Detach UE7 From Network" owner="SetupTeardown" source_name="Detach UE${UeId} From Network">
<kw name="Create Session" owner="RequestsLibrary">
<msg time="2026-05-27T20:39:55.086299" level="INFO">Creating Session using : alias=connectSession, url=http://localhost:8000, headers={},                     cookies={}, auth=None, timeout=None, proxies=None, verify=False,                     debug=0 </msg>
<arg>connectSession</arg>
<arg>${BASE_URL}</arg>
<doc>Create Session: create a HTTP session to a server</doc>
<status status="PASS" start="2026-05-27T20:39:55.086173" elapsed="0.000249"/>
</kw>
<kw name="DELETE On Session" owner="RequestsLibrary">
<msg time="2026-05-27T20:39:55.508994" level="INFO">DELETE Request : url=http://localhost:8000/ues/7 
 path_url=/ues/7 
 headers={'User-Agent': 'python-requests/2.33.1', 'Accept-Encoding': 'gzip, deflate, zstd', 'Accept': '*/*', 'Connection': 'keep-alive', 'Content-Length': '0'} 
 body=None 
 </msg>
<msg time="2026-05-27T20:39:55.509412" level="INFO">DELETE Response : url=http://localhost:8000/ues/7 
 status=200, reason=OK 
 headers={'date': 'Wed, 27 May 2026 18:39:54 GMT', 'server': 'uvicorn', 'content-length': '31', 'content-type': 'application/json'} 
 body={"status":"detached","ue_id":7} 
 </msg>
<msg time="2026-05-27T20:39:55.509548" level="INFO">${RESPONSE} = &lt;Response [200]&gt;</msg>
<var>${RESPONSE}</var>
<arg>connectSession</arg>
<arg>/ues/${UeId}</arg>
<doc>Sends a DELETE request on a previously created HTTP Session.</doc>
<status status="PASS" start="2026-05-27T20:39:55.086538" elapsed="0.423053"/>
</kw>
<return>
<value>${RESPONSE}</value>
<status status="PASS" start="2026-05-27T20:39:55.509793" elapsed="0.000055"/>
</return>
<doc>Detach UE with id UeId from the network.</doc>
<status status="PASS" start="2026-05-27T20:39:55.085726" elapsed="0.424390"/>
</kw>
<doc>Here we will Detach the UE and Delete the Bearer.</doc>
<status status="PASS" start="2026-05-27T20:39:54.869936" elapsed="0.640269"/>
</kw>
<doc>Verify that data transfer succeeds over TCP with medium connection speed (1 Mbps).</doc>
<status status="PASS" start="2026-05-27T20:39:52.618927" elapsed="2.891426"/>
</test>
<test id="s1-s1-t4" name="FN 3-4 TC 04 - TCP Transfer at High Speed" line="32">
<kw name="Prepare Test Environment" owner="SetupTeardown" type="SETUP">
<kw name="Attach UE7 To Network" owner="SetupTeardown" source_name="Attach UE${UeId} To Network">
<kw name="Create Session" owner="RequestsLibrary">
<msg time="2026-05-27T20:39:55.512390" level="INFO">Creating Session using : alias=connectSession, url=http://localhost:8000, headers={},                     cookies={}, auth=None, timeout=None, proxies=None, verify=False,                     debug=0 </msg>
<arg>connectSession</arg>
<arg>${BASE_URL}</arg>
<doc>Create Session: create a HTTP session to a server</doc>
<status status="PASS" start="2026-05-27T20:39:55.512213" elapsed="0.000363"/>
</kw>
<kw name="Create Dictionary" owner="BuiltIn">
<msg time="2026-05-27T20:39:55.513482" level="INFO">${BODY} = {'ue_id': '7'}</msg>
<var>${BODY}</var>
<arg>ue_id=${UeId}</arg>
<doc>Creates and returns a dictionary based on the given ``items``.</doc>
<status status="PASS" start="2026-05-27T20:39:55.512854" elapsed="0.000671"/>
</kw>
<kw name="POST On Session" owner="RequestsLibrary">
<msg time="2026-05-27T20:39:55.832674" level="INFO">POST Request : url=http://localhost:8000/ues 
 path_url=/ues 
 headers={'User-Agent': 'python-requests/2.33.1', 'Accept-Encoding': 'gzip, deflate, zstd', 'Accept': '*/*', 'Connection': 'keep-alive', 'Content-Length': '14', 'Content-Type': 'application/json'} 
 body=b'{"ue_id": "7"}' 
 </msg>
<msg time="2026-05-27T20:39:55.832815" level="INFO">POST Response : url=http://localhost:8000/ues 
 status=200, reason=OK 
 headers={'date': 'Wed, 27 May 2026 18:39:54 GMT', 'server': 'uvicorn', 'content-length': '31', 'content-type': 'application/json'} 
 body={"status":"attached","ue_id":7} 
 </msg>
<msg time="2026-05-27T20:39:55.833316" level="INFO">${RESPONSE} = &lt;Response [200]&gt;</msg>
<var>${RESPONSE}</var>
<arg>connectSession</arg>
<arg>/ues</arg>
<arg>json=${BODY}</arg>
<doc>Sends a POST request on a previously created HTTP Session.</doc>
<status status="PASS" start="2026-05-27T20:39:55.513799" elapsed="0.319544"/>
</kw>
<kw name="Set Test Variable" owner="BuiltIn">
<msg time="2026-05-27T20:39:55.834074" level="INFO">${UE_ID} = 7</msg>
<arg>${UE_ID}</arg>
<arg>${UeId}</arg>
<doc>Makes a variable available everywhere within the scope of the current test.</doc>
<status status="PASS" start="2026-05-27T20:39:55.833571" elapsed="0.000544"/>
</kw>
<return>
<value>${RESPONSE}</value>
<status status="PASS" start="2026-05-27T20:39:55.834184" elapsed="0.000049"/>
</return>
<doc>Attach UE with id UeId to the network.</doc>
<status status="PASS" start="2026-05-27T20:39:55.511875" elapsed="0.322465"/>
</kw>
<kw name="Attach Bearer3 To UE7" owner="SetupTeardown" source_name="Attach Bearer${BearerId} To UE${UeId}">
<kw name="Create Session" owner="RequestsLibrary">
<msg time="2026-05-27T20:39:55.834994" level="INFO">Creating Session using : alias=connectSession, url=http://localhost:8000, headers={},                     cookies={}, auth=None, timeout=None, proxies=None, verify=False,                     debug=0 </msg>
<arg>connectSession</arg>
<arg>${BASE_URL}</arg>
<doc>Create Session: create a HTTP session to a server</doc>
<status status="PASS" start="2026-05-27T20:39:55.834877" elapsed="0.000250"/>
</kw>
<kw name="Create Dictionary" owner="BuiltIn">
<msg time="2026-05-27T20:39:55.835857" level="INFO">${BODY} = {'bearer_id': '3'}</msg>
<var>${BODY}</var>
<arg>bearer_id=${BearerId}</arg>
<doc>Creates and returns a dictionary based on the given ``items``.</doc>
<status status="PASS" start="2026-05-27T20:39:55.835314" elapsed="0.000568"/>
</kw>
<kw name="POST On Session" owner="RequestsLibrary">
<msg time="2026-05-27T20:39:56.048773" level="INFO">POST Request : url=http://localhost:8000/ues/7/bearers 
 path_url=/ues/7/bearers 
 headers={'User-Agent': 'python-requests/2.33.1', 'Accept-Encoding': 'gzip, deflate, zstd', 'Accept': '*/*', 'Connection': 'keep-alive', 'Content-Length': '18', 'Content-Type': 'application/json'} 
 body=b'{"bearer_id": "3"}' 
 </msg>
<msg time="2026-05-27T20:39:56.048855" level="INFO">POST Response : url=http://localhost:8000/ues/7/bearers 
 status=200, reason=OK 
 headers={'date': 'Wed, 27 May 2026 18:39:55 GMT', 'server': 'uvicorn', 'content-length': '49', 'content-type': 'application/json'} 
 body={"status":"bearer_added","ue_id":7,"bearer_id":3} 
 </msg>
<msg time="2026-05-27T20:39:56.048960" level="INFO">${RESPONSE} = &lt;Response [200]&gt;</msg>
<var>${RESPONSE}</var>
<arg>connectSession</arg>
<arg>/ues/${UeId}/bearers</arg>
<arg>json=${BODY}</arg>
<doc>Sends a POST request on a previously created HTTP Session.</doc>
<status status="PASS" start="2026-05-27T20:39:55.836003" elapsed="0.212981"/>
</kw>
<kw name="Set Test Variable" owner="BuiltIn">
<msg time="2026-05-27T20:39:56.049796" level="INFO">${BEARER_ID} = 3</msg>
<arg>${BEARER_ID}</arg>
<arg>${BearerId}</arg>
<doc>Makes a variable available everywhere within the scope of the current test.</doc>
<status status="PASS" start="2026-05-27T20:39:56.049146" elapsed="0.000694"/>
</kw>
<return>
[...]
<status status="PASS" start="2026-05-27T20:40:39.646874" elapsed="1.196219"/>
</test>
<test id="s1-s1-t24" name="FN 3-4 TC 24 - Transfer below Minimum Speed" line="160">
<kw name="Prepare Test Environment" owner="SetupTeardown" type="SETUP">
<kw name="Attach UE7 To Network" owner="SetupTeardown" source_name="Attach UE${UeId} To Network">
<kw name="Create Session" owner="RequestsLibrary">
<msg time="2026-05-27T20:40:40.846649" level="INFO">Creating Session using : alias=connectSession, url=http://localhost:8000, headers={},                     cookies={}, auth=None, timeout=None, proxies=None, verify=False,                     debug=0 </msg>
<arg>connectSession</arg>
<arg>${BASE_URL}</arg>
<doc>Create Session: create a HTTP session to a server</doc>
<status status="PASS" start="2026-05-27T20:40:40.846417" elapsed="0.000447"/>
</kw>
<kw name="Create Dictionary" owner="BuiltIn">
<msg time="2026-05-27T20:40:40.847397" level="INFO">${BODY} = {'ue_id': '7'}</msg>
<var>${BODY}</var>
<arg>ue_id=${UeId}</arg>
<doc>Creates and returns a dictionary based on the given ``items``.</doc>
<status status="PASS" start="2026-05-27T20:40:40.847023" elapsed="0.000402"/>
</kw>
<kw name="POST On Session" owner="RequestsLibrary">
<msg time="2026-05-27T20:40:41.099609" level="INFO">POST Request : url=http://localhost:8000/ues 
 path_url=/ues 
 headers={'User-Agent': 'python-requests/2.33.1', 'Accept-Encoding': 'gzip, deflate, zstd', 'Accept': '*/*', 'Connection': 'keep-alive', 'Content-Length': '14', 'Content-Type': 'application/json'} 
 body=b'{"ue_id": "7"}' 
 </msg>
<msg time="2026-05-27T20:40:41.099744" level="INFO">POST Response : url=http://localhost:8000/ues 
 status=200, reason=OK 
 headers={'date': 'Wed, 27 May 2026 18:40:39 GMT', 'server': 'uvicorn', 'content-length': '31', 'content-type': 'application/json'} 
 body={"status":"attached","ue_id":7} 
 </msg>
<msg time="2026-05-27T20:40:41.099910" level="INFO">${RESPONSE} = &lt;Response [200]&gt;</msg>
<var>${RESPONSE}</var>
<arg>connectSession</arg>
<arg>/ues</arg>
<arg>json=${BODY}</arg>
<doc>Sends a POST request on a previously created HTTP Session.</doc>
<status status="PASS" start="2026-05-27T20:40:40.847566" elapsed="0.252397"/>
</kw>
<kw name="Set Test Variable" owner="BuiltIn">
<msg time="2026-05-27T20:40:41.100828" level="INFO">${UE_ID} = 7</msg>
<arg>${UE_ID}</arg>
<arg>${UeId}</arg>
<doc>Makes a variable available everywhere within the scope of the current test.</doc>
<status status="PASS" start="2026-05-27T20:40:41.100231" elapsed="0.000665"/>
</kw>
<return>
<value>${RESPONSE}</value>
<status status="PASS" start="2026-05-27T20:40:41.100968" elapsed="0.000042"/>
</return>
<doc>Attach UE with id UeId to the network.</doc>
<status status="PASS" start="2026-05-27T20:40:40.845954" elapsed="0.255188"/>
</kw>
<kw name="Attach Bearer3 To UE7" owner="SetupTeardown" source_name="Attach Bearer${BearerId} To UE${UeId}">
<kw name="Create Session" owner="RequestsLibrary">
<msg time="2026-05-27T20:40:41.102288" level="INFO">Creating Session using : alias=connectSession, url=http://localhost:8000, headers={},                     cookies={}, auth=None, timeout=None, proxies=None, verify=False,                     debug=0 </msg>
<arg>connectSession</arg>
<arg>${BASE_URL}</arg>
<doc>Create Session: create a HTTP session to a server</doc>
<status status="PASS" start="2026-05-27T20:40:41.102125" elapsed="0.000297"/>
</kw>
<kw name="Create Dictionary" owner="BuiltIn">
<msg time="2026-05-27T20:40:41.102994" level="INFO">${BODY} = {'bearer_id': '3'}</msg>
<var>${BODY}</var>
<arg>bearer_id=${BearerId}</arg>
<doc>Creates and returns a dictionary based on the given ``items``.</doc>
<status status="PASS" start="2026-05-27T20:40:41.102549" elapsed="0.000470"/>
</kw>
<kw name="POST On Session" owner="RequestsLibrary">
<msg time="2026-05-27T20:40:41.515074" level="INFO">POST Request : url=http://localhost:8000/ues/7/bearers 
 path_url=/ues/7/bearers 
 headers={'User-Agent': 'python-requests/2.33.1', 'Accept-Encoding': 'gzip, deflate, zstd', 'Accept': '*/*', 'Connection': 'keep-alive', 'Content-Length': '18', 'Content-Type': 'application/json'} 
 body=b'{"bearer_id": "3"}' 
 </msg>
<msg time="2026-05-27T20:40:41.515188" level="INFO">POST Response : url=http://localhost:8000/ues/7/bearers 
 status=200, reason=OK 
 headers={'date': 'Wed, 27 May 2026 18:40:40 GMT', 'server': 'uvicorn', 'content-length': '49', 'content-type': 'application/json'} 
 body={"status":"bearer_added","ue_id":7,"bearer_id":3} 
 </msg>
<msg time="2026-05-27T20:40:41.515434" level="INFO">${RESPONSE} = &lt;Response [200]&gt;</msg>
<var>${RESPONSE}</var>
<arg>connectSession</arg>
<arg>/ues/${UeId}/bearers</arg>
<arg>json=${BODY}</arg>
<doc>Sends a POST request on a previously created HTTP Session.</doc>
<status status="PASS" start="2026-05-27T20:40:41.103136" elapsed="0.412337"/>
</kw>
<kw name="Set Test Variable" owner="BuiltIn">
<msg time="2026-05-27T20:40:41.516428" level="INFO">${BEARER_ID} = 3</msg>
<arg>${BEARER_ID}</arg>
<arg>${BearerId}</arg>
<doc>Makes a variable available everywhere within the scope of the current test.</doc>
<status status="PASS" start="2026-05-27T20:40:41.515735" elapsed="0.000755"/>
</kw>
<return>
<value>${RESPONSE}</value>
<status status="PASS" start="2026-05-27T20:40:41.516569" elapsed="0.000045"/>
</return>
<doc>Attach Bearer with BearerId to UE with UeId.</doc>
<status status="PASS" start="2026-05-27T20:40:41.101526" elapsed="0.415273"/>
</kw>
<doc>Here we will Attach the UE and Add the Bearer.</doc>
<status status="PASS" start="2026-05-27T20:40:40.844604" elapsed="0.672246"/>
</kw>
<kw name="Set Transfer Speed To 0 Mbps" owner="TransferConfiguration" source_name="Set Transfer Speed To ${Speed} ${Units}">
<kw name="Convert To Integer" owner="BuiltIn">
<msg time="2026-05-27T20:40:41.518193" level="INFO">${SPEED} = 0</msg>
<var>${SPEED}</var>
<arg>${Speed}</arg>
<doc>Converts the given item to an integer number.</doc>
<status status="PASS" start="2026-05-27T20:40:41.517627" elapsed="0.000597"/>
</kw>
<kw name="Parse ${Units} And ${SPEED}" owner="TransferConfiguration" source_name="Parse ${Units} And ${Speed}">
<if>
<branch type="IF" condition="'${Units}' == 'bps'">
<kw name="Set Variable" owner="BuiltIn">
<var>${SPEED_bps}</var>
<arg>${Speed}</arg>
<doc>Returns the given values which can then be assigned to a variables.</doc>
<status status="NOT RUN" start="2026-05-27T20:40:41.519384" elapsed="0.000029"/>
</kw>
<status status="NOT RUN" start="2026-05-27T20:40:41.518994" elapsed="0.000466"/>
</branch>
<branch type="ELSE IF" condition="'${Units}' == 'kbps'">
<kw name="Evaluate" owner="BuiltIn">
<var>${SPEED_bps}</var>
<arg>${Speed} * 1000</arg>
<doc>Evaluates the given expression in Python and returns the result.</doc>
<status status="NOT RUN" start="2026-05-27T20:40:41.519823" elapsed="0.000040"/>
</kw>
<status status="NOT RUN" start="2026-05-27T20:40:41.519489" elapsed="0.000413"/>
</branch>
<branch type="ELSE IF" condition="'${Units}' == 'Mbps'">
<kw name="Evaluate" owner="BuiltIn">
<msg time="2026-05-27T20:40:41.520542" level="INFO">${SPEED_bps} = 0</msg>
<var>${SPEED_bps}</var>
<arg>${Speed} * 1000000</arg>
<doc>Evaluates the given expression in Python and returns the result.</doc>
<status status="PASS" start="2026-05-27T20:40:41.520142" elapsed="0.000431"/>
</kw>
<status status="PASS" start="2026-05-27T20:40:41.519929" elapsed="0.000684"/>
</branch>
<branch type="ELSE">
<kw name="Fail" owner="BuiltIn">
<arg>Unsupported unit: ${Units}</arg>
<doc>Fails the test with the given message and optionally alters its tags.</doc>
<status status="NOT RUN" start="2026-05-27T20:40:41.520871" elapsed="0.000022"/>
</kw>
<status status="NOT RUN" start="2026-05-27T20:40:41.520640" elapsed="0.000284"/>
</branch>
<status status="PASS" start="2026-05-27T20:40:41.518965" elapsed="0.001978"/>
</if>
<kw name="Set Test Variable" owner="BuiltIn">
<msg time="2026-05-27T20:40:41.521420" level="INFO">${SPEED_bps} = 0</msg>
<arg>${SPEED_bps}</arg>
<arg>${SPEED_bps}</arg>
<doc>Makes a variable available everywhere within the scope of the current test.</doc>
<status status="PASS" start="2026-05-27T20:40:41.521066" elapsed="0.000399"/>
</kw>
<doc>Hello</doc>
<status status="PASS" start="2026-05-27T20:40:41.518618" elapsed="0.002908"/>
</kw>
<kw name="Set Test Variable" owner="BuiltIn">
<msg time="2026-05-27T20:40:41.522073" level="INFO">${SPEED} = 0</msg>
<arg>${SPEED}</arg>
<arg>${SPEED}</arg>
<doc>Makes a variable available everywhere within the scope of the current test.</doc>
<status status="PASS" start="2026-05-27T20:40:41.521705" elapsed="0.000411"/>
</kw>
<kw name="Set Test Variable" owner="BuiltIn">
<msg time="2026-05-27T20:40:41.522554" level="INFO">${UNITS} = Mbps</msg>
<arg>${UNITS}</arg>
<arg>${Units}</arg>
<doc>Makes a variable available everywhere within the scope of the current test.</doc>
<status status="PASS" start="2026-05-27T20:40:41.522262" elapsed="0.000334"/>
</kw>
<doc>Here we set the transfer speed for the connection.</doc>
<status status="PASS" start="2026-05-27T20:40:41.517152" elapsed="0.005503"/>
</kw>
<kw name="Set TCP Protocol" owner="TransferConfiguration" source_name="Set ${Protocol} Protocol">
<kw name="Convert To Lower Case" owner="String">
<msg time="2026-05-27T20:40:41.523582" level="INFO">${PROTOCOL} = tcp</msg>
<var>${PROTOCOL}</var>
<arg>${Protocol}</arg>
<doc>Converts string to lower case.</doc>
<status status="PASS" start="2026-05-27T20:40:41.523376" elapsed="0.000253"/>
</kw>
<kw name="Set Test Variable" owner="BuiltIn">
<msg time="2026-05-27T20:40:41.524170" level="INFO">${PROTOCOL} = tcp</msg>
<arg>${PROTOCOL}</arg>
<arg>${PROTOCOL}</arg>
<doc>Makes a variable available everywhere within the scope of the current test.</doc>
<status status="PASS" start="2026-05-27T20:40:41.523844" elapsed="0.000372"/>
</kw>
<doc>Here we set the protocol on the connection.</doc>
<status status="PASS" start="2026-05-27T20:40:41.523058" elapsed="0.001220"/>
</kw>
<kw name="Verify Transfer Expected 422 Error" owner="TransferVerification" source_name="Verify Transfer Expected ${ErrorCode} Error">
<kw name="Start Transfer" owner="TransferVerification">
<kw name="Create Session" owner="RequestsLibrary">
<msg time="2026-05-27T20:40:41.525558" level="INFO">Creating Session using : alias=connectSession, url=http://localhost:8000, headers={},                     cookies={}, auth=None, timeout=None, proxies=None, verify=False,                     debug=0 </msg>
<arg>connectSession</arg>
<arg>${BASE_URL}</arg>
<doc>Create Session: create a HTTP session to a server</doc>
<status status="PASS" start="2026-05-27T20:40:41.525317" elapsed="0.000621"/>
</kw>
<kw name="Create Dictionary" owner="BuiltIn">
<msg time="2026-05-27T20:40:41.527250" level="INFO">${BODY} = {'protocol': 'tcp', 'Mbps': 0}</msg>
<var>${BODY}</var>
<arg>protocol=${PROTOCOL}</arg>
<arg>${UNITS}=${SPEED}</arg>
<doc>Creates and returns a dictionary based on the given ``items``.</doc>
<status status="PASS" start="2026-05-27T20:40:41.526275" elapsed="0.001050"/>
</kw>
<kw name="Log To Console" owner="BuiltIn">
<arg>\n${BODY}</arg>
<doc>Logs the given message to the console.</doc>
<status status="PASS" start="2026-05-27T20:40:41.527590" elapsed="0.000477"/>
</kw>
<kw name="POST On Session" owner="RequestsLibrary">
<msg time="2026-05-27T20:40:41.532906" level="INFO">POST Request : url=http://localhost:8000/ues/7/bearers/3/traffic 
 path_url=/ues/7/bearers/3/traffic 
 headers={'User-Agent': 'python-requests/2.33.1', 'Accept-Encoding': 'gzip, deflate, zstd', 'Accept': '*/*', 'Connection': 'keep-alive', 'Content-Length': '30', 'Content-Type': 'application/json'} 
 body=b'{"protocol": "tcp", "Mbps": 0}' 
 </msg>
<msg time="2026-05-27T20:40:41.533015" level="INFO">POST Response : url=http://localhost:8000/ues/7/bearers/3/traffic 
 status=422, reason=Unprocessable Entity 
 headers={'date': 'Wed, 27 May 2026 18:40:40 GMT', 'server': 'uvicorn', 'content-length': '177', 'content-type': 'application/json'} 
 body={"detail":[{"type":"value_error","loc":["body"],"msg":"Value error, Throughput must be between 1 bps and 100000000 bps","input":{"protocol":"tcp","Mbps":0},"ctx":{"error":{}}}]} 
 </msg>
<msg time="2026-05-27T20:40:41.533254" level="INFO">${RESPONSE} = &lt;Response [422]&gt;</msg>
<var>${RESPONSE}</var>
<arg>connectSession</arg>
<arg>/ues/${UE_ID}/bearers/${BEARER_ID}/traffic</arg>
<arg>json=${BODY}</arg>
<arg>expected_status=any</arg>
<doc>Sends a POST request on a previously created HTTP Session.</doc>
<status status="PASS" start="2026-05-27T20:40:41.528294" elapsed="0.004997"/>
</kw>
<return>
<value>${RESPONSE.status_code}</value>
<status status="PASS" start="2026-05-27T20:40:41.533388" elapsed="0.000044"/>
</return>
<msg time="2026-05-27T20:40:41.534329" level="INFO">${StatusCode} = 422</msg>
<var>${StatusCode}</var>
<doc>Start the transfer of data</doc>
<status status="PASS" start="2026-05-27T20:40:41.525028" elapsed="0.009340"/>
</kw>
<kw name="Should Be Equal As Integers" owner="BuiltIn">
<msg time="2026-05-27T20:40:41.535285" level="INFO">Argument types are:
&lt;class 'int'&gt;
&lt;class 'str'&gt;</msg>
<arg>${StatusCode}</arg>
<arg>${ErrorCode}</arg>
<doc>Fails if objects are unequal after converting them to integers.</doc>
<status status="PASS" start="2026-05-27T20:40:41.534619" elapsed="0.000741"/>
</kw>
<doc>Here we will execute the transfer speed test.</doc>
<status status="PASS" start="2026-05-27T20:40:41.524587" elapsed="0.010903"/>
</kw>
<kw name="Clean Test Environment" owner="SetupTeardown" type="TEARDOWN">
<kw name="Detach Bearer3 From UE7" owner="SetupTeardown" source_name="Detach Bearer${BearerId} From UE${UeId}">
<kw name="Create Session" owner="RequestsLibrary">
<msg time="2026-05-27T20:40:41.537211" level="INFO">Creating Session using : alias=connectSession, url=http://localhost:8000, headers={},                     cookies={}, auth=None, timeout=None, proxies=None, verify=False,                     debug=0 </msg>
<arg>connectSession</arg>
<arg>${BASE_URL}</arg>
<doc>Create Session: create a HTTP session to a server</doc>
<status status="PASS" start="2026-05-27T20:40:41.537070" elapsed="0.000346"/>
</kw>
<kw name="DELETE On Session" owner="RequestsLibrary">
<msg time="2026-05-27T20:40:41.814717" level="INFO">DELETE Request : url=http://localhost:8000/ues/7/bearers/3 
 path_url=/ues/7/bearers/3 
 headers={'User-Agent': 'python-requests/2.33.1', 'Accept-Encoding': 'gzip, deflate, zstd', 'Accept': '*/*', 'Connection': 'keep-alive', 'Content-Length': '0'} 
 body=None 
 </msg>
<msg time="2026-05-27T20:40:41.814873" level="INFO">DELETE Response : url=http://localhost:8000/ues/7/bearers/3 
 status=200, reason=OK 
 headers={'date': 'Wed, 27 May 2026 18:40:40 GMT', 'server': 'uvicorn', 'content-length': '51', 'content-type': 'application/json'} 
 body={"status":"bearer_deleted","ue_id":7,"bearer_id":3} 
 </msg>
<msg time="2026-05-27T20:40:41.814988" level="INFO">${RESPONSE} = &lt;Response [200]&gt;</msg>
<var>${RESPONSE}</var>
<arg>connectSession</arg>
<arg>/ues/${UeId}/bearers/${BearerId}</arg>
<doc>Sends a DELETE request on a previously created HTTP Session.</doc>
<status status="PASS" start="2026-05-27T20:40:41.537660" elapsed="0.277353"/>
</kw>
<return>
<value>${RESPONSE}</value>
<status status="PASS" start="2026-05-27T20:40:41.815074" elapsed="0.000095"/>
</return>
<doc>Detach Bearer with BearerId from UE with UeId</doc>
<status status="PASS" start="2026-05-27T20:40:41.536716" elapsed="0.278626"/>
</kw>
<kw name="Detach UE7 From Network" owner="SetupTeardown" source_name="Detach UE${UeId} From Network">
<kw name="Create Session" owner="RequestsLibrary">
<msg time="2026-05-27T20:40:41.816224" level="INFO">Creating Session using : alias=connectSession, url=http://localhost:8000, headers={},                     cookies={}, auth=None, timeout=None, proxies=None, verify=False,                     debug=0 </msg>
<arg>connectSession</arg>
<arg>${BASE_URL}</arg>
<doc>Create Session: create a HTTP session to a server</doc>
<status status="PASS" start="2026-05-27T20:40:41.816094" elapsed="0.000261"/>
</kw>
<kw name="DELETE On Session" owner="RequestsLibrary">
<msg time="2026-05-27T20:40:42.304019" level="INFO">DELETE Request : url=http://localhost:8000/ues/7 
 path_url=/ues/7 
 headers={'User-Agent': 'python-requests/2.33.1', 'Accept-Encoding': 'gzip, deflate, zstd', 'Accept': '*/*', 'Connection': 'keep-alive', 'Content-Length': '0'} 
 body=None 
 </msg>
<msg time="2026-05-27T20:40:42.304086" level="INFO">DELETE Response : url=http://localhost:8000/ues/7 
 status=200, reason=OK 
 headers={'date': 'Wed, 27 May 2026 18:40:40 GMT', 'server': 'uvicorn', 'content-length': '31', 'content-type': 'application/json'} 
 body={"status":"detached","ue_id":7} 
 </msg>
<msg time="2026-05-27T20:40:42.304185" level="INFO">${RESPONSE} = &lt;Response [200]&gt;</msg>
<var>${RESPONSE}</var>
<arg>connectSession</arg>
<arg>/ues/${UeId}</arg>
<doc>Sends a DELETE request on a previously created HTTP Session.</doc>
<status status="PASS" start="2026-05-27T20:40:41.816478" elapsed="0.487732"/>
</kw>
<return>
<value>${RESPONSE}</value>
<status status="PASS" start="2026-05-27T20:40:42.304285" elapsed="0.000069"/>
</return>
<doc>Detach UE with id UeId from the network.</doc>
<status status="PASS" start="2026-05-27T20:40:41.815575" elapsed="0.488979"/>
</kw>
<doc>Here we will Detach the UE and Delete the Bearer.</doc>
<status status="PASS" start="2026-05-27T20:40:41.535954" elapsed="0.768691"/>
</kw>
<doc>Verify that data transfer fails when connection speed is below the minimum allowed value (0 Mbps). Expect HTTP 400 error.</doc>
<status status="PASS" start="2026-05-27T20:40:40.843503" elapsed="1.461295"/>
</test>
<kw name="Clean Environment" type="TEARDOWN">
<kw name="Create Session" owner="RequestsLibrary">
<msg time="2026-05-27T20:40:42.306006" level="INFO">Creating Session using : alias=connectSession, url=http://localhost:8000, headers={},                     cookies={}, auth=None, timeout=None, proxies=None, verify=False,                     debug=0 </msg>
<arg>connectSession</arg>
<arg>${BASE_URL}</arg>
<doc>Create Session: create a HTTP session to a server</doc>
<status status="PASS" start="2026-05-27T20:40:42.305871" elapsed="0.000267"/>
</kw>
<kw name="POST On Session" owner="RequestsLibrary">
<msg time="2026-05-27T20:40:42.311273" level="INFO">POST Request : url=http://localhost:8000/reset 
 path_url=/reset 
 headers={'User-Agent': 'python-requests/2.33.1', 'Accept-Encoding': 'gzip, deflate, zstd', 'Accept': '*/*', 'Connection': 'keep-alive', 'Content-Length': '0'} 
 body=None 
 </msg>
<msg time="2026-05-27T20:40:42.311348" level="INFO">POST Response : url=http://localhost:8000/reset 
 status=200, reason=OK 
 headers={'date': 'Wed, 27 May 2026 18:40:41 GMT', 'server': 'uvicorn', 'content-length': '18', 'content-type': 'application/json'} 
 body={"status":"reset"} 
 </msg>
<msg time="2026-05-27T20:40:42.311553" level="INFO">${RESPONSE} = &lt;Response [200]&gt;</msg>
<var>${RESPONSE}</var>
<arg>connectSession</arg>
<arg>/reset</arg>
<doc>Sends a POST request on a previously created HTTP Session.</doc>
<status status="PASS" start="2026-05-27T20:40:42.306266" elapsed="0.005313"/>
</kw>
<doc>Reset everything, just in case of an error</doc>
<status status="PASS" start="2026-05-27T20:40:42.305572" elapsed="0.006172"/>
</kw>
<doc>This test suite will test data transfer sent from UE to DL.</doc>
<status status="PASS" start="2026-05-27T20:39:46.514763" elapsed="55.797015"/>
</suite>
<status status="PASS" start="2026-05-27T20:39:46.479255" elapsed="55.833355"/>
</suite>
<statistics>
<total>
<stat pass="24" fail="0" skip="0">All Tests</stat>
</total>
<tag>
</tag>
<suite>
<stat name="StartAndBeginDataTransfer" id="s1" pass="24" fail="0" skip="0">StartAndBeginDataTransfer</stat>
<stat name="StartAndBeginTransferTest" id="s1-s1" pass="24" fail="0" skip="0">StartAndBeginDataTransfer.StartAndBeginTransferTest</stat>
</suite>
</statistics>
<errors>
</errors>
</robot>
