<?xml version="1.0" encoding="UTF-8"?>
<robot generator="Robot 7.4.2 (Python 3.14.3 on linux)" generated="2026-05-27T20:06:59.529098" rpa="false" schemaversion="5">
<suite id="s1" name="ROBOT" source="/home/mike/Desktop/Studia/Nokia/SimpleEPCSimulator/ROBOT">
<suite id="s1-s1" name="Attach" source="/home/mike/Desktop/Studia/Nokia/SimpleEPCSimulator/ROBOT/Attach">
<suite id="s1-s1-s1" name="AttachTest" source="/home/mike/Desktop/Studia/Nokia/SimpleEPCSimulator/ROBOT/Attach/AttachTest.robot">
<kw name="Clean Environment" owner="SetupTeardown" type="SETUP">
<kw name="Create Session" owner="RequestsLibrary">
<msg time="2026-05-27T20:07:01.481116" level="INFO">Creating Session using : alias=connectSession, url=http://localhost:8000, headers={},                     cookies={}, auth=None, timeout=None, proxies=None, verify=False,                     debug=0 </msg>
<arg>connectSession</arg>
<arg>${BASE_URL}</arg>
<doc>Create Session: create a HTTP session to a server</doc>
<status status="PASS" start="2026-05-27T20:07:01.480849" elapsed="0.000492"/>
</kw>
<kw name="POST On Session" owner="RequestsLibrary">
<msg time="2026-05-27T20:07:02.717849" level="INFO">POST Request : url=http://localhost:8000/reset 
 path_url=/reset 
 headers={'User-Agent': 'python-requests/2.33.1', 'Accept-Encoding': 'gzip, deflate, zstd', 'Accept': '*/*', 'Connection': 'keep-alive', 'Content-Length': '0'} 
 body=None 
 </msg>
<msg time="2026-05-27T20:07:02.718070" level="INFO">POST Response : url=http://localhost:8000/reset 
 status=200, reason=OK 
 headers={'date': 'Wed, 27 May 2026 18:07:00 GMT', 'server': 'uvicorn', 'content-length': '18', 'content-type': 'application/json'} 
 body={"status":"reset"} 
 </msg>
<arg>connectSession</arg>
<arg>/reset</arg>
<doc>Sends a POST request on a previously created HTTP Session.</doc>
<status status="PASS" start="2026-05-27T20:07:01.481573" elapsed="1.236574"/>
</kw>
<doc>Reset the simulator to a clean state.</doc>
<status status="PASS" start="2026-05-27T20:07:01.479725" elapsed="1.238506"/>
</kw>
<test id="s1-s1-s1-t1" name="FN 1 TC 01 - Successful Attach With Valid UE ID" line="13">
<kw name="Clean Environment" owner="SetupTeardown" type="SETUP">
<kw name="Create Session" owner="RequestsLibrary">
<msg time="2026-05-27T20:07:02.719803" level="INFO">Creating Session using : alias=connectSession, url=http://localhost:8000, headers={},                     cookies={}, auth=None, timeout=None, proxies=None, verify=False,                     debug=0 </msg>
<arg>connectSession</arg>
<arg>${BASE_URL}</arg>
<doc>Create Session: create a HTTP session to a server</doc>
<status status="PASS" start="2026-05-27T20:07:02.719500" elapsed="0.000462"/>
</kw>
<kw name="POST On Session" owner="RequestsLibrary">
<msg time="2026-05-27T20:07:02.725255" level="INFO">POST Request : url=http://localhost:8000/reset 
 path_url=/reset 
 headers={'User-Agent': 'python-requests/2.33.1', 'Accept-Encoding': 'gzip, deflate, zstd', 'Accept': '*/*', 'Connection': 'keep-alive', 'Content-Length': '0'} 
 body=None 
 </msg>
<msg time="2026-05-27T20:07:02.725366" level="INFO">POST Response : url=http://localhost:8000/reset 
 status=200, reason=OK 
 headers={'date': 'Wed, 27 May 2026 18:07:01 GMT', 'server': 'uvicorn', 'content-length': '18', 'content-type': 'application/json'} 
 body={"status":"reset"} 
 </msg>
<arg>connectSession</arg>
<arg>/reset</arg>
<doc>Sends a POST request on a previously created HTTP Session.</doc>
<status status="PASS" start="2026-05-27T20:07:02.720140" elapsed="0.005357"/>
</kw>
<doc>Reset the simulator to a clean state.</doc>
<status status="PASS" start="2026-05-27T20:07:02.719160" elapsed="0.006413"/>
</kw>
<kw name="Verify Attach UE42 To Network" owner="AttachVerification" source_name="Verify Attach UE${UeId} To Network">
<kw name="Create Session" owner="RequestsLibrary">
<msg time="2026-05-27T20:07:02.726375" level="INFO">Creating Session using : alias=connectSession, url=http://localhost:8000, headers={},                     cookies={}, auth=None, timeout=None, proxies=None, verify=False,                     debug=0 </msg>
<arg>connectSession</arg>
<arg>${BASE_URL}</arg>
<doc>Create Session: create a HTTP session to a server</doc>
<status status="PASS" start="2026-05-27T20:07:02.726246" elapsed="0.000265"/>
</kw>
<kw name="Create Dictionary" owner="BuiltIn">
<msg time="2026-05-27T20:07:02.727476" level="INFO">${BODY} = {'ue_id': '42'}</msg>
<var>${BODY}</var>
<arg>ue_id=${UeId}</arg>
<doc>Creates and returns a dictionary based on the given ``items``.</doc>
<status status="PASS" start="2026-05-27T20:07:02.726642" elapsed="0.000906"/>
</kw>
<kw name="POST On Session" owner="RequestsLibrary">
<msg time="2026-05-27T20:07:02.974288" level="INFO">POST Request : url=http://localhost:8000/ues 
 path_url=/ues 
 headers={'User-Agent': 'python-requests/2.33.1', 'Accept-Encoding': 'gzip, deflate, zstd', 'Accept': '*/*', 'Connection': 'keep-alive', 'Content-Length': '15', 'Content-Type': 'application/json'} 
 body=b'{"ue_id": "42"}' 
 </msg>
<msg time="2026-05-27T20:07:02.974353" level="INFO">POST Response : url=http://localhost:8000/ues 
 status=200, reason=OK 
 headers={'date': 'Wed, 27 May 2026 18:07:01 GMT', 'server': 'uvicorn', 'content-length': '32', 'content-type': 'application/json'} 
 body={"status":"attached","ue_id":42} 
 </msg>
<msg time="2026-05-27T20:07:02.974475" level="INFO">${RESPONSE} = &lt;Response [200]&gt;</msg>
<var>${RESPONSE}</var>
<arg>connectSession</arg>
<arg>/ues</arg>
<arg>json=${BODY}</arg>
<arg>expected_status=any</arg>
<doc>Sends a POST request on a previously created HTTP Session.</doc>
<status status="PASS" start="2026-05-27T20:07:02.727959" elapsed="0.246542"/>
</kw>
<kw name="Should Be Equal As Integers" owner="BuiltIn">
<msg time="2026-05-27T20:07:02.975445" level="INFO">Argument types are:
&lt;class 'int'&gt;
&lt;class 'str'&gt;</msg>
<arg>${RESPONSE.status_code}</arg>
<arg>200</arg>
<doc>Fails if objects are unequal after converting them to integers.</doc>
<status status="PASS" start="2026-05-27T20:07:02.974715" elapsed="0.000790"/>
</kw>
<kw name="Should Be Equal As Strings" owner="BuiltIn">
<arg>${RESPONSE.json()}[status]</arg>
<arg>attached</arg>
<doc>Fails if objects are unequal after converting them to strings.</doc>
<status status="PASS" start="2026-05-27T20:07:02.975623" elapsed="0.000909"/>
</kw>
<kw name="Should Be Equal As Integers" owner="BuiltIn">
<msg time="2026-05-27T20:07:02.977648" level="INFO">Argument types are:
&lt;class 'int'&gt;
&lt;class 'str'&gt;</msg>
<arg>${RESPONSE.json()}[ue_id]</arg>
<arg>${UeId}</arg>
<doc>Fails if objects are unequal after converting them to integers.</doc>
<status status="PASS" start="2026-05-27T20:07:02.976795" elapsed="0.001002"/>
</kw>
<doc>Attach UE and verify the response contains status and ue_id.</doc>
<status status="PASS" start="2026-05-27T20:07:02.725931" elapsed="0.251988"/>
</kw>
<doc>Verify that a UE with a valid ID attaches successfully and response contains status and ue_id.</doc>
<status status="PASS" start="2026-05-27T20:07:02.718334" elapsed="0.259993"/>
</test>
<test id="s1-s1-s1-t2" name="FN 1 TC 02 - Default Bearer ID 9 Assigned After Attach" line="17">
<kw name="Clean Environment" owner="SetupTeardown" type="SETUP">
<kw name="Create Session" owner="RequestsLibrary">
<msg time="2026-05-27T20:07:02.980189" level="INFO">Creating Session using : alias=connectSession, url=http://localhost:8000, headers={},                     cookies={}, auth=None, timeout=None, proxies=None, verify=False,                     debug=0 </msg>
<arg>connectSession</arg>
<arg>${BASE_URL}</arg>
<doc>Create Session: create a HTTP session to a server</doc>
<status status="PASS" start="2026-05-27T20:07:02.980047" elapsed="0.000381"/>
</kw>
<kw name="POST On Session" owner="RequestsLibrary">
<msg time="2026-05-27T20:07:03.248231" level="INFO">POST Request : url=http://localhost:8000/reset 
 path_url=/reset 
 headers={'User-Agent': 'python-requests/2.33.1', 'Accept-Encoding': 'gzip, deflate, zstd', 'Accept': '*/*', 'Connection': 'keep-alive', 'Content-Length': '0'} 
 body=None 
 </msg>
<msg time="2026-05-27T20:07:03.248297" level="INFO">POST Response : url=http://localhost:8000/reset 
 status=200, reason=OK 
 headers={'date': 'Wed, 27 May 2026 18:07:02 GMT', 'server': 'uvicorn', 'content-length': '18', 'content-type': 'application/json'} 
 body={"status":"reset"} 
 </msg>
<arg>connectSession</arg>
<arg>/reset</arg>
<doc>Sends a POST request on a previously created HTTP Session.</doc>
<status status="PASS" start="2026-05-27T20:07:02.980612" elapsed="0.267760"/>
</kw>
<doc>Reset the simulator to a clean state.</doc>
<status status="PASS" start="2026-05-27T20:07:02.979770" elapsed="0.268733"/>
</kw>
<kw name="Attach UE42 To Network" owner="SetupTeardown" source_name="Attach UE${UeId} To Network">
<kw name="Create Session" owner="RequestsLibrary">
<msg time="2026-05-27T20:07:03.249932" level="INFO">Creating Session using : alias=connectSession, url=http://localhost:8000, headers={},                     cookies={}, auth=None, timeout=None, proxies=None, verify=False,                     debug=0 </msg>
<arg>connectSession</arg>
<arg>${BASE_URL}</arg>
<doc>Create Session: create a HTTP session to a server</doc>
<status status="PASS" start="2026-05-27T20:07:03.249629" elapsed="0.000515"/>
</kw>
<kw name="Create Dictionary" owner="BuiltIn">
<msg time="2026-05-27T20:07:03.251058" level="INFO">${BODY} = {'ue_id': '42'}</msg>
<var>${BODY}</var>
<arg>ue_id=${UeId}</arg>
<doc>Creates and returns a dictionary based on the given ``items``.</doc>
<status status="PASS" start="2026-05-27T20:07:03.250369" elapsed="0.000745"/>
</kw>
<kw name="POST On Session" owner="RequestsLibrary">
<msg time="2026-05-27T20:07:03.580637" level="INFO">POST Request : url=http://localhost:8000/ues 
 path_url=/ues 
 headers={'User-Agent': 'python-requests/2.33.1', 'Accept-Encoding': 'gzip, deflate, zstd', 'Accept': '*/*', 'Connection': 'keep-alive', 'Content-Length': '15', 'Content-Type': 'application/json'} 
 body=b'{"ue_id": "42"}' 
 </msg>
<msg time="2026-05-27T20:07:03.580938" level="INFO">POST Response : url=http://localhost:8000/ues 
 status=200, reason=OK 
 headers={'date': 'Wed, 27 May 2026 18:07:02 GMT', 'server': 'uvicorn', 'content-length': '32', 'content-type': 'application/json'} 
 body={"status":"attached","ue_id":42} 
 </msg>
<msg time="2026-05-27T20:07:03.581086" level="INFO">${RESPONSE} = &lt;Response [200]&gt;</msg>
<var>${RESPONSE}</var>
<arg>connectSession</arg>
<arg>/ues</arg>
<arg>json=${BODY}</arg>
<arg>expected_status=any</arg>
<doc>Sends a POST request on a previously created HTTP Session.</doc>
<status status="PASS" start="2026-05-27T20:07:03.251311" elapsed="0.329798"/>
</kw>
<kw name="Set Test Variable" owner="BuiltIn">
<msg time="2026-05-27T20:07:03.581758" level="INFO">${UE_ID} = 42</msg>
<arg>${UE_ID}</arg>
<arg>${UeId}</arg>
<doc>Makes a variable available everywhere within the scope of the current test.</doc>
<status status="PASS" start="2026-05-27T20:07:03.581292" elapsed="0.000506"/>
</kw>
<return>
<value>${RESPONSE}</value>
<status status="PASS" start="2026-05-27T20:07:03.581848" elapsed="0.000047"/>
</return>
<doc>Attach UE with id UeId to the network.</doc>
<status status="PASS" start="2026-05-27T20:07:03.249033" elapsed="0.332961"/>
</kw>
<kw name="Verify Default Bearer Assigned To UE42" owner="AttachVerification" source_name="Verify Default Bearer Assigned To UE${UeId}">
<kw name="Create Session" owner="RequestsLibrary">
<msg time="2026-05-27T20:07:03.582790" level="INFO">Creating Session using : alias=connectSession, url=http://localhost:8000, headers={},                     cookies={}, auth=None, timeout=None, proxies=None, verify=False,                     debug=0 </msg>
<arg>connectSession</arg>
<arg>${BASE_URL}</arg>
<doc>Create Session: create a HTTP session to a server</doc>
<status status="PASS" start="2026-05-27T20:07:03.582531" elapsed="0.000480"/>
</kw>
<kw name="GET On Session" owner="RequestsLibrary">
<msg time="2026-05-27T20:07:03.588065" level="INFO">GET Request : url=http://localhost:8000/ues/42 
 path_url=/ues/42 
 headers={'User-Agent': 'python-requests/2.33.1', 'Accept-Encoding': 'gzip, deflate, zstd', 'Accept': '*/*', 'Connection': 'keep-alive'} 
 body=None 
 </msg>
<msg time="2026-05-27T20:07:03.588139" level="INFO">GET Response : url=http://localhost:8000/ues/42 
 status=200, reason=OK 
 headers={'date': 'Wed, 27 May 2026 18:07:02 GMT', 'server': 'uvicorn', 'content-length': '104', 'content-type': 'application/json'} 
 body={"ue_id":42,"bearers":{"9":{"bearer_id":9,"protocol":null,"target_bps":null,"active":false}},"stats":{}} 
 </msg>
<msg time="2026-05-27T20:07:03.588290" level="INFO">${RESPONSE} = &lt;Response [200]&gt;</msg>
<var>${RESPONSE}</var>
<arg>connectSession</arg>
<arg>/ues/${UeId}</arg>
<doc>Sends a GET request on a previously created HTTP Session.</doc>
<status status="PASS" start="2026-05-27T20:07:03.583228" elapsed="0.005101"/>
</kw>
<kw name="Dictionary Should Contain Key" owner="Collections">
<arg>${RESPONSE.json()}[bearers]</arg>
<arg>9</arg>
<doc>Fails if ``key`` is not found from ``dictionary``.</doc>
<status status="PASS" start="2026-05-27T20:07:03.588478" elapsed="0.000630"/>
</kw>
<doc>Verify that bearer ID 9 is present after attach via GET /ues/{ue_id}.</doc>
<status status="PASS" start="2026-05-27T20:07:03.582243" elapsed="0.006938"/>
</kw>
<doc>Verify that bearer ID 9 is automatically created after attach.</doc>
<status status="PASS" start="2026-05-27T20:07:02.978827" elapsed="0.610558"/>
</test>
<test id="s1-s1-s1-t3" name="FN 1 TC 03 - Attach UE With Minimum Valid ID = 0" line="22">
<kw name="Clean Environment" owner="SetupTeardown" type="SETUP">
<kw name="Create Session" owner="RequestsLibrary">
<msg time="2026-05-27T20:07:03.590747" level="INFO">Creating Session using : alias=connectSession, url=http://localhost:8000, headers={},                     cookies={}, auth=None, timeout=None, proxies=None, verify=False,                     debug=0 </msg>
<arg>connectSession</arg>
<arg>${BASE_URL}</arg>
<doc>Create Session: create a HTTP session to a server</doc>
<status status="PASS" start="2026-05-27T20:07:03.590536" elapsed="0.000387"/>
</kw>
<kw name="POST On Session" owner="RequestsLibrary">
<msg time="2026-05-27T20:07:03.829784" level="INFO">POST Request : url=http://localhost:8000/reset 
 path_url=/reset 
 headers={'User-Agent': 'python-requests/2.33.1', 'Accept-Encoding': 'gzip, deflate, zstd', 'Accept': '*/*', 'Connection': 'keep-alive', 'Content-Length': '0'} 
 body=None 
 </msg>
<msg time="2026-05-27T20:07:03.829887" level="INFO">POST Response : url=http://localhost:8000/reset 
 status=200, reason=OK 
 headers={'date': 'Wed, 27 May 2026 18:07:02 GMT', 'server': 'uvicorn', 'content-length': '18', 'content-type': 'application/json'} 
 body={"status":"reset"} 
 </msg>
<arg>connectSession</arg>
<arg>/reset</arg>
<doc>Sends a POST request on a previously created HTTP Session.</doc>
<status status="PASS" start="2026-05-27T20:07:03.591062" elapsed="0.238939"/>
</kw>
<doc>Reset the simulator to a clean state.</doc>
<status status="PASS" start="2026-05-27T20:07:03.590261" elapsed="0.239855"/>
</kw>
<kw name="Verify Attach UE0 To Network" owner="AttachVerification" source_name="Verify Attach UE${UeId} To Network">
<kw name="Create Session" owner="RequestsLibrary">
<msg time="2026-05-27T20:07:03.831164" level="INFO">Creating Session using : alias=connectSession, url=http://localhost:8000, headers={},                     cookies={}, auth=None, timeout=None, proxies=None, verify=False,                     debug=0 </msg>
<arg>connectSession</arg>
<arg>${BASE_URL}</arg>
<doc>Create Session: create a HTTP session to a server</doc>
<status status="PASS" start="2026-05-27T20:07:03.830985" elapsed="0.000327"/>
</kw>
<kw name="Create Dictionary" owner="BuiltIn">
<msg time="2026-05-27T20:07:03.831861" level="INFO">${BODY} = {'ue_id': '0'}</msg>
<var>${BODY}</var>
<arg>ue_id=${UeId}</arg>
<doc>Creates and returns a dictionary based on the given ``items``.</doc>
<status status="PASS" start="2026-05-27T20:07:03.831437" elapsed="0.000448"/>
</kw>
<kw name="POST On Session" owner="RequestsLibrary">
<msg time="2026-05-27T20:07:03.836173" level="INFO">POST Request : url=http://localhost:8000/ues 
 path_url=/ues 
 headers={'User-Agent': 'python-requests/2.33.1', 'Accept-Encoding': 'gzip, deflate, zstd', 'Accept': '*/*', 'Connection': 'keep-alive', 'Content-Length': '14', 'Content-Type': 'application/json'} 
 body=b'{"ue_id": "0"}' 
 </msg>
<msg time="2026-05-27T20:07:03.836268" level="INFO">POST Response : url=http://localhost:8000/ues 
 status=422, reason=Unprocessable Entity 
 headers={'date': 'Wed, 27 May 2026 18:07:03 GMT', 'server': 'uvicorn', 'content-length': '143', 'content-type': 'application/json'} 
 body={"detail":[{"type":"greater_than_equal","loc":["body","ue_id"],"msg":"Input should be greater than or equal to 1","input":"0","ctx":{"ge":1}}]} 
 </msg>
<msg time="2026-05-27T20:07:03.836422" level="INFO">${RESPONSE} = &lt;Response [422]&gt;</msg>
<var>${RESPONSE}</var>
<arg>connectSession</arg>
<arg>/ues</arg>
<arg>json=${BODY}</arg>
<arg>expected_status=any</arg>
<doc>Sends a POST request on a previously created HTTP Session.</doc>
<status status="PASS" start="2026-05-27T20:07:03.831995" elapsed="0.004454"/>
</kw>
<kw name="Should Be Equal As Integers" owner="BuiltIn">
<msg time="2026-05-27T20:07:03.837261" level="INFO">Argument types are:
&lt;class 'int'&gt;
&lt;class 'str'&gt;</msg>
<msg time="2026-05-27T20:07:03.837404" level="FAIL">422 != 200</msg>
<arg>${RESPONSE.status_code}</arg>
<arg>200</arg>
<doc>Fails if objects are unequal after converting them to integers.</doc>
<status status="FAIL" start="2026-05-27T20:07:03.836603" elapsed="0.000957">422 != 200</status>
</kw>
<kw name="Should Be Equal As Strings" owner="BuiltIn">
<arg>${RESPONSE.json()}[status]</arg>
<arg>attached</arg>
<doc>Fails if objects are unequal after converting them to strings.</doc>
<status status="NOT RUN" start="2026-05-27T20:07:03.837841" elapsed="0.000026"/>
</kw>
<kw name="Should Be Equal As Integers" owner="BuiltIn">
<arg>${RESPONSE.json()}[ue_id]</arg>
<arg>${UeId}</arg>
<doc>Fails if objects are unequal after converting them to integers.</doc>
<status status="NOT RUN" start="2026-05-27T20:07:03.837976" elapsed="0.000020"/>
</kw>
<doc>Attach UE and verify the response contains status and ue_id.</doc>
<status status="FAIL" start="2026-05-27T20:07:03.830421" elapsed="0.007690">422 != 200</status>
</kw>
<doc>Verify that UE ID = 0 is accepted as a valid value (boundary).</doc>
<status status="FAIL" start="2026-05-27T20:07:03.589781" elapsed="0.248547">422 != 200</status>
</test>
<test id="s1-s1-s1-t4" name="FN 1 TC 04 - Attach UE With Maximum Valid ID = 100" line="26">
<kw name="Clean Environment" owner="SetupTeardown" type="SETUP">
<kw name="Create Session" owner="RequestsLibrary">
<msg time="2026-05-27T20:07:03.839785" level="INFO">Creating Session using : alias=connectSession, url=http://localhost:8000, headers={},                     cookies={}, auth=None, timeout=None, proxies=None, verify=False,                     debug=0 </msg>
<arg>connectSession</arg>
<arg>${BASE_URL}</arg>
<doc>Create Session: create a HTTP session to a server</doc>
<status status="PASS" start="2026-05-27T20:07:03.839584" elapsed="0.000364"/>
</kw>
<kw name="POST On Session" owner="RequestsLibrary">
<msg time="2026-05-27T20:07:03.845771" level="INFO">POST Request : url=http://localhost:8000/reset 
 path_url=/reset 
 headers={'User-Agent': 'python-requests/2.33.1', 'Accept-Encoding': 'gzip, deflate, zstd', 'Accept': '*/*', 'Connection': 'keep-alive', 'Content-Length': '0'} 
 body=None 
 </msg>
<msg time="2026-05-27T20:07:03.845854" level="INFO">POST Response : url=http://localhost:8000/reset 
 status=200, reason=OK 
 headers={'date': 'Wed, 27 May 2026 18:07:03 GMT', 'server': 'uvicorn', 'content-length': '18', 'content-type': 'application/json'} 
 body={"status":"reset"} 
 </msg>
<arg>connectSession</arg>
<arg>/reset</arg>
<doc>Sends a POST request on a previously created HTTP Session.</doc>
<status status="PASS" start="2026-05-27T20:07:03.840083" elapsed="0.005889"/>
</kw>
<doc>Reset the simulator to a clean state.</doc>
<status status="PASS" start="2026-05-27T20:07:03.839135" elapsed="0.006911"/>
</kw>
<kw name="Verify Attach UE100 To Network" owner="AttachVerification" source_name="Verify Attach UE${UeId} To Network">
<kw name="Create Session" owner="RequestsLibrary">
<msg time="2026-05-27T20:07:03.847087" level="INFO">Creating Session using : alias=connectSession, url=http://localhost:8000, headers={},                     cookies={}, auth=None, timeout=None, proxies=None, verify=False,                     debug=0 </msg>
<arg>connectSession</arg>
<arg>${BASE_URL}</arg>
<doc>Create Session: create a HTTP session to a server</doc>
<status status="PASS" start="2026-05-27T20:07:03.846835" elapsed="0.000398"/>
</kw>
<kw name="Create Dictionary" owner="BuiltIn">
<msg time="2026-05-27T20:07:03.847774" level="INFO">${BODY} = {'ue_id': '100'}</msg>
<var>${BODY}</var>
<arg>ue_id=${UeId}</arg>
<doc>Creates and returns a dictionary based on the given ``items``.</doc>
<status status="PASS" start="2026-05-27T20:07:03.847355" elapsed="0.000444"/>
</kw>
<kw name="POST On Session" owner="RequestsLibrary">
<msg time="2026-05-27T20:07:04.137136" level="INFO">POST Request : url=http://localhost:8000/ues 
 path_url=/ues 
 headers={'User-Agent': 'python-requests/2.33.1', 'Accept-Encoding': 'gzip, deflate, zstd', 'Accept': '*/*', 'Connection': 'keep-alive', 'Content-Length': '16', 'Content-Type': 'application/json'} 
 body=b'{"ue_id": "100"}' 
 </msg>
<msg time="2026-05-27T20:07:04.137199" level="INFO">POST Response : url=http://localhost:8000/ues 
 status=200, reason=OK 
 headers={'date': 'Wed, 27 May 2026 18:07:03 GMT', 'server': 'uvicorn', 'content-length': '33', 'content-type': 'application/json'} 
 body={"status":"attached","ue_id":100} 
 </msg>
<msg time="2026-05-27T20:07:04.137309" level="INFO">${RESPONSE} = &lt;Response [200]&gt;</msg>
<var>${RESPONSE}</var>
<arg>connectSession</arg>
<arg>/ues</arg>
<arg>json=${BODY}</arg>
<arg>expected_status=any</arg>
<doc>Sends a POST request on a previously created HTTP Session.</doc>
<status status="PASS" start="2026-05-27T20:07:03.847907" elapsed="0.289425"/>
</kw>
<kw name="Should Be Equal As Integers" owner="BuiltIn">
<msg time="2026-05-27T20:07:04.138163" level="INFO">Argument types are:
&lt;class 'int'&gt;
&lt;class 'str'&gt;</msg>
<arg>${RESPONSE.status_code}</arg>
<arg>200</arg>
<doc>Fails if objects are unequal after converting them to integers.</doc>
<status status="PASS" start="2026-05-27T20:07:04.137493" elapsed="0.000723"/>
</kw>
<kw name="Should Be Equal As Strings" owner="BuiltIn">
<arg>${RESPONSE.json()}[status]</arg>
<arg>attached</arg>
<doc>Fails if objects are unequal after converting them to strings.</doc>
<status status="PASS" start="2026-05-27T20:07:04.138327" elapsed="0.000593"/>
</kw>
<kw name="Should Be Equal As Integers" owner="BuiltIn">
<msg time="2026-05-27T20:07:04.139971" level="INFO">Argument types are:
&lt;class 'int'&gt;
&lt;class 'str'&gt;</msg>
<arg>${RESPONSE.json()}[ue_id]</arg>
<arg>${UeId}</arg>
<doc>Fails if objects are unequal after converting them to integers.</doc>
<status status="PASS" start="2026-05-27T20:07:04.139034" elapsed="0.001015"/>
</kw>
<doc>Attach UE and verify the response contains status and ue_id.</doc>
<status status="PASS" start="2026-05-27T20:07:03.846392" elapsed="0.293738"/>
</kw>
<doc>Verify that UE ID = 100 is accepted as a valid value (boundary).</doc>
<status status="PASS" start="2026-05-27T20:07:03.838598" elapsed="0.301746"/>
</test>
<test id="s1-s1-s1-t5" name="FN 1 TC 05 - Two Different UEs Can Be Attached Simultaneously" line="30">
<kw name="Clean Environment" owner="SetupTeardown" type="SETUP">
<kw name="Create Session" owner="RequestsLibrary">
<msg time="2026-05-27T20:07:04.142168" level="INFO">Creating Session using : alias=connectSession, url=http://localhost:8000, headers={},                     cookies={}, auth=None, timeout=None, proxies=None, verify=False,                     debug=0 </msg>
<arg>connectSession</arg>
<arg>${BASE_URL}</arg>
<doc>Create Session: create a HTTP session to a server</doc>
<status status="PASS" start="2026-05-27T20:07:04.142033" elapsed="0.000273"/>
</kw>
<kw name="POST On Session" owner="RequestsLibrary">
<msg time="2026-05-27T20:07:04.394817" level="INFO">POST Request : url=http://localhost:8000/reset 
 path_url=/reset 
 headers={'User-Agent': 'python-requests/2.33.1', 'Accept-Encoding': 'gzip, deflate, zstd', 'Accept': '*/*', 'Connection': 'keep-alive', 'Content-Length': '0'} 
 body=None 
 </msg>
<msg time="2026-05-27T20:07:04.394888" level="INFO">POST Response : url=http://localhost:8000/reset 
 status=200, reason=OK 
 headers={'date': 'Wed, 27 May 2026 18:07:03 GMT', 'server': 'uvicorn', 'content-length': '18', 'content-type': 'application/json'} 
 body={"status":"reset"} 
 </msg>
<arg>connectSession</arg>
<arg>/reset</arg>
<doc>Sends a POST request on a previously created HTTP Session.</doc>
<status status="PASS" start="2026-05-27T20:07:04.142428" elapsed="0.252869"/>
</kw>
<doc>Reset the simulator to a clean state.</doc>
<status status="PASS" start="2026-05-27T20:07:04.141640" elapsed="0.253786"/>
</kw>
<kw name="Attach UE10 To Network" owner="SetupTeardown" source_name="Attach UE${UeId} To Network">
<kw name="Create Session" owner="RequestsLibrary">
<msg time="2026-05-27T20:07:04.396611" level="INFO">Creating Session using : alias=connectSession, url=http://localhost:8000, headers={},                     cookies={}, auth=None, timeout=None, proxies=None, verify=False,                     debug=0 </msg>
<arg>connectSession</arg>
<arg>${BASE_URL}</arg>
<doc>Create Session: create a HTTP session to a server</doc>
<status status="PASS" start="2026-05-27T20:07:04.396421" elapsed="0.000405"/>
</kw>
<kw name="Create Dictionary" owner="BuiltIn">
<msg time="2026-05-27T20:07:04.397586" level="INFO">${BODY} = {'ue_id': '10'}</msg>
<var>${BODY}</var>
<arg>ue_id=${UeId}</arg>
<doc>Creates and returns a dictionary based on the given ``items``.</doc>
<status status="PASS" start="2026-05-27T20:07:04.396985" elapsed="0.000628"/>
</kw>
<kw name="POST On Session" owner="RequestsLibrary">
<msg time="2026-05-27T20:07:04.752114" level="INFO">POST Request : url=http://localhost:8000/ues 
 path_url=/ues 
 headers={'User-Agent': 'python-requests/2.33.1', 'Accept-Encoding': 'gzip, deflate, zstd', 'Accept': '*/*', 'Connection': 'keep-alive', 'Content-Length': '15', 'Content-Type': 'application/json'} 
 body=b'{"ue_id": "10"}' 
 </msg>
<msg time="2026-05-27T20:07:04.752178" level="INFO">POST Response : url=http://localhost:8000/ues 
 status=200, reason=OK 
 headers={'date': 'Wed, 27 May 2026 18:07:03 GMT', 'server': 'uvicorn', 'content-length': '32', 'content-type': 'application/json'} 
 body={"status":"attached","ue_id":10} 
 </msg>
<msg time="2026-05-27T20:07:04.752288" level="INFO">${RESPONSE} = &lt;Response [200]&gt;</msg>
<var>${RESPONSE}</var>
<arg>connectSession</arg>
<arg>/ues</arg>
<arg>json=${BODY}</arg>
<arg>expected_status=any</arg>
<doc>Sends a POST request on a previously created HTTP Session.</doc>
<status status="PASS" start="2026-05-27T20:07:04.397868" elapsed="0.354444"/>
</kw>
<kw name="Set Test Variable" owner="BuiltIn">
<msg time="2026-05-27T20:07:04.752963" level="INFO">${UE_ID} = 10</msg>
<arg>${UE_ID}</arg>
<arg>${UeId}</arg>
<doc>Makes a variable available everywhere within the scope of the current test.</doc>
<status status="PASS" start="2026-05-27T20:07:04.752511" elapsed="0.000492"/>
</kw>
<return>
<value>${RESPONSE}</value>
<status status="PASS" start="2026-05-27T20:07:04.753052" elapsed="0.000038"/>
</return>
<doc>Attach UE with id UeId to the network.</doc>
<status status="PASS" start="2026-05-27T20:07:04.395950" elapsed="0.357236"/>
</kw>
<kw name="Attach UE20 To Network" owner="SetupTeardown" source_name="Attach UE${UeId} To Network">
<kw name="Create Session" owner="RequestsLibrary">
<msg time="2026-05-27T20:07:04.754099" level="INFO">Creating Session using : alias=connectSession, url=http://localhost:8000, headers={},                     cookies={}, auth=None, timeout=None, proxies=None, verify=False,                     debug=0 </msg>
<arg>connectSession</arg>
<arg>${BASE_URL}</arg>
<doc>Create Session: create a HTTP session to a server</doc>
<status status="PASS" start="2026-05-27T20:07:04.753919" elapsed="0.000421"/>
</kw>
<kw name="Create Dictionary" owner="BuiltIn">
<msg time="2026-05-27T20:07:04.754990" level="INFO">${BODY} = {'ue_id': '20'}</msg>
<var>${BODY}</var>
<arg>ue_id=${UeId}</arg>
<doc>Creates and returns a dictionary based on the given ``items``.</doc>
<status status="PASS" start="2026-05-27T20:07:04.754488" elapsed="0.000527"/>
</kw>
<kw name="POST On Session" owner="RequestsLibrary">
<msg time="2026-05-27T20:07:05.001147" level="INFO">POST Request : url=http://localhost:8000/ues 
 path_url=/ues 
 headers={'User-Agent': 'python-requests/2.33.1', 'Accept-Encoding': 'gzip, deflate, zstd', 'Accept': '*/*', 'Connection': 'keep-alive', 'Content-Length': '15', 'Content-Type': 'application/json'} 
 body=b'{"ue_id": "20"}' 
 </msg>
<msg time="2026-05-27T20:07:05.001210" level="INFO">POST Response : url=http://localhost:8000/ues 
 status=200, reason=OK 
 headers={'date': 'Wed, 27 May 2026 18:07:03 GMT', 'server': 'uvicorn', 'content-length': '32', 'content-type': 'application/json'} 
 body={"status":"attached","ue_id":20} 
 </msg>
<msg time="2026-05-27T20:07:05.001312" level="INFO">${RESPONSE} = &lt;Response [200]&gt;</msg>
<var>${RESPONSE}</var>
<arg>connectSession</arg>
<arg>/ues</arg>
<arg>json=${BODY}</arg>
<arg>expected_status=any</arg>
<doc>Sends a POST request on a previously created HTTP Session.</doc>
<status status="PASS" start="2026-05-27T20:07:04.755128" elapsed="0.246209"/>
</kw>
<kw name="Set Test Variable" owner="BuiltIn">
<msg time="2026-05-27T20:07:05.002031" level="INFO">${UE_ID} = 20</msg>
<arg>${UE_ID}</arg>
<arg>${UeId}</arg>
<doc>Makes a variable available everywhere within the scope of the current test.</doc>
<status status="PASS" start="2026-05-27T20:07:05.001521" elapsed="0.000551"/>
</kw>
<return>
<value>${RESPONSE}</value>
<status status="PASS" start="2026-05-27T20:07:05.002118" elapsed="0.000032"/>
</return>
<doc>Attach UE with id UeId to the network.</doc>
<status status="PASS" start="2026-05-27T20:07:04.753556" elapsed="0.248685"/>
</kw>
<kw name="Verify UE10 Present In List" owner="AttachVerification" source_name="Verify UE${UeId} Present In List">
<kw name="Create Session" owner="RequestsLibrary">
<msg time="2026-05-27T20:07:05.003339" level="INFO">Creating Session using : alias=connectSession, url=http://localhost:8000, headers={},                     cookies={}, auth=None, timeout=None, proxies=None, verify=False,                     debug=0 </msg>
<arg>connectSession</arg>
<arg>${BASE_URL}</arg>
<doc>Create Session: create a HTTP session to a server</doc>
<status status="PASS" start="2026-05-27T20:07:05.002997" elapsed="0.000626"/>
</kw>
<kw name="GET On Session" owner="RequestsLibrary">
<msg time="2026-05-27T20:07:05.009026" level="INFO">GET Request : url=http://localhost:8000/ues 
 path_url=/ues 
 headers={'User-Agent': 'python-requests/2.33.1', 'Accept-Encoding': 'gzip, deflate, zstd', 'Accept': '*/*', 'Connection': 'keep-alive'} 
 body=None 
 </msg>
<msg time="2026-05-27T20:07:05.009099" level="INFO">GET Response : url=http://localhost:8000/ues 
 status=200, reason=OK 
 headers={'date': 'Wed, 27 May 2026 18:07:04 GMT', 'server': 'uvicorn', 'content-length': '15', 'content-type': 'application/json'} 
 body={"ues":[10,20]} 
 </msg>
<msg time="2026-05-27T20:07:05.009305" level="INFO">${RESPONSE} = &lt;Response [200]&gt;</msg>
<var>${RESPONSE}</var>
<arg>connectSession</arg>
<arg>/ues</arg>
<doc>Sends a GET request on a previously created HTTP Session.</doc>
<status status="PASS" start="2026-05-27T20:07:05.003858" elapsed="0.005487"/>
</kw>
<kw name="List Should Contain Value" owner="Collections">
<arg>${RESPONSE.json()}[ues]</arg>
<arg>${${UeId}}</arg>
<doc>Fails if the ``value`` is not found from ``list``.</doc>
<status status="PASS" start="2026-05-27T20:07:05.009527" elapsed="0.001173"/>
</kw>
<doc>Verify that UE ID appears in GET /ues response.</doc>
<status status="PASS" start="2026-05-27T20:07:05.002543" elapsed="0.008384"/>
</kw>
<kw name="Verify UE20 Present In List" owner="AttachVerification" source_name="Verify UE${UeId} Present In List">
<kw name="Create Session" owner="RequestsLibrary">
<msg time="2026-05-27T20:07:05.012104" level="INFO">Creating Session using : alias=connectSession, url=http://localhost:8000, headers={},                     cookies={}, auth=None, timeout=None, proxies=None, verify=False,                     debug=0 </msg>
<arg>connectSession</arg>
<arg>${BASE_URL}</arg>
<doc>Create Session: create a HTTP session to a server</doc>
<status status="PASS" start="2026-05-27T20:07:05.011789" elapsed="0.000497"/>
</kw>
<kw name="GET On Session" owner="RequestsLibrary">
<msg time="2026-05-27T20:07:05.018015" level="INFO">GET Request : url=http://localhost:8000/ues 
 path_url=/ues 
 headers={'User-Agent': 'python-requests/2.33.1', 'Accept-Encoding': 'gzip, deflate, zstd', 'Accept': '*/*', 'Connection': 'keep-alive'} 
 body=None 
 </msg>
<msg time="2026-05-27T20:07:05.018092" level="INFO">GET Response : url=http://localhost:8000/ues 
 status=200, reason=OK 
 headers={'date': 'Wed, 27 May 2026 18:07:04 GMT', 'server': 'uvicorn', 'content-length': '15', 'content-type': 'application/json'} 
 body={"ues":[10,20]} 
 </msg>
<msg time="2026-05-27T20:07:05.018222" level="INFO">${RESPONSE} = &lt;Response [200]&gt;</msg>
<var>${RESPONSE}</var>
<arg>connectSession</arg>
<arg>/ues</arg>
<doc>Sends a GET request on a previously created HTTP Session.</doc>
<status status="PASS" start="2026-05-27T20:07:05.012460" elapsed="0.005786"/>
</kw>
<kw name="List Should Contain Value" owner="Collections">
<arg>${RESPONSE.json()}[ues]</arg>
<arg>${${UeId}}</arg>
<doc>Fails if the ``value`` is not found from ``list``.</doc>
<status status="PASS" start="2026-05-27T20:07:05.018500" elapsed="0.000757"/>
</kw>
<doc>Verify that UE ID appears in GET /ues response.</doc>
<status status="PASS" start="2026-05-27T20:07:05.011309" elapsed="0.008011"/>
</kw>
<doc>Verify that UE ID 10 and UE ID 20 can both be attached and appear in GET /ues.</doc>
<status status="PASS" start="2026-05-27T20:07:04.140600" elapsed="0.878935"/>
</test>
<test id="s1-s1-s1-t6" name="FN 1 TC 06 - Attach Fails For UE ID Above Range" line="37">
<kw name="Prepare Empty Test Environment" owner="SetupTeardown" type="SETUP">
<kw name="No Operation" owner="BuiltIn">
<doc>Does absolutely nothing.</doc>
<status status="PASS" start="2026-05-27T20:07:05.020636" elapsed="0.000326"/>
</kw>
<doc>No setup needed - UE should not be attached.</doc>
<status status="PASS" start="2026-05-27T20:07:05.020420" elapsed="0.000656"/>
</kw>
<kw name="Verify Attach UE101 To Network Expected 422 Error" owner="AttachVerification" source_name="Verify Attach UE${UeId} To Network Expected ${ErrorCode} Error">
<kw name="Create Session" owner="RequestsLibrary">
<msg time="2026-05-27T20:07:05.021787" level="INFO">Creating Session using : alias=connectSession, url=http://localhost:8000, headers={},                     cookies={}, auth=None, timeout=None, proxies=None, verify=False,                     debug=0 </msg>
<arg>connectSession</arg>
<arg>${BASE_URL}</arg>
<doc>Create Session: create a HTTP session to a server</doc>
<status status="PASS" start="2026-05-27T20:07:05.021606" elapsed="0.000313"/>
</kw>
<kw name="Create Dictionary" owner="BuiltIn">
<msg time="2026-05-27T20:07:05.022428" level="INFO">${BODY} = {'ue_id': '101'}</msg>
<var>${BODY}</var>
<arg>ue_id=${UeId}</arg>
<doc>Creates and returns a dictionary based on the given ``items``.</doc>
<status status="PASS" start="2026-05-27T20:07:05.022038" elapsed="0.000414"/>
</kw>
<kw name="POST On Session" owner="RequestsLibrary">
<msg time="2026-05-27T20:07:05.026413" level="INFO">POST Request : url=http://localhost:8000/ues 
 path_url=/ues 
 headers={'User-Agent': 'python-requests/2.33.1', 'Accept-Encoding': 'gzip, deflate, zstd', 'Accept': '*/*', 'Connection': 'keep-alive', 'Content-Length': '16', 'Content-Type': 'application/json'} 
 body=b'{"ue_id": "101"}' 
 </msg>
<msg time="2026-05-27T20:07:05.026478" level="INFO">POST Response : url=http://localhost:8000/ues 
 status=422, reason=Unprocessable Entity 
 headers={'date': 'Wed, 27 May 2026 18:07:04 GMT', 'server': 'uvicorn', 'content-length': '143', 'content-type': 'application/json'} 
 body={"detail":[{"type":"less_than_equal","loc":["body","ue_id"],"msg":"Input should be less than or equal to 100","input":"101","ctx":{"le":100}}]} 
 </msg>
<msg time="2026-05-27T20:07:05.026590" level="INFO">${RESPONSE} = &lt;Response [422]&gt;</msg>
<var>${RESPONSE}</var>
<arg>connectSession</arg>
<arg>/ues</arg>
<arg>json=${BODY}</arg>
<arg>expected_status=any</arg>
<doc>Sends a POST request on a previously created HTTP Session.</doc>
<status status="PASS" start="2026-05-27T20:07:05.022562" elapsed="0.004052"/>
</kw>
<kw name="Should Be Equal As Integers" owner="BuiltIn">
<msg time="2026-05-27T20:07:05.027930" level="INFO">Argument types are:
&lt;class 'int'&gt;
&lt;class 'str'&gt;</msg>
<arg>${RESPONSE.status_code}</arg>
<arg>${ErrorCode}</arg>
<doc>Fails if objects are unequal after converting them to integers.</doc>
<status status="PASS" start="2026-05-27T20:07:05.026851" elapsed="0.001255"/>
</kw>
<doc>Attach UE and verify the response returns expected error code.</doc>
<status status="PASS" start="2026-05-27T20:07:05.021377" elapsed="0.006859"/>
</kw>
<kw name="Clean Empty Test Environment" owner="SetupTeardown" type="TEARDOWN">
<kw name="No Operation" owner="BuiltIn">
<doc>Does absolutely nothing.</doc>
<status status="PASS" start="2026-05-27T20:07:05.029064" elapsed="0.000282"/>
</kw>
<doc>No cleanup needed - attach was expected to fail.</doc>
<status status="PASS" start="2026-05-27T20:07:05.028770" elapsed="0.000680"/>
</kw>
<doc>Verify that UE ID = 101 is rejected (boundary above max).</doc>
<status status="PASS" start="2026-05-27T20:07:05.019802" elapsed="0.009830"/>
</test>
<test id="s1-s1-s1-t7" name="FN 1 TC 07 - Attach Fails For Negative UE ID" line="43">
<kw name="Prepare Empty Test Environment" owner="SetupTeardown" type="SETUP">
<kw name="No Operation" owner="BuiltIn">
<doc>Does absolutely nothing.</doc>
<status status="PASS" start="2026-05-27T20:07:05.031118" elapsed="0.000239"/>
</kw>
<doc>No setup needed - UE should not be attached.</doc>
<status status="PASS" start="2026-05-27T20:07:05.030831" elapsed="0.000591"/>
</kw>
<kw name="Verify Attach UE-1 To Network Expected 422 Error" owner="AttachVerification" source_name="Verify Attach UE${UeId} To Network Expected ${ErrorCode} Error">
<kw name="Create Session" owner="RequestsLibrary">
<msg time="2026-05-27T20:07:05.032459" level="INFO">Creating Session using : alias=connectSession, url=http://localhost:8000, headers={},                     cookies={}, auth=None, timeout=None, proxies=None, verify=False,                     debug=0 </msg>
<arg>connectSession</arg>
<arg>${BASE_URL}</arg>
<doc>Create Session: create a HTTP session to a server</doc>
<status status="PASS" start="2026-05-27T20:07:05.032255" elapsed="0.000357"/>
</kw>
<kw name="Create Dictionary" owner="BuiltIn">
<msg time="2026-05-27T20:07:05.033386" level="INFO">${BODY} = {'ue_id': '-1'}</msg>
<var>${BODY}</var>
<arg>ue_id=${UeId}</arg>
<doc>Creates and returns a dictionary based on the given ``items``.</doc>
<status status="PASS" start="2026-05-27T20:07:05.032886" elapsed="0.000547"/>
</kw>
<kw name="POST On Session" owner="RequestsLibrary">
<msg time="2026-05-27T20:07:05.038402" level="INFO">POST Request : url=http://localhost:8000/ues 
 path_url=/ues 
 headers={'User-Agent': 'python-requests/2.33.1', 'Accept-Encoding': 'gzip, deflate, zstd', 'Accept': '*/*', 'Connection': 'keep-alive', 'Content-Length': '15', 'Content-Type': 'application/json'} 
 body=b'{"ue_id": "-1"}' 
 </msg>
<msg time="2026-05-27T20:07:05.038490" level="INFO">POST Response : url=http://localhost:8000/ues 
 status=422, reason=Unprocessable Entity 
 headers={'date': 'Wed, 27 May 2026 18:07:04 GMT', 'server': 'uvicorn', 'content-length': '144', 'content-type': 'application/json'} 
 body={"detail":[{"type":"greater_than_equal","loc":["body","ue_id"],"msg":"Input should be greater than or equal to 1","input":"-1","ctx":{"ge":1}}]} 
 </msg>
<msg time="2026-05-27T20:07:05.038655" level="INFO">${RESPONSE} = &lt;Response [422]&gt;</msg>
<var>${RESPONSE}</var>
<arg>connectSession</arg>
<arg>/ues</arg>
<arg>json=${BODY}</arg>
<arg>expected_status=any</arg>
<doc>Sends a POST request on a previously created HTTP Session.</doc>
<status status="PASS" start="2026-05-27T20:07:05.033601" elapsed="0.005163"/>
</kw>
<kw name="Should Be Equal As Integers" owner="BuiltIn">
<msg time="2026-05-27T20:07:05.040165" level="INFO">Argument types are:
&lt;class 'int'&gt;
&lt;class 'str'&gt;</msg>
<arg>${RESPONSE.status_code}</arg>
<arg>${ErrorCode}</arg>
<doc>Fails if objects are unequal after converting them to integers.</doc>
<status status="PASS" start="2026-05-27T20:07:05.039003" elapsed="0.001272"/>
</kw>
<doc>Attach UE and verify the response returns expected error code.</doc>
<status status="PASS" start="2026-05-27T20:07:05.031874" elapsed="0.008495"/>
</kw>
<kw name="Clean Empty Test Environment" owner="SetupTeardown" type="TEARDOWN">
<kw name="No Operation" owner="BuiltIn">
<doc>Does absolutely nothing.</doc>
<status status="PASS" start="2026-05-27T20:07:05.041139" elapsed="0.000197"/>
</kw>
<doc>No cleanup needed - attach was expected to fail.</doc>
<status status="PASS" start="2026-05-27T20:07:05.040769" elapsed="0.000619"/>
</kw>
<doc>Verify that a negative UE ID is rejected.</doc>
<status status="PASS" start="2026-05-27T20:07:05.030095" elapsed="0.011361"/>
</test>
<test id="s1-s1-s1-t8" name="FN 1 TC 08 - Attach Fails When UE Already Attached" line="49">
<kw name="Clean Environment" owner="SetupTeardown" type="SETUP">
<kw name="Create Session" owner="RequestsLibrary">
<msg time="2026-05-27T20:07:05.043037" level="INFO">Creating Session using : alias=connectSession, url=http://localhost:8000, headers={},                     cookies={}, auth=None, timeout=None, proxies=None, verify=False,                     debug=0 </msg>
<arg>connectSession</arg>
<arg>${BASE_URL}</arg>
<doc>Create Session: create a HTTP session to a server</doc>
<status status="PASS" start="2026-05-27T20:07:05.042922" elapsed="0.000240"/>
</kw>
<kw name="POST On Session" owner="RequestsLibrary">
<msg time="2026-05-27T20:07:05.566004" level="INFO">POST Request : url=http://localhost:8000/reset 
 path_url=/reset 
 headers={'User-Agent': 'python-requests/2.33.1', 'Accept-Encoding': 'gzip, deflate, zstd', 'Accept': '*/*', 'Connection': 'keep-alive', 'Content-Length': '0'} 
 body=None 
 </msg>
<msg time="2026-05-27T20:07:05.566073" level="INFO">POST Response : url=http://localhost:8000/reset 
 status=200, reason=OK 
 headers={'date': 'Wed, 27 May 2026 18:07:04 GMT', 'server': 'uvicorn', 'content-length': '18', 'content-type': 'application/json'} 
 body={"status":"reset"} 
 </msg>
<arg>connectSession</arg>
<arg>/reset</arg>
<doc>Sends a POST request on a previously created HTTP Session.</doc>
<status status="PASS" start="2026-05-27T20:07:05.043357" elapsed="0.522828"/>
</kw>
<doc>Reset the simulator to a clean state.</doc>
<status status="PASS" start="2026-05-27T20:07:05.042597" elapsed="0.523660"/>
</kw>
<kw name="Attach UE42 To Network" owner="SetupTeardown" source_name="Attach UE${UeId} To Network">
<kw name="Create Session" owner="RequestsLibrary">
<msg time="2026-05-27T20:07:05.567417" level="INFO">Creating Session using : alias=connectSession, url=http://localhost:8000, headers={},                     cookies={}, auth=None, timeout=None, proxies=None, verify=False,                     debug=0 </msg>
<arg>connectSession</arg>
<arg>${BASE_URL}</arg>
<doc>Create Session: create a HTTP session to a server</doc>
<status status="PASS" start="2026-05-27T20:07:05.567165" elapsed="0.000398"/>
</kw>
<kw name="Create Dictionary" owner="BuiltIn">
<msg time="2026-05-27T20:07:05.568103" level="INFO">${BODY} = {'ue_id': '42'}</msg>
<var>${BODY}</var>
<arg>ue_id=${UeId}</arg>
<doc>Creates and returns a dictionary based on the given ``items``.</doc>
<status status="PASS" start="2026-05-27T20:07:05.567735" elapsed="0.000392"/>
</kw>
<kw name="POST On Session" owner="RequestsLibrary">
<msg time="2026-05-27T20:07:05.815374" level="INFO">POST Request : url=http://localhost:8000/ues 
 path_url=/ues 
 headers={'User-Agent': 'python-requests/2.33.1', 'Accept-Encoding': 'gzip, deflate, zstd', 'Accept': '*/*', 'Connection': 'keep-alive', 'Content-Length': '15', 'Content-Type': 'application/json'} 
 body=b'{"ue_id": "42"}' 
 </msg>
<msg time="2026-05-27T20:07:05.815444" level="INFO">POST Response : url=http://localhost:8000/ues 
 status=200, reason=OK 
 headers={'date': 'Wed, 27 May 2026 18:07:04 GMT', 'server': 'uvicorn', 'content-length': '32', 'content-type': 'application/json'} 
 body={"status":"attached","ue_id":42} 
 </msg>
<msg time="2026-05-27T20:07:05.815564" level="INFO">${RESPONSE} = &lt;Response [200]&gt;</msg>
<var>${RESPONSE}</var>
<arg>connectSession</arg>
<arg>/ues</arg>
<arg>json=${BODY}</arg>
<arg>expected_status=any</arg>
<doc>Sends a POST request on a previously created HTTP Session.</doc>
<status status="PASS" start="2026-05-27T20:07:05.568273" elapsed="0.247317"/>
</kw>
<kw name="Set Test Variable" owner="BuiltIn">
<msg time="2026-05-27T20:07:05.816223" level="INFO">${UE_ID} = 42</msg>
<arg>${UE_ID}</arg>
<arg>${UeId}</arg>
<doc>Makes a variable available everywhere within the scope of the current test.</doc>
<status status="PASS" start="2026-05-27T20:07:05.815790" elapsed="0.000473"/>
</kw>
<return>
<value>${RESPONSE}</value>
<status status="PASS" start="2026-05-27T20:07:05.816313" elapsed="0.000034"/>
</return>
<doc>Attach UE with id UeId to the network.</doc>
<status status="PASS" start="2026-05-27T20:07:05.566761" elapsed="0.249679"/>
</kw>
<kw name="Verify Attach UE42 To Network Expected 400 Error" owner="AttachVerification" source_name="Verify Attach UE${UeId} To Network Expected ${ErrorCode} Error">
<kw name="Create Session" owner="RequestsLibrary">
<msg time="2026-05-27T20:07:05.817181" level="INFO">Creating Session using : alias=connectSession, url=http://localhost:8000, headers={},                     cookies={}, auth=None, timeout=None, proxies=None, verify=False,                     debug=0 </msg>
<arg>connectSession</arg>
<arg>${BASE_URL}</arg>
<doc>Create Session: create a HTTP session to a server</doc>
<status status="PASS" start="2026-05-27T20:07:05.817017" elapsed="0.000436"/>
</kw>
<kw name="Create Dictionary" owner="BuiltIn">
<msg time="2026-05-27T20:07:05.818063" level="INFO">${BODY} = {'ue_id': '42'}</msg>
<var>${BODY}</var>
<arg>ue_id=${UeId}</arg>
<doc>Creates and returns a dictionary based on the given ``items``.</doc>
<status status="PASS" start="2026-05-27T20:07:05.817576" elapsed="0.000512"/>
</kw>
<kw name="POST On Session" owner="RequestsLibrary">
<msg time="2026-05-27T20:07:05.822996" level="INFO">POST Request : url=http://localhost:8000/ues 
 path_url=/ues 
 headers={'User-Agent': 'python-requests/2.33.1', 'Accept-Encoding': 'gzip, deflate, zstd', 'Accept': '*/*', 'Connection': 'keep-alive', 'Content-Length': '15', 'Content-Type': 'application/json'} 
 body=b'{"ue_id": "42"}' 
 </msg>
<msg time="2026-05-27T20:07:05.823096" level="INFO">POST Response : url=http://localhost:8000/ues 
 status=400, reason=Bad Request 
 headers={'date': 'Wed, 27 May 2026 18:07:05 GMT', 'server': 'uvicorn', 'content-length': '32', 'content-type': 'application/json'} 
 body={"detail":"UE already attached"} 
 </msg>
<msg time="2026-05-27T20:07:05.823289" level="INFO">${RESPONSE} = &lt;Response [400]&gt;</msg>
<var>${RESPONSE}</var>
<arg>connectSession</arg>
<arg>/ues</arg>
<arg>json=${BODY}</arg>
<arg>expected_status=any</arg>
<doc>Sends a POST request on a previously created HTTP Session.</doc>
<status status="PASS" start="2026-05-27T20:07:05.818202" elapsed="0.005153"/>
</kw>
<kw name="Should Be Equal As Integers" owner="BuiltIn">
<msg time="2026-05-27T20:07:05.824319" level="INFO">Argument types are:
&lt;class 'int'&gt;
&lt;class 'str'&gt;</msg>
<arg>${RESPONSE.status_code}</arg>
<arg>${ErrorCode}</arg>
<doc>Fails if objects are unequal after converting them to integers.</doc>
<status status="PASS" start="2026-05-27T20:07:05.823600" elapsed="0.000786"/>
</kw>
<doc>Attach UE and verify the response returns expected error code.</doc>
<status status="PASS" start="2026-05-27T20:07:05.816750" elapsed="0.007772"/>
</kw>
<doc>Verify that attaching an already attached UE returns an error.</doc>
<status status="PASS" start="2026-05-27T20:07:05.041856" elapsed="0.782980"/>
</test>
<kw name="Clean Environment" owner="SetupTeardown" type="TEARDOWN">
<kw name="Create Session" owner="RequestsLibrary">
<msg time="2026-05-27T20:07:05.826043" level="INFO">Creating Session using : alias=connectSession, url=http://localhost:8000, headers={},                     cookies={}, auth=None, timeout=None, proxies=None, verify=False,                     debug=0 </msg>
<arg>connectSession</arg>
<arg>${BASE_URL}</arg>
<doc>Create Session: create a HTTP session to a server</doc>
<status status="PASS" start="2026-05-27T20:07:05.825892" elapsed="0.000391"/>
</kw>
<kw name="POST On Session" owner="RequestsLibrary">
<msg time="2026-05-27T20:07:06.072644" level="INFO">POST Request : url=http://localhost:8000/reset 
 path_url=/reset 
 headers={'User-Agent': 'python-requests/2.33.1', 'Accept-Encoding': 'gzip, deflate, zstd', 'Accept': '*/*', 'Connection': 'keep-alive', 'Content-Length': '0'} 
 body=None 
 </msg>
<msg time="2026-05-27T20:07:06.073000" level="INFO">POST Response : url=http://localhost:8000/reset 
 status=200, reason=OK 
 headers={'date': 'Wed, 27 May 2026 18:07:05 GMT', 'server': 'uvicorn', 'content-length': '18', 'content-type': 'application/json'} 
 body={"status":"reset"} 
 </msg>
<arg>connectSession</arg>
<arg>/reset</arg>
<doc>Sends a POST request on a previously created HTTP Session.</doc>
<status status="PASS" start="2026-05-27T20:07:05.826414" elapsed="0.246648"/>
</kw>
<doc>Reset the simulator to a clean state.</doc>
<status status="PASS" start="2026-05-27T20:07:05.825536" elapsed="0.247606"/>
</kw>
<doc>This test suite verifies the UE attach procedure (Functionality 1).</doc>
<status status="FAIL" start="2026-05-27T20:06:59.639289" elapsed="6.433886"/>
</suite>
<status status="FAIL" start="2026-05-27T20:06:59.637685" elapsed="6.436395"/>
</suite>
<suite id="s1-s2" name="BearerAttach" source="/home/mike/Desktop/Studia/Nokia/SimpleEPCSimulator/ROBOT/BearerAttach">
<suite id="s1-s2-s1" name="addBearerTest" source="/home/mike/Desktop/Studia/Nokia/SimpleEPCSimulator/ROBOT/BearerAttach/addBearerTest.robot">
<test id="s1-s2-s1-t1" name="TC 1 Add New Bearer to UE" line="13">
<kw name="Attach UE3 To Network" owner="addBearerTestsResources" type="SETUP" source_name="Attach UE${UeId} To Network">
<kw name="Create Session" owner="RequestsLibrary">
<msg time="2026-05-27T20:07:06.084311" level="INFO">Creating Session using : alias=connectSession, url=http://localhost:8000, headers={},                     cookies={}, auth=None, timeout=None, proxies=None, verify=False,                     debug=0 </msg>
<arg>connectSession</arg>
<arg>${BASE_URL}</arg>
<doc>Create Session: create a HTTP session to a server</doc>
<status status="PASS" start="2026-05-27T20:07:06.084152" elapsed="0.000300"/>
</kw>
<kw name="Create Dictionary" owner="BuiltIn">
<msg time="2026-05-27T20:07:06.085065" level="INFO">${BODY} = {'ue_id': '3'}</msg>
<var>${BODY}</var>
<arg>ue_id=${UeId}</arg>
<doc>Creates and returns a dictionary based on the given ``items``.</doc>
<status status="PASS" start="2026-05-27T20:07:06.084588" elapsed="0.000502"/>
</kw>
<kw name="POST On Session" owner="RequestsLibrary">
<msg time="2026-05-27T20:07:06.421630" level="INFO">POST Request : url=http://localhost:8000/ues 
 path_url=/ues 
 headers={'User-Agent': 'python-requests/2.33.1', 'Accept-Encoding': 'gzip, deflate, zstd', 'Accept': '*/*', 'Connection': 'keep-alive', 'Content-Length': '14', 'Content-Type': 'application/json'} 
 body=b'{"ue_id": "3"}' 
 </msg>
<msg time="2026-05-27T20:07:06.421788" level="INFO">POST Response : url=http://localhost:8000/ues 
 status=200, reason=OK 
 headers={'date': 'Wed, 27 May 2026 18:07:05 GMT', 'server': 'uvicorn', 'content-length': '31', 'content-type': 'application/json'} 
 body={"status":"attached","ue_id":3} 
 </msg>
<msg time="2026-05-27T20:07:06.422030" level="INFO">${Response} = &lt;Response [200]&gt;</msg>
<var>${Response}</var>
<arg>connectSession</arg>
<arg>/ues</arg>
<arg>json=${BODY}</arg>
<doc>Sends a POST request on a previously created HTTP Session.</doc>
<status status="PASS" start="2026-05-27T20:07:06.085210" elapsed="0.336866"/>
</kw>
<kw name="Set Test Variable" owner="BuiltIn">
<msg time="2026-05-27T20:07:06.423001" level="INFO">${UE_ID} = 3</msg>
<arg>${UE_ID}</arg>
<arg>${UeId}</arg>
<doc>Makes a variable available everywhere within the scope of the current test.</doc>
<status status="PASS" start="2026-05-27T20:07:06.422446" elapsed="0.000598"/>
</kw>
<return>
<value>${Response}</value>
<status status="PASS" start="2026-05-27T20:07:06.423095" elapsed="0.000036"/>
</return>
<doc>Attach UE with id UeId to the network.</doc>
<status status="PASS" start="2026-05-27T20:07:06.083870" elapsed="0.339355"/>
</kw>
<kw name="Attach Bearer1 To UE3" owner="addBearerTestsResources" source_name="Attach Bearer${BearerId} To UE${UeId}">
<kw name="Create Session" owner="RequestsLibrary">
<msg time="2026-05-27T20:07:06.424095" level="INFO">Creating Session using : alias=connectSession, url=http://localhost:8000, headers={},                     cookies={}, auth=None, timeout=None, proxies=None, verify=False,                     debug=0 </msg>
<arg>connectSession</arg>
<arg>${BASE_URL}</arg>
<doc>Create Session: create a HTTP session to a server</doc>
<status status="PASS" start="2026-05-27T20:07:06.423867" elapsed="0.000442"/>
</kw>
<kw name="Create Dictionary" owner="BuiltIn">
<msg time="2026-05-27T20:07:06.424834" level="INFO">${BODY} = {'bearer_id': '1'}</msg>
<var>${BODY}</var>
<arg>bearer_id=${BearerId}</arg>
<doc>Creates and returns a dictionary based on the given ``items``.</doc>
<status status="PASS" start="2026-05-27T20:07:06.424430" elapsed="0.000429"/>
</kw>
<kw name="POST On Session" owner="RequestsLibrary">
<msg time="2026-05-27T20:07:06.687318" level="INFO">POST Request : url=http://localhost:8000/ues/3/bearers 
 path_url=/ues/3/bearers 
 headers={'User-Agent': 'python-requests/2.33.1', 'Accept-Encoding': 'gzip, deflate, zstd', 'Accept': '*/*', 'Connection': 'keep-alive', 'Content-Length': '18', 'Content-Type': 'application/json'} 
 body=b'{"bearer_id": "1"}' 
 </msg>
<msg time="2026-05-27T20:07:06.687403" level="INFO">POST Response : url=http://localhost:8000/ues/3/bearers 
 status=200, reason=OK 
 headers={'date': 'Wed, 27 May 2026 18:07:05 GMT', 'server': 'uvicorn', 'content-length': '49', 'content-type': 'application/json'} 
 body={"status":"bearer_added","ue_id":3,"bearer_id":1} 
 </msg>
<msg time="2026-05-27T20:07:06.687510" level="INFO">${Response} = &lt;Response [200]&gt;</msg>
<var>${Response}</var>
<arg>connectSession</arg>
<arg>/ues/${UeId}/bearers</arg>
<arg>json=${BODY}</arg>
<arg>expected_status=Anything</arg>
<doc>Sends a POST request on a previously created HTTP Session.</doc>
<status status="PASS" start="2026-05-27T20:07:06.424966" elapsed="0.262569"/>
</kw>
<kw name="Set Test Variable" owner="BuiltIn">
<msg time="2026-05-27T20:07:06.688130" level="INFO">${BEARER_ID} = 1</msg>
<arg>${BEARER_ID}</arg>
<arg>${BearerId}</arg>
<doc>Makes a variable available everywhere within the scope of the current test.</doc>
<status status="PASS" start="2026-05-27T20:07:06.687784" elapsed="0.000389"/>
</kw>
<kw name="Set Test Variable" owner="BuiltIn">
<msg time="2026-05-27T20:07:06.688796" level="INFO">${RESPONSE} = &lt;Response [200]&gt;</msg>
<arg>${RESPONSE}</arg>
<arg>${Response}</arg>
<doc>Makes a variable available everywhere within the scope of the current test.</doc>
<status status="PASS" start="2026-05-27T20:07:06.688292" elapsed="0.000575"/>
</kw>
<return>
<value>${Response}</value>
<status status="PASS" start="2026-05-27T20:07:06.688916" elapsed="0.000039"/>
</return>
<doc>Attach Bearer with BearerId to UE with UeId.</doc>
<status status="PASS" start="2026-05-27T20:07:06.423534" elapsed="0.265515"/>
</kw>
<kw name="Verify If Response Is OK" owner="addBearerTestsResources" source_name="Verify If Response Is ${StatusName}">
<kw name="Status Should Be" owner="RequestsLibrary">
<arg>${STATUS_NAMES}[${StatusName}]</arg>
<doc>Fails if response status code is different than the expected.</doc>
<status status="PASS" start="2026-05-27T20:07:06.689907" elapsed="0.000351"/>
</kw>
<status status="PASS" start="2026-05-27T20:07:06.689367" elapsed="0.001044"/>
</kw>
<kw name="Detach Bearer1 From UE3" owner="addBearerTestsResources" source_name="Detach Bearer${BearerId} From UE${UeId}">
<kw name="Create Session" owner="RequestsLibrary">
<msg time="2026-05-27T20:07:06.691190" level="INFO">Creating Session using : alias=connectSession, url=http://localhost:8000, headers={},                     cookies={}, auth=None, timeout=None, proxies=None, verify=False,                     debug=0 </msg>
<arg>connectSession</arg>
<arg>${BASE_URL}</arg>
<doc>Create Session: create a HTTP session to a server</doc>
<status status="PASS" start="2026-05-27T20:07:06.691071" elapsed="0.000307"/>
</kw>
<kw name="DELETE On Session" owner="RequestsLibrary">
<msg time="2026-05-27T20:07:06.970262" level="INFO">DELETE Request : url=http://localhost:8000/ues/3/bearers/1 
 path_url=/ues/3/bearers/1 
 headers={'User-Agent': 'python-requests/2.33.1', 'Accept-Encoding': 'gzip, deflate, zstd', 'Accept': '*/*', 'Connection': 'keep-alive', 'Content-Length': '0'} 
 body=None 
 </msg>
<msg time="2026-05-27T20:07:06.970330" level="INFO">DELETE Response : url=http://localhost:8000/ues/3/bearers/1 
 status=200, reason=OK 
 headers={'date': 'Wed, 27 May 2026 18:07:05 GMT', 'server': 'uvicorn', 'content-length': '51', 'content-type': 'application/json'} 
 body={"status":"bearer_deleted","ue_id":3,"bearer_id":1} 
 </msg>
<msg time="2026-05-27T20:07:06.970432" level="INFO">${Response} = &lt;Response [200]&gt;</msg>
<var>${Response}</var>
<arg>connectSession</arg>
<arg>/ues/${UeId}/bearers/${BearerId}</arg>
<arg>expected_status=Anything</arg>
<doc>Sends a DELETE request on a previously created HTTP Session.</doc>
<status status="PASS" start="2026-05-27T20:07:06.691552" elapsed="0.278905"/>
</kw>
<kw name="Set Test Variable" owner="BuiltIn">
<msg time="2026-05-27T20:07:06.971105" level="INFO">${RESPONSE} = &lt;Response [200]&gt;</msg>
<arg>${RESPONSE}</arg>
<arg>${Response}</arg>
<doc>Makes a variable available everywhere within the scope of the current test.</doc>
<status status="PASS" start="2026-05-27T20:07:06.970603" elapsed="0.000542"/>
</kw>
<return>
<value>${Response}</value>
<status status="PASS" start="2026-05-27T20:07:06.971192" elapsed="0.000032"/>
</return>
<doc>Detach Bearer with BearerId from UE with UeId</doc>
<status status="PASS" start="2026-05-27T20:07:06.690774" elapsed="0.280538"/>
</kw>
<kw name="Detach UE3 From Network" owner="addBearerTestsResources" type="TEARDOWN" source_name="Detach UE${UeId} From Network">
<kw name="Create Session" owner="RequestsLibrary">
<msg time="2026-05-27T20:07:06.972198" level="INFO">Creating Session using : alias=connectSession, url=http://localhost:8000, headers={},                     cookies={}, auth=None, timeout=None, proxies=None, verify=False,                     debug=0 </msg>
<arg>connectSession</arg>
<arg>${BASE_URL}</arg>
<doc>Create Session: create a HTTP session to a server</doc>
<status status="PASS" start="2026-05-27T20:07:06.972004" elapsed="0.000331"/>
</kw>
<kw name="DELETE On Session" owner="RequestsLibrary">
<msg time="2026-05-27T20:07:07.659430" level="INFO">DELETE Request : url=http://localhost:8000/ues/3 
 path_url=/ues/3 
 headers={'User-Agent': 'python-requests/2.33.1', 'Accept-Encoding': 'gzip, deflate, zstd', 'Accept': '*/*', 'Connection': 'keep-alive', 'Content-Length': '0'} 
 body=None 
 </msg>
<msg time="2026-05-27T20:07:07.659571" level="INFO">DELETE Response : url=http://localhost:8000/ues/3 
 status=200, reason=OK 
 headers={'date': 'Wed, 27 May 2026 18:07:06 GMT', 'server': 'uvicorn', 'content-length': '31', 'content-type': 'application/json'} 
 body={"status":"detached","ue_id":3} 
 </msg>
<msg time="2026-05-27T20:07:07.659762" level="INFO">${Response} = &lt;Response [200]&gt;</msg>
<var>${Response}</var>
<arg>connectSession</arg>
<arg>/ues/${UeId}</arg>
<doc>Sends a DELETE request on a previously created HTTP Session.</doc>
<status status="PASS" start="2026-05-27T20:07:06.972443" elapsed="0.687347"/>
</kw>
<return>
<value>${Response}</value>
<status status="PASS" start="2026-05-27T20:07:07.659855" elapsed="0.000090"/>
</return>
<doc>Detach UE with id UeId from the network.</doc>
<status status="PASS" start="2026-05-27T20:07:06.971644" elapsed="0.688489"/>
</kw>
<doc>Verifies adding a new bearer for a UE</doc>
<status status="PASS" start="2026-05-27T20:07:06.083259" elapsed="1.576991"/>
</test>
<test id="s1-s2-s1-t2" name="TC 2 Add Bearer Outside Valid Range" line="19">
<kw name="Attach UE3 To Network" owner="addBearerTestsResources" type="SETUP" source_name="Attach UE${UeId} To Network">
<kw name="Create Session" owner="RequestsLibrary">
<msg time="2026-05-27T20:07:07.661949" level="INFO">Creating Session using : alias=connectSession, url=http://localhost:8000, headers={},                     cookies={}, auth=None, timeout=None, proxies=None, verify=False,                     debug=0 </msg>
<arg>connectSession</arg>
<arg>${BASE_URL}</arg>
<doc>Create Session: create a HTTP session to a server</doc>
<status status="PASS" start="2026-05-27T20:07:07.661790" elapsed="0.000302"/>
</kw>
<kw name="Create Dictionary" owner="BuiltIn">
<msg time="2026-05-27T20:07:07.662772" level="INFO">${BODY} = {'ue_id': '3'}</msg>
<var>${BODY}</var>
<arg>ue_id=${UeId}</arg>
<doc>Creates and returns a dictionary based on the given ``items``.</doc>
<status status="PASS" start="2026-05-27T20:07:07.662227" elapsed="0.000571"/>
</kw>
<kw name="POST On Session" owner="RequestsLibrary">
<msg time="2026-05-27T20:07:08.116350" level="INFO">POST Request : url=http://localhost:8000/ues 
 path_url=/ues 
 headers={'User-Agent': 'python-requests/2.33.1', 'Accept-Encoding': 'gzip, deflate, zstd', 'Accept': '*/*', 'Connection': 'keep-alive', 'Content-Length': '14', 'Content-Type': 'application/json'} 
 body=b'{"ue_id": "3"}' 
 </msg>
<msg time="2026-05-27T20:07:08.116436" level="INFO">POST Response : url=http://localhost:8000/ues 
 status=200, reason=OK 
 headers={'date': 'Wed, 27 May 2026 18:07:06 GMT', 'server': 'uvicorn', 'content-length': '31', 'content-type': 'application/json'} 
 body={"status":"attached","ue_id":3} 
 </msg>
<msg time="2026-05-27T20:07:08.116622" level="INFO">${Response} = &lt;Response [200]&gt;</msg>
<var>${Response}</var>
<arg>connectSession</arg>
<arg>/ues</arg>
<arg>json=${BODY}</arg>
<doc>Sends a POST request on a previously created HTTP Session.</doc>
<status status="PASS" start="2026-05-27T20:07:07.662909" elapsed="0.453765"/>
</kw>
<kw name="Set Test Variable" owner="BuiltIn">
<msg time="2026-05-27T20:07:08.117231" level="INFO">${UE_ID} = 3</msg>
<arg>${UE_ID}</arg>
<arg>${UeId}</arg>
<doc>Makes a variable available everywhere within the scope of the current test.</doc>
<status status="PASS" start="2026-05-27T20:07:08.116855" elapsed="0.000416"/>
</kw>
<return>
<value>${Response}</value>
<status status="PASS" start="2026-05-27T20:07:08.117322" elapsed="0.000034"/>
</return>
<doc>Attach UE with id UeId to the network.</doc>
<status status="PASS" start="2026-05-27T20:07:07.661311" elapsed="0.456134"/>
</kw>
<kw name="Attach Bearer10 To UE3" owner="addBearerTestsResources" source_name="Attach Bearer${BearerId} To UE${UeId}">
<kw name="Create Session" owner="RequestsLibrary">
<msg time="2026-05-27T20:07:08.118491" level="INFO">Creating Session using : alias=connectSession, url=http://localhost:8000, headers={},                     cookies={}, auth=None, timeout=None, proxies=None, verify=False,                     debug=0 </msg>
<arg>connectSession</arg>
<arg>${BASE_URL}</arg>
<doc>Create Session: create a HTTP session to a server</doc>
<status status="PASS" start="2026-05-27T20:07:08.118328" elapsed="0.000398"/>
</kw>
<kw name="Create Dictionary" owner="BuiltIn">
<msg time="2026-05-27T20:07:08.119285" level="INFO">${BODY} = {'bearer_id': '10'}</msg>
<var>${BODY}</var>
<arg>bearer_id=${BearerId}</arg>
<doc>Creates and returns a dictionary based on the given ``items``.</doc>
<status status="PASS" start="2026-05-27T20:07:08.118873" elapsed="0.000437"/>
</kw>
<kw name="POST On Session" owner="RequestsLibrary">
<msg time="2026-05-27T20:07:08.123863" level="INFO">POST Request : url=http://localhost:8000/ues/3/bearers 
 path_url=/ues/3/bearers 
 headers={'User-Agent': 'python-requests/2.33.1', 'Accept-Encoding': 'gzip, deflate, zstd', 'Accept': '*/*', 'Connection': 'keep-alive', 'Content-Length': '19', 'Content-Type': 'application/json'} 
 body=b'{"bearer_id": "10"}' 
 </msg>
<msg time="2026-05-27T20:07:08.123999" level="INFO">POST Response : url=http://localhost:8000/ues/3/bearers 
 status=422, reason=Unprocessable Entity 
 headers={'date': 'Wed, 27 May 2026 18:07:07 GMT', 'server': 'uvicorn', 'content-length': '142', 'content-type': 'application/json'} 
 body={"detail":[{"type":"less_than_equal","loc":["body","bearer_id"],"msg":"Input should be less than or equal to 9","input":"10","ctx":{"le":9}}]} 
 </msg>
<msg time="2026-05-27T20:07:08.124187" level="INFO">${Response} = &lt;Response [422]&gt;</msg>
<var>${Response}</var>
<arg>connectSession</arg>
<arg>/ues/${UeId}/bearers</arg>
<arg>json=${BODY}</arg>
<arg>expected_status=Anything</arg>
<doc>Sends a POST request on a previously created HTTP Session.</doc>
<status status="PASS" start="2026-05-27T20:07:08.119422" elapsed="0.004802"/>
</kw>
<kw name="Set Test Variable" owner="BuiltIn">
<msg time="2026-05-27T20:07:08.124944" level="INFO">${BEARER_ID} = 10</msg>
<arg>${BEARER_ID}</arg>
<arg>${BearerId}</arg>
<doc>Makes a variable available everywhere within the scope of the current test.</doc>
<status status="PASS" start="2026-05-27T20:07:08.124462" elapsed="0.000533"/>
</kw>
<kw name="Set Test Variable" owner="BuiltIn">
<msg time="2026-05-27T20:07:08.125448" level="INFO">${RESPONSE} = &lt;Response [422]&gt;</msg>
<arg>${RESPONSE}</arg>
<arg>${Response}</arg>
<doc>Makes a variable available everywhere within the scope of the current test.</doc>
<status status="PASS" start="2026-05-27T20:07:08.125138" elapsed="0.000359"/>
</kw>
<return>
<value>${Response}</value>
<status status="PASS" start="2026-05-27T20:07:08.125549" elapsed="0.000055"/>
</return>
<doc>Attach Bearer with BearerId to UE with UeId.</doc>
<status status="PASS" start="2026-05-27T20:07:08.117898" elapsed="0.007943"/>
</kw>
<kw name="Verify If Response Is Validation Error" owner="addBearerTestsResources" source_name="Verify If Response Is ${StatusName}">
<kw name="Status Should Be" owner="RequestsLibrary">
<arg>${STATUS_NAMES}[${StatusName}]</arg>
<doc>Fails if response status code is different than the expected.</doc>
<status status="PASS" start="2026-05-27T20:07:08.126793" elapsed="0.000235"/>
</kw>
<status status="PASS" start="2026-05-27T20:07:08.126273" elapsed="0.000852"/>
</kw>
<kw name="Verify If Response Message Is &quot;Input should be less than or equal to 9&quot;" owner="addBearerTestsResources" source_name="Verify If Response ${ArgName} Is &quot;${ArgValue}&quot;">
<variable name="${ArgName}">
<msg time="2026-05-27T20:07:08.129104" level="INFO">${ArgName} = msg</msg>
<var>${RESPONSE_NAMES_MAP}[${ArgName}]</var>
<status status="PASS" start="2026-05-27T20:07:08.128694" elapsed="0.000484"/>
</variable>
<variable name="${Response}">
<msg time="2026-05-27T20:07:08.130419" level="INFO">${Response} = {'detail': [{'type': 'less_than_equal', 'loc': ['body', 'bearer_id'], 'msg': 'Input should be less than or equal to 9', 'input': '10', 'ctx': {'le': 9}}]}</msg>
<var>${RESPONSE.json()}</var>
<status status="PASS" start="2026-05-27T20:07:08.129314" elapsed="0.001161"/>
</variable>
<if>
<branch type="IF" condition="&quot;${ArgName}&quot; == &quot;msg&quot;">
<kw name="Log To Console" owner="BuiltIn">
<arg>${Response}[detail][0][${ArgName}]</arg>
<doc>Logs the given message to the console.</doc>
<status status="PASS" start="2026-05-27T20:07:08.131007" elapsed="0.000452"/>
</kw>
<kw name="Should Be Equal" owner="BuiltIn">
<arg>${Response}[detail][0][${ArgName}]</arg>
<arg>${ArgValue}</arg>
<arg>ignore_case=True</arg>
<doc>Fails if the given objects are unequal.</doc>
<status status="PASS" start="2026-05-27T20:07:08.131764" elapsed="0.000374"/>
</kw>
<status status="PASS" start="2026-05-27T20:07:08.130614" elapsed="0.001572"/>
</branch>
<branch type="ELSE IF" condition="&quot;${ArgName}&quot; == &quot;loc&quot;">
<kw name="Log To Console" owner="BuiltIn">
<arg>${Response}[detail][0][${ArgName}][1]</arg>
<doc>Logs the given message to the console.</doc>
<status status="NOT RUN" start="2026-05-27T20:07:08.132339" elapsed="0.000020"/>
</kw>
<kw name="Should Be Equal" owner="BuiltIn">
<arg>${Response}[detail][0][${ArgName}][1]</arg>
<arg>${ArgValue}</arg>
<arg>ignore_case=True</arg>
<doc>Fails if the given objects are unequal.</doc>
<status status="NOT RUN" start="2026-05-27T20:07:08.132460" elapsed="0.000019"/>
</kw>
<status status="NOT RUN" start="2026-05-27T20:07:08.132223" elapsed="0.000294"/>
</branch>
<branch type="ELSE">
<kw name="Log To Console" owner="BuiltIn">
<arg>${Response}</arg>
<doc>Logs the given message to the console.</doc>
<status status="NOT RUN" start="2026-05-27T20:07:08.132636" elapsed="0.000018"/>
</kw>
<kw name="Should Be Equal" owner="BuiltIn">
<arg>${Response}[${ArgName}]</arg>
<arg>${ArgValue}</arg>
<arg>ignore_case=True</arg>
<doc>Fails if the given objects are unequal.</doc>
<status status="NOT RUN" start="2026-05-27T20:07:08.132898" elapsed="0.000025"/>
</kw>
<status status="NOT RUN" start="2026-05-27T20:07:08.132543" elapsed="0.000417"/>
</branch>
<status status="PASS" start="2026-05-27T20:07:08.130579" elapsed="0.002402"/>
</if>
<status status="PASS" start="2026-05-27T20:07:08.127803" elapsed="0.005232"/>
</kw>
<kw name="Attach Bearer0 To UE3" owner="addBearerTestsResources" source_name="Attach Bearer${BearerId} To UE${UeId}">
<kw name="Create Session" owner="RequestsLibrary">
<msg time="2026-05-27T20:07:08.133661" level="INFO">Creating Session using : alias=connectSession, url=http://localhost:8000, headers={},                     cookies={}, auth=None, timeout=None, proxies=None, verify=False,                     debug=0 </msg>
<arg>connectSession</arg>
<arg>${BASE_URL}</arg>
<doc>Create Session: create a HTTP session to a server</doc>
<status status="PASS" start="2026-05-27T20:07:08.133545" elapsed="0.000359"/>
</kw>
<kw name="Create Dictionary" owner="BuiltIn">
<msg time="2026-05-27T20:07:08.134358" level="INFO">${BODY} = {'bearer_id': '0'}</msg>
<var>${BODY}</var>
<arg>bearer_id=${BearerId}</arg>
<doc>Creates and returns a dictionary based on the given ``items``.</doc>
<status status="PASS" start="2026-05-27T20:07:08.134032" elapsed="0.000351"/>
</kw>
<kw name="POST On Session" owner="RequestsLibrary">
<msg time="2026-05-27T20:07:08.138557" level="INFO">POST Request : url=http://localhost:8000/ues/3/bearers 
 path_url=/ues/3/bearers 
 headers={'User-Agent': 'python-requests/2.33.1', 'Accept-Encoding': 'gzip, deflate, zstd', 'Accept': '*/*', 'Connection': 'keep-alive', 'Content-Length': '18', 'Content-Type': 'application/json'} 
 body=b'{"bearer_id": "0"}' 
 </msg>
<msg time="2026-05-27T20:07:08.138636" level="INFO">POST Response : url=http://localhost:8000/ues/3/bearers 
 status=422, reason=Unprocessable Entity 
 headers={'date': 'Wed, 27 May 2026 18:07:07 GMT', 'server': 'uvicorn', 'content-length': '147', 'content-type': 'application/json'} 
 body={"detail":[{"type":"greater_than_equal","loc":["body","bearer_id"],"msg":"Input should be greater than or equal to 1","input":"0","ctx":{"ge":1}}]} 
 </msg>
<msg time="2026-05-27T20:07:08.138809" level="INFO">${Response} = &lt;Response [422]&gt;</msg>
<var>${Response}</var>
<arg>connectSession</arg>
<arg>/ues/${UeId}/bearers</arg>
<arg>json=${BODY}</arg>
<arg>expected_status=Anything</arg>
<doc>Sends a POST request on a previously created HTTP Session.</doc>
<status status="PASS" start="2026-05-27T20:07:08.134486" elapsed="0.004347"/>
</kw>
<kw name="Set Test Variable" owner="BuiltIn">
<msg time="2026-05-27T20:07:08.139598" level="INFO">${BEARER_ID} = 0</msg>
<arg>${BEARER_ID}</arg>
<arg>${BearerId}</arg>
<doc>Makes a variable available everywhere within the scope of the current test.</doc>
<status status="PASS" start="2026-05-27T20:07:08.138972" elapsed="0.000684"/>
</kw>
<kw name="Set Test Variable" owner="BuiltIn">
<msg time="2026-05-27T20:07:08.140317" level="INFO">${RESPONSE} = &lt;Response [422]&gt;</msg>
<arg>${RESPONSE}</arg>
<arg>${Response}</arg>
<doc>Makes a variable available everywhere within the scope of the current test.</doc>
<status status="PASS" start="2026-05-27T20:07:08.139895" elapsed="0.000478"/>
</kw>
<return>
<value>${Response}</value>
<status status="PASS" start="2026-05-27T20:07:08.140450" elapsed="0.000042"/>
</return>
<doc>Attach Bearer with BearerId to UE with UeId.</doc>
<status status="PASS" start="2026-05-27T20:07:08.133280" elapsed="0.007346"/>
</kw>
<kw name="Verify If Response Is Validation Error" owner="addBearerTestsResources" source_name="Verify If Response Is ${StatusName}">
<kw name="Status Should Be" owner="RequestsLibrary">
<arg>${STATUS_NAMES}[${StatusName}]</arg>
<doc>Fails if response status code is different than the expected.</doc>
<status status="PASS" start="2026-05-27T20:07:08.141462" elapsed="0.000268"/>
</kw>
<status status="PASS" start="2026-05-27T20:07:08.140989" elapsed="0.001025"/>
</kw>
<kw name="Verify If Response Message Is &quot;Input should be greater than or equal to 1&quot;" owner="addBearerTestsResources" source_name="Verify If Response ${ArgName} Is &quot;${ArgValue}&quot;">
<variable name="${ArgName}">
<msg time="2026-05-27T20:07:08.143766" level="INFO">${ArgName} = msg</msg>
<var>${RESPONSE_NAMES_MAP}[${ArgName}]</var>
<status status="PASS" start="2026-05-27T20:07:08.143433" elapsed="0.000413"/>
</variable>
<variable name="${Response}">
<msg time="2026-05-27T20:07:08.145236" level="INFO">${Response} = {'detail': [{'type': 'greater_than_equal', 'loc': ['body', 'bearer_id'], 'msg': 'Input should be greater than or equal to 1', 'input': '0', 'ctx': {'ge': 1}}]}</msg>
<var>${RESPONSE.json()}</var>
<status status="PASS" start="2026-05-27T20:07:08.144016" elapsed="0.001287"/>
</variable>
<if>
<branch type="IF" condition="&quot;${ArgName}&quot; == &quot;msg&quot;">
<kw name="Log To Console" owner="BuiltIn">
<arg>${Response}[detail][0][${ArgName}]</arg>
<doc>Logs the given message to the console.</doc>
<status status="PASS" start="2026-05-27T20:07:08.145831" elapsed="0.000534"/>
</kw>
<kw name="Should Be Equal" owner="BuiltIn">
<arg>${Response}[detail][0][${ArgName}]</arg>
<arg>${ArgValue}</arg>
<arg>ignore_case=True</arg>
<doc>Fails if the given objects are unequal.</doc>
<status status="PASS" start="2026-05-27T20:07:08.146562" elapsed="0.000482"/>
</kw>
<status status="PASS" start="2026-05-27T20:07:08.145437" elapsed="0.001654"/>
</branch>
<branch type="ELSE IF" condition="&quot;${ArgName}&quot; == &quot;loc&quot;">
<kw name="Log To Console" owner="BuiltIn">
<arg>${Response}[detail][0][${ArgName}][1]</arg>
<doc>Logs the given message to the console.</doc>
<status status="NOT RUN" start="2026-05-27T20:07:08.147265" elapsed="0.000021"/>
</kw>
<kw name="Should Be Equal" owner="BuiltIn">
<arg>${Response}[detail][0][${ArgName}][1]</arg>
<arg>${ArgValue}</arg>
<arg>ignore_case=True</arg>
<doc>Fails if the given objects are unequal.</doc>
<status status="NOT RUN" start="2026-05-27T20:07:08.147394" elapsed="0.000019"/>
</kw>
<status status="NOT RUN" start="2026-05-27T20:07:08.147125" elapsed="0.000317"/>
</branch>
<branch type="ELSE">
<kw name="Log To Console" owner="BuiltIn">
<arg>${Response}</arg>
<doc>Logs the given message to the console.</doc>
<status status="NOT RUN" start="2026-05-27T20:07:08.147559" elapsed="0.000016"/>
</kw>
<kw name="Should Be Equal" owner="BuiltIn">
<arg>${Response}[${ArgName}]</arg>
<arg>${ArgValue}</arg>
<arg>ignore_case=True</arg>
<doc>Fails if the given objects are unequal.</doc>
<status status="NOT RUN" start="2026-05-27T20:07:08.147661" elapsed="0.000086"/>
</kw>
<status status="NOT RUN" start="2026-05-27T20:07:08.147466" elapsed="0.000313"/>
</branch>
<status status="PASS" start="2026-05-27T20:07:08.145406" elapsed="0.002409"/>
</if>
<status status="PASS" start="2026-05-27T20:07:08.142586" elapsed="0.005298"/>
</kw>
<kw name="Detach UE3 From Network" owner="addBearerTestsResources" type="TEARDOWN" source_name="Detach UE${UeId} From Network">
<kw name="Create Session" owner="RequestsLibrary">
<msg time="2026-05-27T20:07:08.148747" level="INFO">Creating Session using : alias=connectSession, url=http://localhost:8000, headers={},                     cookies={}, auth=None, timeout=None, proxies=None, verify=False,                     debug=0 </msg>
<arg>connectSession</arg>
<arg>${BASE_URL}</arg>
<doc>Create Session: create a HTTP session to a server</doc>
<status status="PASS" start="2026-05-27T20:07:08.148539" elapsed="0.000374"/>
</kw>
<kw name="DELETE On Session" owner="RequestsLibrary">
<msg time="2026-05-27T20:07:08.382137" level="INFO">DELETE Request : url=http://localhost:8000/ues/3 
 path_url=/ues/3 
 headers={'User-Agent': 'python-requests/2.33.1', 'Accept-Encoding': 'gzip, deflate, zstd', 'Accept': '*/*', 'Connection': 'keep-alive', 'Content-Length': '0'} 
 body=None 
 </msg>
<msg time="2026-05-27T20:07:08.382253" level="INFO">DELETE Response : url=http://localhost:8000/ues/3 
 status=200, reason=OK 
 headers={'date': 'Wed, 27 May 2026 18:07:07 GMT', 'server': 'uvicorn', 'content-length': '31', 'content-type': 'application/json'} 
 body={"status":"detached","ue_id":3} 
 </msg>
<msg time="2026-05-27T20:07:08.382423" level="INFO">${Response} = &lt;Response [200]&gt;</msg>
<var>${Response}</var>
<arg>connectSession</arg>
<arg>/ues/${UeId}</arg>
<doc>Sends a DELETE request on a previously created HTTP Session.</doc>
<status status="PASS" start="2026-05-27T20:07:08.149047" elapsed="0.233415"/>
</kw>
<return>
<value>${Response}</value>
<status status="PASS" start="2026-05-27T20:07:08.382554" elapsed="0.000048"/>
</return>
<doc>Detach UE with id UeId from the network.</doc>
<status status="PASS" start="2026-05-27T20:07:08.148218" elapsed="0.234629"/>
</kw>
<doc>Attempts to attach bearers with IDs outside valid range of 1-9</doc>
<status status="PASS" start="2026-05-27T20:07:07.660622" elapsed="0.722427"/>
</test>
<test id="s1-s2-s1-t3" name="TC 3 Add Already Attached Bearer" line="31">
<kw name="Attach UE3 To Network" owner="addBearerTestsResources" type="SETUP" source_name="Attach UE${UeId} To Network">
<kw name="Create Session" owner="RequestsLibrary">
[...]
<status status="PASS" start="2026-05-27T20:08:22.596602" elapsed="0.236416"/>
</kw>
<kw name="Status Should Be" owner="RequestsLibrary">
<arg>200</arg>
<arg>${resp}</arg>
<doc>Fails if response status code is different than the expected.</doc>
<status status="PASS" start="2026-05-27T20:08:22.833155" elapsed="0.000185"/>
</kw>
<status status="PASS" start="2026-05-27T20:08:22.596194" elapsed="0.237253"/>
</kw>
<kw name="Attach UE To Network" owner="SetupTeardownWithArguments">
<kw name="Create Session" owner="RequestsLibrary">
<msg time="2026-05-27T20:08:22.834629" level="INFO">Creating Session using : alias=connectSession, url=http://localhost:8000, headers={},                     cookies={}, auth=None, timeout=None, proxies=None, verify=False,                     debug=0 </msg>
<arg>connectSession</arg>
<arg>${BASE_URL}</arg>
<doc>Create Session: create a HTTP session to a server</doc>
<status status="PASS" start="2026-05-27T20:08:22.834389" elapsed="0.000455"/>
</kw>
<kw name="Create Dictionary" owner="BuiltIn">
<msg time="2026-05-27T20:08:22.835397" level="INFO">${BODY} = {'ue_id': '10'}</msg>
<var>${BODY}</var>
<arg>ue_id=${ue_id}</arg>
<doc>Creates and returns a dictionary based on the given ``items``.</doc>
<status status="PASS" start="2026-05-27T20:08:22.834955" elapsed="0.000493"/>
</kw>
<kw name="POST On Session" owner="RequestsLibrary">
<msg time="2026-05-27T20:08:23.091060" level="INFO">POST Request : url=http://localhost:8000/ues 
 path_url=/ues 
 headers={'User-Agent': 'python-requests/2.33.1', 'Accept-Encoding': 'gzip, deflate, zstd', 'Accept': '*/*', 'Connection': 'keep-alive', 'Content-Length': '15', 'Content-Type': 'application/json'} 
 body=b'{"ue_id": "10"}' 
 </msg>
<msg time="2026-05-27T20:08:23.091166" level="INFO">POST Response : url=http://localhost:8000/ues 
 status=200, reason=OK 
 headers={'date': 'Wed, 27 May 2026 18:08:22 GMT', 'server': 'uvicorn', 'content-length': '32', 'content-type': 'application/json'} 
 body={"status":"attached","ue_id":10} 
 </msg>
<msg time="2026-05-27T20:08:23.091318" level="INFO">${RESPONSE} = &lt;Response [200]&gt;</msg>
<var>${RESPONSE}</var>
<arg>connectSession</arg>
<arg>/ues</arg>
<arg>json=${BODY}</arg>
<doc>Sends a POST request on a previously created HTTP Session.</doc>
<status status="PASS" start="2026-05-27T20:08:22.835545" elapsed="0.255809"/>
</kw>
<kw name="Set Test Variable" owner="BuiltIn">
<msg time="2026-05-27T20:08:23.091961" level="INFO">${ue_id} = 10</msg>
<arg>${ue_id}</arg>
<arg>${ue_id}</arg>
<doc>Makes a variable available everywhere within the scope of the current test.</doc>
<status status="PASS" start="2026-05-27T20:08:23.091569" elapsed="0.000432"/>
</kw>
<return>
<value>${RESPONSE}</value>
<status status="PASS" start="2026-05-27T20:08:23.092051" elapsed="0.000034"/>
</return>
<arg>${UE_ID}</arg>
<doc>Attach UE with id UeId to the network.</doc>
<status status="PASS" start="2026-05-27T20:08:22.833860" elapsed="0.258316"/>
</kw>
<kw name="Run Keyword And Expect Error" owner="BuiltIn">
<kw name="Stop Traffic On Bearer" owner="SetupTeardownWithArguments">
<kw name="Create Session" owner="RequestsLibrary">
<msg time="2026-05-27T20:08:23.093463" level="INFO">Creating Session using : alias=connectSession, url=http://localhost:8000, headers={},                     cookies={}, auth=None, timeout=None, proxies=None, verify=False,                     debug=0 </msg>
<arg>connectSession</arg>
<arg>${BASE_URL}</arg>
<arg>disable_warnings=True</arg>
<doc>Create Session: create a HTTP session to a server</doc>
<status status="PASS" start="2026-05-27T20:08:23.093236" elapsed="0.000466"/>
</kw>
<kw name="DELETE On Session" owner="RequestsLibrary">
<msg time="2026-05-27T20:08:23.099240" level="INFO">DELETE Request : url=http://localhost:8000/ues/10/bearers/-1/traffic 
 path_url=/ues/10/bearers/-1/traffic 
 headers={'User-Agent': 'python-requests/2.33.1', 'Accept-Encoding': 'gzip, deflate, zstd', 'Accept': '*/*', 'Connection': 'keep-alive', 'Content-Length': '0'} 
 body=None 
 </msg>
<msg time="2026-05-27T20:08:23.099353" level="INFO">DELETE Response : url=http://localhost:8000/ues/10/bearers/-1/traffic 
 status=400, reason=Bad Request 
 headers={'date': 'Wed, 27 May 2026 18:08:22 GMT', 'server': 'uvicorn', 'content-length': '29', 'content-type': 'application/json'} 
 body={"detail":"Bearer not found"} 
 </msg>
<msg time="2026-05-27T20:08:23.099527" level="FAIL">HTTPError: 400 Client Error: Bad Request for url: http://localhost:8000/ues/10/bearers/-1/traffic</msg>
<var>${RESPONSE}</var>
<arg>connectSession</arg>
<arg>/ues/${ue_id}/bearers/${bearer_id}/traffic</arg>
<doc>Sends a DELETE request on a previously created HTTP Session.</doc>
<status status="FAIL" start="2026-05-27T20:08:23.094040" elapsed="0.006173">HTTPError: 400 Client Error: Bad Request for url: http://localhost:8000/ues/10/bearers/-1/traffic</status>
</kw>
<return>
<value>${RESPONSE}</value>
<status status="NOT RUN" start="2026-05-27T20:08:23.100300" elapsed="0.000022"/>
</return>
<arg>${UE_ID}</arg>
<arg>-1</arg>
<doc>Stop traffic on specific bearer for UE</doc>
<status status="FAIL" start="2026-05-27T20:08:23.092704" elapsed="0.007722">HTTPError: 400 Client Error: Bad Request for url: http://localhost:8000/ues/10/bearers/-1/traffic</status>
</kw>
<arg>*</arg>
<arg>Stop Traffic On Bearer</arg>
<arg>${UE_ID}</arg>
<arg>-1</arg>
<doc>Runs the keyword and checks that the expected error occurred.</doc>
<status status="PASS" start="2026-05-27T20:08:23.092329" elapsed="0.008225"/>
</kw>
<doc>Test to check if possible to stop transfer on negative Berer ID</doc>
<tag>Negative_Test</tag>
<tag>Stop_Transfer</tag>
<status status="PASS" start="2026-05-27T20:08:22.595161" elapsed="0.505679"/>
</test>
<test id="s1-s8-s2-t10" name="TC_5 10_Stop Transfer On Default Bearer 9" line="125">
<kw name="Reset Simulator" owner="SetupTeardownWithArguments">
<kw name="POST" owner="RequestsLibrary">
<msg time="2026-05-27T20:08:23.439316" level="INFO">POST Request : url=http://localhost:8000/reset 
 path_url=/reset 
 headers={'User-Agent': 'python-requests/2.33.1', 'Accept-Encoding': 'gzip, deflate, zstd', 'Accept': '*/*', 'Connection': 'keep-alive', 'Content-Length': '0'} 
 body=None 
 </msg>
<msg time="2026-05-27T20:08:23.439400" level="INFO">POST Response : url=http://localhost:8000/reset 
 status=200, reason=OK 
 headers={'date': 'Wed, 27 May 2026 18:08:22 GMT', 'server': 'uvicorn', 'content-length': '18', 'content-type': 'application/json'} 
 body={"status":"reset"} 
 </msg>
<msg time="2026-05-27T20:08:23.439536" level="INFO">${resp} = &lt;Response [200]&gt;</msg>
<var>${resp}</var>
<arg>${BASE_URL}/reset</arg>
<doc>Sends a POST request.</doc>
<status status="PASS" start="2026-05-27T20:08:23.101884" elapsed="0.337687"/>
</kw>
<kw name="Status Should Be" owner="RequestsLibrary">
<arg>200</arg>
<arg>${resp}</arg>
<doc>Fails if response status code is different than the expected.</doc>
<status status="PASS" start="2026-05-27T20:08:23.439815" elapsed="0.000257"/>
</kw>
<status status="PASS" start="2026-05-27T20:08:23.101549" elapsed="0.338582"/>
</kw>
<kw name="Attach UE To Network" owner="SetupTeardownWithArguments">
<kw name="Create Session" owner="RequestsLibrary">
<msg time="2026-05-27T20:08:23.441112" level="INFO">Creating Session using : alias=connectSession, url=http://localhost:8000, headers={},                     cookies={}, auth=None, timeout=None, proxies=None, verify=False,                     debug=0 </msg>
<arg>connectSession</arg>
<arg>${BASE_URL}</arg>
<doc>Create Session: create a HTTP session to a server</doc>
<status status="PASS" start="2026-05-27T20:08:23.440860" elapsed="0.000396"/>
</kw>
<kw name="Create Dictionary" owner="BuiltIn">
<msg time="2026-05-27T20:08:23.441844" level="INFO">${BODY} = {'ue_id': '10'}</msg>
<var>${BODY}</var>
<arg>ue_id=${ue_id}</arg>
<doc>Creates and returns a dictionary based on the given ``items``.</doc>
<status status="PASS" start="2026-05-27T20:08:23.441361" elapsed="0.000509"/>
</kw>
<kw name="POST On Session" owner="RequestsLibrary">
<msg time="2026-05-27T20:08:23.780162" level="INFO">POST Request : url=http://localhost:8000/ues 
 path_url=/ues 
 headers={'User-Agent': 'python-requests/2.33.1', 'Accept-Encoding': 'gzip, deflate, zstd', 'Accept': '*/*', 'Connection': 'keep-alive', 'Content-Length': '15', 'Content-Type': 'application/json'} 
 body=b'{"ue_id": "10"}' 
 </msg>
<msg time="2026-05-27T20:08:23.780249" level="INFO">POST Response : url=http://localhost:8000/ues 
 status=200, reason=OK 
 headers={'date': 'Wed, 27 May 2026 18:08:23 GMT', 'server': 'uvicorn', 'content-length': '32', 'content-type': 'application/json'} 
 body={"status":"attached","ue_id":10} 
 </msg>
<msg time="2026-05-27T20:08:23.780431" level="INFO">${RESPONSE} = &lt;Response [200]&gt;</msg>
<var>${RESPONSE}</var>
<arg>connectSession</arg>
<arg>/ues</arg>
<arg>json=${BODY}</arg>
<doc>Sends a POST request on a previously created HTTP Session.</doc>
<status status="PASS" start="2026-05-27T20:08:23.441962" elapsed="0.338499"/>
</kw>
<kw name="Set Test Variable" owner="BuiltIn">
<msg time="2026-05-27T20:08:23.781031" level="INFO">${ue_id} = 10</msg>
<arg>${ue_id}</arg>
<arg>${ue_id}</arg>
<doc>Makes a variable available everywhere within the scope of the current test.</doc>
<status status="PASS" start="2026-05-27T20:08:23.780600" elapsed="0.000474"/>
</kw>
<return>
<value>${RESPONSE}</value>
<status status="PASS" start="2026-05-27T20:08:23.781121" elapsed="0.000035"/>
</return>
<arg>${UE_ID}</arg>
<doc>Attach UE with id UeId to the network.</doc>
<status status="PASS" start="2026-05-27T20:08:23.440412" elapsed="0.340840"/>
</kw>
<kw name="Start Traffic On Bearer" owner="SetupTeardownWithArguments">
<kw name="Create Session" owner="RequestsLibrary">
<msg time="2026-05-27T20:08:23.782677" level="INFO">Creating Session using : alias=connectSession, url=http://localhost:8000, headers={},                     cookies={}, auth=None, timeout=None, proxies=None, verify=False,                     debug=0 </msg>
<arg>connectSession</arg>
<arg>${BASE_URL}</arg>
<arg>disable_warnings=True</arg>
<doc>Create Session: create a HTTP session to a server</doc>
<status status="PASS" start="2026-05-27T20:08:23.782291" elapsed="0.000627"/>
</kw>
<kw name="Create Dictionary" owner="BuiltIn">
<msg time="2026-05-27T20:08:23.783399" level="INFO">${BODY} = {'protocol': 'tcp', 'Mbps': '50'}</msg>
<var>${BODY}</var>
<arg>protocol=tcp</arg>
<arg>Mbps=${mbps}</arg>
<doc>Creates and returns a dictionary based on the given ``items``.</doc>
<status status="PASS" start="2026-05-27T20:08:23.783062" elapsed="0.000383"/>
</kw>
<kw name="POST On Session" owner="RequestsLibrary">
<msg time="2026-05-27T20:08:23.787945" level="INFO">POST Request : url=http://localhost:8000/ues/10/bearers/9/traffic 
 path_url=/ues/10/bearers/9/traffic 
 headers={'User-Agent': 'python-requests/2.33.1', 'Accept-Encoding': 'gzip, deflate, zstd', 'Accept': '*/*', 'Connection': 'keep-alive', 'Content-Length': '33', 'Content-Type': 'application/json'} 
 body=b'{"protocol": "tcp", "Mbps": "50"}' 
 </msg>
<msg time="2026-05-27T20:08:23.788047" level="INFO">POST Response : url=http://localhost:8000/ues/10/bearers/9/traffic 
 status=422, reason=Unprocessable Entity 
 headers={'date': 'Wed, 27 May 2026 18:08:23 GMT', 'server': 'uvicorn', 'content-length': '217', 'content-type': 'application/json'} 
 body={"detail":[{"type":"missing","loc":["body","kbps"],"msg":"Field required","input":{"protocol":"tcp","Mbps":"50"}},{"type":"missing","loc":["body","bps"],"msg":"Field required","input":{"protocol":"tcp","Mbps":"50"}}]} 
 </msg>
<msg time="2026-05-27T20:08:23.788382" level="FAIL">HTTPError: 422 Client Error: Unprocessable Entity for url: http://localhost:8000/ues/10/bearers/9/traffic</msg>
<var>${RESPONSE}</var>
<arg>connectSession</arg>
<arg>/ues/${ue_id}/bearers/${bearer_id}/traffic</arg>
<arg>json=${BODY}</arg>
<doc>Sends a POST request on a previously created HTTP Session.</doc>
<status status="FAIL" start="2026-05-27T20:08:23.783554" elapsed="0.005614">HTTPError: 422 Client Error: Unprocessable Entity for url: http://localhost:8000/ues/10/bearers/9/traffic</status>
</kw>
<return>
<value>${RESPONSE}</value>
<status status="NOT RUN" start="2026-05-27T20:08:23.789259" elapsed="0.000020"/>
</return>
<arg>${UE_ID}</arg>
<arg>${9}</arg>
<arg>50</arg>
<doc>Start traffic on specific bearer for UE</doc>
<status status="FAIL" start="2026-05-27T20:08:23.781502" elapsed="0.007881">HTTPError: 422 Client Error: Unprocessable Entity for url: http://localhost:8000/ues/10/bearers/9/traffic</status>
</kw>
<kw name="Stop Traffic On Bearer" owner="SetupTeardownWithArguments">
<arg>${UE_ID}</arg>
<arg>${9}</arg>
<doc>Stop traffic on specific bearer for UE</doc>
<status status="NOT RUN" start="2026-05-27T20:08:23.789626" elapsed="0.000026"/>
</kw>
<kw name="Check if transfer is stopped">
<arg>${UE_ID}</arg>
<arg>${9}</arg>
<doc>Keyword to check if transfer is stopped by verifying that tx_bps is not increasing after stop command</doc>
<status status="NOT RUN" start="2026-05-27T20:08:23.789950" elapsed="0.000022"/>
</kw>
<doc>Veryfing if possible to stop transfer on default berer</doc>
<tag>Positive_Test</tag>
<tag>Stop_Transfer</tag>
<status status="FAIL" start="2026-05-27T20:08:23.101081" elapsed="0.689052">HTTPError: 422 Client Error: Unprocessable Entity for url: http://localhost:8000/ues/10/bearers/9/traffic</status>
</test>
<test id="s1-s8-s2-t11" name="TC_5 11_Stop Transfer With Invalid UE ID Out Of Range" line="137">
<kw name="Reset Simulator" owner="SetupTeardownWithArguments">
<kw name="POST" owner="RequestsLibrary">
<msg time="2026-05-27T20:08:24.228381" level="INFO">POST Request : url=http://localhost:8000/reset 
 path_url=/reset 
 headers={'User-Agent': 'python-requests/2.33.1', 'Accept-Encoding': 'gzip, deflate, zstd', 'Accept': '*/*', 'Connection': 'keep-alive', 'Content-Length': '0'} 
 body=None 
 </msg>
<msg time="2026-05-27T20:08:24.228449" level="INFO">POST Response : url=http://localhost:8000/reset 
 status=200, reason=OK 
 headers={'date': 'Wed, 27 May 2026 18:08:23 GMT', 'server': 'uvicorn', 'content-length': '18', 'content-type': 'application/json'} 
 body={"status":"reset"} 
 </msg>
<msg time="2026-05-27T20:08:24.228706" level="INFO">${resp} = &lt;Response [200]&gt;</msg>
<var>${resp}</var>
<arg>${BASE_URL}/reset</arg>
<doc>Sends a POST request.</doc>
<status status="PASS" start="2026-05-27T20:08:23.791272" elapsed="0.437478"/>
</kw>
<kw name="Status Should Be" owner="RequestsLibrary">
<arg>200</arg>
<arg>${resp}</arg>
<doc>Fails if response status code is different than the expected.</doc>
<status status="PASS" start="2026-05-27T20:08:24.228892" elapsed="0.000279"/>
</kw>
<status status="PASS" start="2026-05-27T20:08:23.791029" elapsed="0.438253"/>
</kw>
<kw name="Run Keyword And Expect Error" owner="BuiltIn">
<kw name="Stop Traffic On Bearer" owner="SetupTeardownWithArguments">
<kw name="Create Session" owner="RequestsLibrary">
<msg time="2026-05-27T20:08:24.231302" level="INFO">Creating Session using : alias=connectSession, url=http://localhost:8000, headers={},                     cookies={}, auth=None, timeout=None, proxies=None, verify=False,                     debug=0 </msg>
<arg>connectSession</arg>
<arg>${BASE_URL}</arg>
<arg>disable_warnings=True</arg>
<doc>Create Session: create a HTTP session to a server</doc>
<status status="PASS" start="2026-05-27T20:08:24.231063" elapsed="0.000495"/>
</kw>
<kw name="DELETE On Session" owner="RequestsLibrary">
<msg time="2026-05-27T20:08:24.236848" level="INFO">DELETE Request : url=http://localhost:8000/ues/101/bearers/9/traffic 
 path_url=/ues/101/bearers/9/traffic 
 headers={'User-Agent': 'python-requests/2.33.1', 'Accept-Encoding': 'gzip, deflate, zstd', 'Accept': '*/*', 'Connection': 'keep-alive', 'Content-Length': '0'} 
 body=None 
 </msg>
<msg time="2026-05-27T20:08:24.236965" level="INFO">DELETE Response : url=http://localhost:8000/ues/101/bearers/9/traffic 
 status=400, reason=Bad Request 
 headers={'date': 'Wed, 27 May 2026 18:08:24 GMT', 'server': 'uvicorn', 'content-length': '25', 'content-type': 'application/json'} 
 body={"detail":"UE not found"} 
 </msg>
<msg time="2026-05-27T20:08:24.237101" level="FAIL">HTTPError: 400 Client Error: Bad Request for url: http://localhost:8000/ues/101/bearers/9/traffic</msg>
<var>${RESPONSE}</var>
<arg>connectSession</arg>
<arg>/ues/${ue_id}/bearers/${bearer_id}/traffic</arg>
<doc>Sends a DELETE request on a previously created HTTP Session.</doc>
<status status="FAIL" start="2026-05-27T20:08:24.231663" elapsed="0.006465">HTTPError: 400 Client Error: Bad Request for url: http://localhost:8000/ues/101/bearers/9/traffic</status>
</kw>
<return>
<value>${RESPONSE}</value>
<status status="NOT RUN" start="2026-05-27T20:08:24.238254" elapsed="0.000029"/>
</return>
<arg>${101}</arg>
<arg>${9}</arg>
<doc>Stop traffic on specific bearer for UE</doc>
<status status="FAIL" start="2026-05-27T20:08:24.230091" elapsed="0.008344">HTTPError: 400 Client Error: Bad Request for url: http://localhost:8000/ues/101/bearers/9/traffic</status>
</kw>
<arg>*</arg>
<arg>Stop Traffic On Bearer</arg>
<arg>${101}</arg>
<arg>${9}</arg>
<doc>Runs the keyword and checks that the expected error occurred.</doc>
<status status="PASS" start="2026-05-27T20:08:24.229568" elapsed="0.008997"/>
</kw>
<doc>Test to check if UE_ID out of range  [1-100] will return error</doc>
<tag>Negative_Test</tag>
<tag>Stop_Transfer</tag>
<status status="PASS" start="2026-05-27T20:08:23.790343" elapsed="0.448564"/>
</test>
<status status="FAIL" start="2026-05-27T20:08:15.542809" elapsed="8.696618"/>
</suite>
<status status="FAIL" start="2026-05-27T20:08:01.658971" elapsed="22.581576"/>
</suite>
<status status="FAIL" start="2026-05-27T20:06:59.530127" elapsed="84.712256"/>
</suite>
<statistics>
<total>
<stat pass="42" fail="29" skip="0">All Tests</stat>
</total>
<tag>
<stat pass="8" fail="2" skip="0">Negative_Test</stat>
<stat pass="4" fail="7" skip="0">Positive_Test</stat>
<stat pass="7" fail="3" skip="0">ResetTest</stat>
<stat pass="5" fail="6" skip="0">Stop_Transfer</stat>
</tag>
<suite>
<stat name="ROBOT" id="s1" pass="42" fail="29" skip="0">ROBOT</stat>
<stat name="Attach" id="s1-s1" pass="7" fail="1" skip="0">ROBOT.Attach</stat>
<stat name="AttachTest" id="s1-s1-s1" pass="7" fail="1" skip="0">ROBOT.Attach.AttachTest</stat>
<stat name="BearerAttach" id="s1-s2" pass="5" fail="0" skip="0">ROBOT.BearerAttach</stat>
<stat name="addBearerTest" id="s1-s2-s1" pass="5" fail="0" skip="0">ROBOT.BearerAttach.addBearerTest</stat>
<stat name="BearerDetach" id="s1-s3" pass="5" fail="0" skip="0">ROBOT.BearerDetach</stat>
<stat name="removeBearerTest" id="s1-s3-s1" pass="5" fail="0" skip="0">ROBOT.BearerDetach.removeBearerTest</stat>
<stat name="BearerListing" id="s1-s4" pass="1" fail="0" skip="0">ROBOT.BearerListing</stat>
<stat name="checkActiveBearersTest" id="s1-s4-s1" pass="1" fail="0" skip="0">ROBOT.BearerListing.checkActiveBearersTest</stat>
<stat name="Detach" id="s1-s5" pass="5" fail="0" skip="0">ROBOT.Detach</stat>
<stat name="DetachTest" id="s1-s5-s1" pass="5" fail="0" skip="0">ROBOT.Detach.DetachTest</stat>
<stat name="Robot Framework Example" id="s1-s6" pass="2" fail="0" skip="0">ROBOT.Robot Framework Example</stat>
<stat name="StartAndBeginDataTransfer" id="s1-s7" pass="5" fail="19" skip="0">ROBOT.StartAndBeginDataTransfer</stat>
<stat name="StartAndBeginTransferTest" id="s1-s7-s1" pass="5" fail="19" skip="0">ROBOT.StartAndBeginDataTransfer.StartAndBeginTransferTest</stat>
<stat name="StopDataTransfer-And-Reset" id="s1-s8" pass="12" fail="9" skip="0">ROBOT.StopDataTransfer-And-Reset</stat>
<stat name="ResetSimulation" id="s1-s8-s1" pass="7" fail="3" skip="0">ROBOT.StopDataTransfer-And-Reset.ResetSimulation</stat>
<stat name="StopTransferTest" id="s1-s8-s2" pass="5" fail="6" skip="0">ROBOT.StopDataTransfer-And-Reset.StopTransferTest</stat>
</suite>
</statistics>
<errors>
</errors>
</robot>
